<?xml version="1.0" encoding="UTF-8"?>
<!-- Generated by org.testng.reporters.JUnitXMLReporter -->
<testsuite hostname="VM-HLand-QA01" name="MMVP-Login" tests="3" failures="0" timestamp="26 Apr 2019 04:29:45 GMT" time="1028.099" errors="0">
  <testcase name="TC_6453_6822" time="371.176" classname="com.ssp.regression.insurer.testscripts.US_6453"/>
  <testcase name="TC_6453_8659" time="325.762" classname="com.ssp.regression.insurer.testscripts.US_6453"/>
  <testcase name="TC_6453_8659_01" time="319.318" classname="com.ssp.regression.insurer.testscripts.US_6453"/>
</testsuite> <!-- MMVP-Login -->
