<?xml version="1.0" encoding="UTF-8"?>
<testng-results skipped="0" failed="0" total="1" passed="1">
  <reporter-output>
    <line>
      <![CDATA[&emsp;<div class="test-title"> <strong><font size = "3" color = "#000080">This test case is designed to check availability and functionality of Yes button of Write off difference screen during quote and buy process<small><b><i>[chrome_windows]</b></i></small></font> </strong> </div>&emsp;<div><strong>Steps:</strong></div><!-- Report -->&emsp;]]>
    </line>
    <line>
      <![CDATA[&emsp;<div class="test-title"> <strong><font size = "3" color = "#000080">TC_6453_8659_01 [MMVP-Login]</font> </strong> </div>&emsp;<div><strong>Steps:</strong></div>&emsp;]]>
    </line>
    <line>
      <![CDATA[<div class="test-message">&emsp;<--------------------- Iteration 0 is started -----------------------></div>]]>
    </line>
    <line>
      <![CDATA[<div class="test-event"> <font color="maroon"> <small> &emsp; &emsp;--- 24 Apr 15:17:14 325 - Page URL:: https://ssp-hl-platform-web-sit.ssp-development.com/authgateway/home/login?tenant_id=08d65513-b239-7a30-2994-9d9951f44f05&app_id=4ad08975-4fd7-44f4-98bf-5f5e66ec5435&redirect_url=http:%2f%2flocalhost%2fpure.portal%2fjwtauthprocess.aspx&response_type=code</small> </font> </div>]]>
    </line>
    <line>
      <![CDATA[<div class="test-event"> <font color="maroon"> <small> &emsp; &emsp;--- 24 Apr 15:17:14 327 - <b>0</b> - Page Load Wait: (Sync) - com.ssp.utils.WaitUtils.waitForPageLoad(WaitUtils.java:318)</small> </font> </div>]]>
    </line>
    <line>
      <![CDATA[<div class="test-message">&emsp;Successfully navigated to LoginScreen Page&emsp;</div>]]>
    </line>
    <line>
      <![CDATA[<div class="test-message">&emsp;Value of LoginScreen_Username_fieldLabel: ------->Username</div>]]>
    </line>
    <line>
      <![CDATA[<div class="test-message">&emsp;Value of LoginScreen_Username_id: ------->fldUserName</div>]]>
    </line>
    <line>
      <![CDATA[<div class="test-message">&emsp;Value of LoginScreen_Username_inputType: ------->alphanumeric</div>]]>
    </line>
    <line>
      <![CDATA[<div class="test-message">&emsp;Value of LoginScreen_Username_length: ------->10</div>]]>
    </line>
    <line>
      <![CDATA[<div class="test-message">&emsp;Value of LoginScreen_Username_pathType: ------->css</div>]]>
    </line>
    <line>
      <![CDATA[<div class="test-message">&emsp;Value of LoginScreen_Username_screenShot: ------->false</div>]]>
    </line>
    <line>
      <![CDATA[<div class="test-message">&emsp;Value of LoginScreen_Username_type: ------->textfield</div>]]>
    </line>
    <line>
      <![CDATA[<div class="test-event"> <font color="maroon"> <small> &emsp; &emsp;--- 24 Apr 15:17:15 480 - <b>1</b> - Spinner Load Wait: (Sync) - com.ssp.utils.WaitUtils.waitForSpinner(WaitUtils.java:130)</small> </font> </div>]]>
    </line>
    <line>
      <![CDATA[<div class="test-message">&emsp;Entered text inside Username : admin@redinsurance.com]]>
    </line>
    <line>
      <![CDATA[<div class="test-message">&emsp;Value of LoginScreen_Password_fieldLabel: ------->Password</div>]]>
    </line>
    <line>
      <![CDATA[<div class="test-message">&emsp;Value of LoginScreen_Password_id: ------->fldPassword</div>]]>
    </line>
    <line>
      <![CDATA[<div class="test-message">&emsp;Value of LoginScreen_Password_inputType: ------->alphanumeric</div>]]>
    </line>
    <line>
      <![CDATA[<div class="test-message">&emsp;Value of LoginScreen_Password_length: ------->10</div>]]>
    </line>
    <line>
      <![CDATA[<div class="test-message">&emsp;Value of LoginScreen_Password_pathType: ------->css</div>]]>
    </line>
    <line>
      <![CDATA[<div class="test-message">&emsp;Value of LoginScreen_Password_screenShot: ------->false</div>]]>
    </line>
    <line>
      <![CDATA[<div class="test-message">&emsp;Value of LoginScreen_Password_type: ------->textfield</div>]]>
    </line>
    <line>
      <![CDATA[<div class="test-event"> <font color="maroon"> <small> &emsp; &emsp;--- 24 Apr 15:17:16 937 - <b>1</b> - Spinner Load Wait: (Sync) - com.ssp.utils.WaitUtils.waitForSpinner(WaitUtils.java:130)</small> </font> </div>]]>
    </line>
    <line>
      <![CDATA[<div class="test-message">&emsp;Entered text inside Password : Password@2018]]>
    </line>
    <line>
      <![CDATA[<div class="test-message">&emsp;Value of LoginScreen_SignIn_fieldLabel: ------->SignIn</div>]]>
    </line>
    <line>
      <![CDATA[<div class="test-message">&emsp;Value of LoginScreen_SignIn_id: ------->btnSignIn</div>]]>
    </line>
    <line>
      <![CDATA[<div class="test-message">&emsp;Value of LoginScreen_SignIn_pathType: ------->css</div>]]>
    </line>
    <line>
      <![CDATA[<div class="test-message">&emsp;Value of LoginScreen_SignIn_screenShot: ------->false</div>]]>
    </line>
    <line>
      <![CDATA[<div class="test-message">&emsp;Value of LoginScreen_SignIn_type: ------->buttonJS</div>]]>
    </line>
    <line>
      <![CDATA[<div class="test-event"> <font color="maroon"> <small> &emsp; &emsp;--- 24 Apr 15:17:17 402 - Element is displayed:: [[RemoteWebDriver: chrome on XP (aa57e94ff7404d6d63ddd0f2daa8cb64)] -> css selector: #login_button[type='submit']]</small> </font> </div>]]>
    </line>
    <line>
      <![CDATA[<div class="test-message">&emsp;Click button is performed for SignIn]]>
    </line>
    <line>
      <![CDATA[<div class="test-event"> <font color="maroon"> <small> &emsp; &emsp;--- 24 Apr 15:17:17 906 - Page URL:: https://ssp-hl-platform-web-sit.ssp-development.com/authgateway/home/login?tenant_id=08d65513-b239-7a30-2994-9d9951f44f05&app_id=4ad08975-4fd7-44f4-98bf-5f5e66ec5435&redirect_url=http:%2f%2flocalhost%2fpure.portal%2fjwtauthprocess.aspx&response_type=code</small> </font> </div>]]>
    </line>
    <line>
      <![CDATA[<div class="test-event"> <font color="maroon"> <small> &emsp; &emsp;--- 24 Apr 15:17:17 907 - <b>0</b> - Page Load Wait: (Sync) - com.ssp.utils.WaitUtils.waitForPageLoad(WaitUtils.java:318)</small> </font> </div>]]>
    </line>
    <line>
      <![CDATA[<div class="test-message">&emsp;Successfully navigated to Home Page&emsp;</div>]]>
    </line>
    <line>
      <![CDATA[<div class="test-message">&emsp;Value of Home_ClientMenu_fieldLabel: ------->ClientMenu</div>]]>
    </line>
    <line>
      <![CDATA[<div class="test-message">&emsp;Value of Home_ClientMenu_id: ------->lnkClient</div>]]>
    </line>
    <line>
      <![CDATA[<div class="test-message">&emsp;Value of Home_ClientMenu_pathType: ------->css</div>]]>
    </line>
    <line>
      <![CDATA[<div class="test-message">&emsp;Value of Home_ClientMenu_screenShot: ------->false</div>]]>
    </line>
    <line>
      <![CDATA[<div class="test-message">&emsp;Value of Home_ClientMenu_type: ------->Button</div>]]>
    </line>
    <line>
      <![CDATA[<div class="test-event"> <font color="maroon"> <small> &emsp; &emsp;--- 24 Apr 15:18:16 119 - <b>1</b> - Spinner Load Wait: (Sync) - com.ssp.utils.WaitUtils.waitForSpinner(WaitUtils.java:130)</small> </font> </div>]]>
    </line>
    <line>
      <![CDATA[<div class="test-event"> <font color="maroon"> <small> &emsp; &emsp;--- 24 Apr 15:18:17 283 - <b>1</b> - Spinner Load Wait: (Sync) - com.ssp.utils.WaitUtils.waitForSpinner(WaitUtils.java:130)</small> </font> </div>]]>
    </line>
    <line>
      <![CDATA[<div class="test-message">&emsp;Clicked on button ClientMenu]]>
    </line>
    <line>
      <![CDATA[<div class="test-message">&emsp;Value of Home_NewCoporateclient_fieldLabel: ------->NewCoporateclient</div>]]>
    </line>
    <line>
      <![CDATA[<div class="test-message">&emsp;Value of Home_NewCoporateclient_id: ------->lnkNewCorporateClient</div>]]>
    </line>
    <line>
      <![CDATA[<div class="test-message">&emsp;Value of Home_NewCoporateclient_pathType: ------->css</div>]]>
    </line>
    <line>
      <![CDATA[<div class="test-message">&emsp;Value of Home_NewCoporateclient_screenShot: ------->false</div>]]>
    </line>
    <line>
      <![CDATA[<div class="test-message">&emsp;Value of Home_NewCoporateclient_type: ------->Button</div>]]>
    </line>
    <line>
      <![CDATA[<div class="test-event"> <font color="maroon"> <small> &emsp; &emsp;--- 24 Apr 15:18:18 329 - <b>1</b> - Spinner Load Wait: (Sync) - com.ssp.utils.WaitUtils.waitForSpinner(WaitUtils.java:130)</small> </font> </div>]]>
    </line>
    <line>
      <![CDATA[<div class="test-event"> <font color="maroon"> <small> &emsp; &emsp;--- 24 Apr 15:18:21 590 - <b>1</b> - Spinner Load Wait: (Sync) - com.ssp.utils.WaitUtils.waitForSpinner(WaitUtils.java:130)</small> </font> </div>]]>
    </line>
    <line>
      <![CDATA[<div class="test-message">&emsp;Clicked on button NewCoporateclient]]>
    </line>
    <line>
      <![CDATA[<div class="test-event"> <font color="maroon"> <small> &emsp; &emsp;--- 24 Apr 15:18:21 679 - Page URL:: http://localhost/pure.portal/secure/agent/corporateclientdetails.aspx?mode=add</small> </font> </div>]]>
    </line>
    <line>
      <![CDATA[<div class="test-event"> <font color="maroon"> <small> &emsp; &emsp;--- 24 Apr 15:18:21 680 - <b>0</b> - Page Load Wait: (Sync) - com.ssp.utils.WaitUtils.waitForPageLoad(WaitUtils.java:318)</small> </font> </div>]]>
    </line>
    <line>
      <![CDATA[<div class="test-message">&emsp;Successfully navigated to CorporateClient Page&emsp;</div>]]>
    </line>
    <line>
      <![CDATA[<div class="test-message">&emsp;Value of CorporateClient_CompanyName_fieldLabel: ------->CompanyName</div>]]>
    </line>
    <line>
      <![CDATA[<div class="test-message">&emsp;Value of CorporateClient_CompanyName_id: ------->fldCompanyName</div>]]>
    </line>
    <line>
      <![CDATA[<div class="test-message">&emsp;Value of CorporateClient_CompanyName_inputType: ------->alphanumeric</div>]]>
    </line>
    <line>
      <![CDATA[<div class="test-message">&emsp;Value of CorporateClient_CompanyName_length: ------->10</div>]]>
    </line>
    <line>
      <![CDATA[<div class="test-message">&emsp;Value of CorporateClient_CompanyName_pathType: ------->css</div>]]>
    </line>
    <line>
      <![CDATA[<div class="test-message">&emsp;Value of CorporateClient_CompanyName_screenShot: ------->false</div>]]>
    </line>
    <line>
      <![CDATA[<div class="test-message">&emsp;Value of CorporateClient_CompanyName_type: ------->textfield</div>]]>
    </line>
    <line>
      <![CDATA[<div class="test-event"> <font color="maroon"> <small> &emsp; &emsp;--- 24 Apr 15:18:22 747 - <b>1</b> - Spinner Load Wait: (Sync) - com.ssp.utils.WaitUtils.waitForSpinner(WaitUtils.java:130)</small> </font> </div>]]>
    </line>
    <line>
      <![CDATA[<div class="test-message">&emsp;Entered text inside CompanyName : SSPTestingP]]>
    </line>
    <line>
      <![CDATA[<div class="test-message">&emsp;Value of CorporateClient_BusinessDescription_fieldLabel: ------->BusinessDescription</div>]]>
    </line>
    <line>
      <![CDATA[<div class="test-message">&emsp;Value of CorporateClient_BusinessDescription_id: ------->fldBusinessDescription</div>]]>
    </line>
    <line>
      <![CDATA[<div class="test-message">&emsp;Value of CorporateClient_BusinessDescription_inputType: ------->alphanumeric</div>]]>
    </line>
    <line>
      <![CDATA[<div class="test-message">&emsp;Value of CorporateClient_BusinessDescription_length: ------->10</div>]]>
    </line>
    <line>
      <![CDATA[<div class="test-message">&emsp;Value of CorporateClient_BusinessDescription_pathType: ------->css</div>]]>
    </line>
    <line>
      <![CDATA[<div class="test-message">&emsp;Value of CorporateClient_BusinessDescription_screenShot: ------->false</div>]]>
    </line>
    <line>
      <![CDATA[<div class="test-message">&emsp;Value of CorporateClient_BusinessDescription_type: ------->textfield</div>]]>
    </line>
    <line>
      <![CDATA[<div class="test-event"> <font color="maroon"> <small> &emsp; &emsp;--- 24 Apr 15:18:24 426 - <b>1</b> - Spinner Load Wait: (Sync) - com.ssp.utils.WaitUtils.waitForSpinner(WaitUtils.java:130)</small> </font> </div>]]>
    </line>
    <line>
      <![CDATA[<div class="test-message">&emsp;Entered text inside BusinessDescription : Accounting Company]]>
    </line>
    <line>
      <![CDATA[<div class="test-message">&emsp;Value of CorporateClient_MainContact_fieldLabel: ------->MainContact</div>]]>
    </line>
    <line>
      <![CDATA[<div class="test-message">&emsp;Value of CorporateClient_MainContact_id: ------->fldMainContact</div>]]>
    </line>
    <line>
      <![CDATA[<div class="test-message">&emsp;Value of CorporateClient_MainContact_inputType: ------->alphanumeric</div>]]>
    </line>
    <line>
      <![CDATA[<div class="test-message">&emsp;Value of CorporateClient_MainContact_length: ------->10</div>]]>
    </line>
    <line>
      <![CDATA[<div class="test-message">&emsp;Value of CorporateClient_MainContact_pathType: ------->css</div>]]>
    </line>
    <line>
      <![CDATA[<div class="test-message">&emsp;Value of CorporateClient_MainContact_screenShot: ------->false</div>]]>
    </line>
    <line>
      <![CDATA[<div class="test-message">&emsp;Value of CorporateClient_MainContact_type: ------->textfield</div>]]>
    </line>
    <line>
      <![CDATA[<div class="test-event"> <font color="maroon"> <small> &emsp; &emsp;--- 24 Apr 15:18:25 826 - <b>1</b> - Spinner Load Wait: (Sync) - com.ssp.utils.WaitUtils.waitForSpinner(WaitUtils.java:130)</small> </font> </div>]]>
    </line>
    <line>
      <![CDATA[<div class="test-message">&emsp;Entered text inside MainContact : 1232331233]]>
    </line>
    <line>
      <![CDATA[<div class="test-message">&emsp;Value of CorporateClient_AccountExcecutive_fieldLabel: ------->AccountExcecutive</div>]]>
    </line>
    <line>
      <![CDATA[<div class="test-message">&emsp;Value of CorporateClient_AccountExcecutive_id: ------->drpAccountExcecutive</div>]]>
    </line>
    <line>
      <![CDATA[<div class="test-message">&emsp;Value of CorporateClient_AccountExcecutive_inputType: ------->alphanumeric</div>]]>
    </line>
    <line>
      <![CDATA[<div class="test-message">&emsp;Value of CorporateClient_AccountExcecutive_length: ------->10</div>]]>
    </line>
    <line>
      <![CDATA[<div class="test-message">&emsp;Value of CorporateClient_AccountExcecutive_pathType: ------->css</div>]]>
    </line>
    <line>
      <![CDATA[<div class="test-message">&emsp;Value of CorporateClient_AccountExcecutive_screenShot: ------->false</div>]]>
    </line>
    <line>
      <![CDATA[<div class="test-message">&emsp;Value of CorporateClient_AccountExcecutive_type: ------->select</div>]]>
    </line>
    <line>
      <![CDATA[<div class="test-event"> <font color="maroon"> <small> &emsp; &emsp;--- 24 Apr 15:18:26 506 - Element is displayed:: [[RemoteWebDriver: chrome on XP (aa57e94ff7404d6d63ddd0f2daa8cb64)] -> css selector: #ctl00_cntMainBody_ddlAccountExecutive]</small> </font> </div>]]>
    </line>
    <line>
      <![CDATA[<div class="test-message">&emsp;selected the dropdown AccountExcecutive option : SAM]]>
    </line>
    <line>
      <![CDATA[<div class="test-message">&emsp;Value of CorporateClient_Salutation_fieldLabel: ------->Salutation</div>]]>
    </line>
    <line>
      <![CDATA[<div class="test-message">&emsp;Value of CorporateClient_Salutation_id: ------->fldSalutation</div>]]>
    </line>
    <line>
      <![CDATA[<div class="test-message">&emsp;Value of CorporateClient_Salutation_inputType: ------->alphanumeric</div>]]>
    </line>
    <line>
      <![CDATA[<div class="test-message">&emsp;Value of CorporateClient_Salutation_length: ------->10</div>]]>
    </line>
    <line>
      <![CDATA[<div class="test-message">&emsp;Value of CorporateClient_Salutation_pathType: ------->css</div>]]>
    </line>
    <line>
      <![CDATA[<div class="test-message">&emsp;Value of CorporateClient_Salutation_screenShot: ------->false</div>]]>
    </line>
    <line>
      <![CDATA[<div class="test-message">&emsp;Value of CorporateClient_Salutation_type: ------->textfield</div>]]>
    </line>
    <line>
      <![CDATA[<div class="test-event"> <font color="maroon"> <small> &emsp; &emsp;--- 24 Apr 15:18:27 710 - <b>1</b> - Spinner Load Wait: (Sync) - com.ssp.utils.WaitUtils.waitForSpinner(WaitUtils.java:130)</small> </font> </div>]]>
    </line>
    <line>
      <![CDATA[<div class="test-message">&emsp;Entered text inside Salutation : Corporate]]>
    </line>
    <line>
      <![CDATA[<div class="test-message">&emsp;Value of CorporateClient_ThirdParty_fieldLabel: ------->ThirdParty</div>]]>
    </line>
    <line>
      <![CDATA[<div class="test-message">&emsp;Value of CorporateClient_ThirdParty_id: ------->drpThirdParty</div>]]>
    </line>
    <line>
      <![CDATA[<div class="test-message">&emsp;Value of CorporateClient_ThirdParty_inputType: ------->alphanumeric</div>]]>
    </line>
    <line>
      <![CDATA[<div class="test-message">&emsp;Value of CorporateClient_ThirdParty_length: ------->10</div>]]>
    </line>
    <line>
      <![CDATA[<div class="test-message">&emsp;Value of CorporateClient_ThirdParty_pathType: ------->css</div>]]>
    </line>
    <line>
      <![CDATA[<div class="test-message">&emsp;Value of CorporateClient_ThirdParty_screenShot: ------->false</div>]]>
    </line>
    <line>
      <![CDATA[<div class="test-message">&emsp;Value of CorporateClient_ThirdParty_type: ------->select</div>]]>
    </line>
    <line>
      <![CDATA[<div class="test-event"> <font color="maroon"> <small> &emsp; &emsp;--- 24 Apr 15:18:28 297 - Element is displayed:: [[RemoteWebDriver: chrome on XP (aa57e94ff7404d6d63ddd0f2daa8cb64)] -> css selector: #ctl00_cntMainBody_ddlThirdParty]</small> </font> </div>]]>
    </line>
    <line>
      <![CDATA[<div class="test-message">&emsp;selected the dropdown ThirdParty option : SSP Sub Agent]]>
    </line>
    <line>
      <![CDATA[<div class="test-message">&emsp;Value of CorporateClient_Business_fieldLabel: ------->Business</div>]]>
    </line>
    <line>
      <![CDATA[<div class="test-message">&emsp;Value of CorporateClient_Business_id: ------->drpBusiness</div>]]>
    </line>
    <line>
      <![CDATA[<div class="test-message">&emsp;Value of CorporateClient_Business_inputType: ------->alphanumeric</div>]]>
    </line>
    <line>
      <![CDATA[<div class="test-message">&emsp;Value of CorporateClient_Business_length: ------->10</div>]]>
    </line>
    <line>
      <![CDATA[<div class="test-message">&emsp;Value of CorporateClient_Business_pathType: ------->css</div>]]>
    </line>
    <line>
      <![CDATA[<div class="test-message">&emsp;Value of CorporateClient_Business_screenShot: ------->false</div>]]>
    </line>
    <line>
      <![CDATA[<div class="test-message">&emsp;Value of CorporateClient_Business_type: ------->select</div>]]>
    </line>
    <line>
      <![CDATA[<div class="test-event"> <font color="maroon"> <small> &emsp; &emsp;--- 24 Apr 15:18:28 623 - Element is displayed:: [[RemoteWebDriver: chrome on XP (aa57e94ff7404d6d63ddd0f2daa8cb64)] -> css selector: #ctl00_cntMainBody_GISLookup_Business]</small> </font> </div>]]>
    </line>
    <line>
      <![CDATA[<div class="test-message">&emsp;selected the dropdown Business option : Aerial Erector]]>
    </line>
    <line>
      <![CDATA[<div class="test-message">&emsp;Value of CorporateClient_AltIdentifier_fieldLabel: ------->AltIdentifier</div>]]>
    </line>
    <line>
      <![CDATA[<div class="test-message">&emsp;Value of CorporateClient_AltIdentifier_id: ------->fldAltIdentifier</div>]]>
    </line>
    <line>
      <![CDATA[<div class="test-message">&emsp;Value of CorporateClient_AltIdentifier_inputType: ------->alphanumeric</div>]]>
    </line>
    <line>
      <![CDATA[<div class="test-message">&emsp;Value of CorporateClient_AltIdentifier_length: ------->10</div>]]>
    </line>
    <line>
      <![CDATA[<div class="test-message">&emsp;Value of CorporateClient_AltIdentifier_pathType: ------->css</div>]]>
    </line>
    <line>
      <![CDATA[<div class="test-message">&emsp;Value of CorporateClient_AltIdentifier_screenShot: ------->false</div>]]>
    </line>
    <line>
      <![CDATA[<div class="test-message">&emsp;Value of CorporateClient_AltIdentifier_type: ------->textfield</div>]]>
    </line>
    <line>
      <![CDATA[<div class="test-event"> <font color="maroon"> <small> &emsp; &emsp;--- 24 Apr 15:18:29 834 - <b>1</b> - Spinner Load Wait: (Sync) - com.ssp.utils.WaitUtils.waitForSpinner(WaitUtils.java:130)</small> </font> </div>]]>
    </line>
    <line>
      <![CDATA[<div class="test-message">&emsp;Entered text inside AltIdentifier : SSP001]]>
    </line>
    <line>
      <![CDATA[<div class="test-message">&emsp;Value of CorporateClient_FileCode_fieldLabel: ------->FileCode</div>]]>
    </line>
    <line>
      <![CDATA[<div class="test-message">&emsp;Value of CorporateClient_FileCode_id: ------->fldFileCode</div>]]>
    </line>
    <line>
      <![CDATA[<div class="test-message">&emsp;Value of CorporateClient_FileCode_inputType: ------->alphanumeric</div>]]>
    </line>
    <line>
      <![CDATA[<div class="test-message">&emsp;Value of CorporateClient_FileCode_length: ------->10</div>]]>
    </line>
    <line>
      <![CDATA[<div class="test-message">&emsp;Value of CorporateClient_FileCode_pathType: ------->css</div>]]>
    </line>
    <line>
      <![CDATA[<div class="test-message">&emsp;Value of CorporateClient_FileCode_screenShot: ------->false</div>]]>
    </line>
    <line>
      <![CDATA[<div class="test-message">&emsp;Value of CorporateClient_FileCode_type: ------->textfield</div>]]>
    </line>
    <line>
      <![CDATA[<div class="test-event"> <font color="maroon"> <small> &emsp; &emsp;--- 24 Apr 15:18:31 264 - <b>1</b> - Spinner Load Wait: (Sync) - com.ssp.utils.WaitUtils.waitForSpinner(WaitUtils.java:130)</small> </font> </div>]]>
    </line>
    <line>
      <![CDATA[<div class="test-message">&emsp;Entered text inside FileCode : FC001]]>
    </line>
    <line>
      <![CDATA[<div class="test-message">&emsp;Value of CorporateClient_Prospect_fieldLabel: ------->Prospect</div>]]>
    </line>
    <line>
      <![CDATA[<div class="test-message">&emsp;Value of CorporateClient_Prospect_id: ------->chkProspect</div>]]>
    </line>
    <line>
      <![CDATA[<div class="test-message">&emsp;Value of CorporateClient_Prospect_inputType: ------->alphanumeric</div>]]>
    </line>
    <line>
      <![CDATA[<div class="test-message">&emsp;Value of CorporateClient_Prospect_length: ------->10</div>]]>
    </line>
    <line>
      <![CDATA[<div class="test-message">&emsp;Value of CorporateClient_Prospect_pathType: ------->xpath</div>]]>
    </line>
    <line>
      <![CDATA[<div class="test-message">&emsp;Value of CorporateClient_Prospect_screenShot: ------->true</div>]]>
    </line>
    <line>
      <![CDATA[<div class="test-message">&emsp;Value of CorporateClient_Prospect_type: ------->checkBox</div>]]>
    </line>
    <line>
      <![CDATA[<div class="test-message">&emsp;selected the checkbox : Prospect&emsp;<a href=".\ScreenShot\TC_6453_8659_01_MMVP-Login_1.png" target="_blank" >[ScreenShot]</a></div>]]>
    </line>
    <line>
      <![CDATA[<div class="test-message">&emsp;Value of CorporateClient_AdditionalInformationtab_fieldLabel: ------->AdditionalInformationtab</div>]]>
    </line>
    <line>
      <![CDATA[<div class="test-message">&emsp;Value of CorporateClient_AdditionalInformationtab_id: ------->tabAdditionalInformation</div>]]>
    </line>
    <line>
      <![CDATA[<div class="test-message">&emsp;Value of CorporateClient_AdditionalInformationtab_pathType: ------->css</div>]]>
    </line>
    <line>
      <![CDATA[<div class="test-message">&emsp;Value of CorporateClient_AdditionalInformationtab_screenShot: ------->false</div>]]>
    </line>
    <line>
      <![CDATA[<div class="test-message">&emsp;Value of CorporateClient_AdditionalInformationtab_type: ------->link</div>]]>
    </line>
    <line>
      <![CDATA[<div class="test-event"> <font color="maroon"> <small> &emsp; &emsp;--- 24 Apr 15:18:33 953 - Element is displayed:: [[RemoteWebDriver: chrome on XP (aa57e94ff7404d6d63ddd0f2daa8cb64)] -> css selector: a[href='#tab-editadditionalinformation']]</small> </font> </div>]]>
    </line>
    <line>
      <![CDATA[<div class="test-message">&emsp;Link clicked AdditionalInformationtab : ]]>
    </line>
    <line>
      <![CDATA[<div class="test-message">&emsp;Value of CorporateClient_TurnOvers_fieldLabel: ------->TurnOvers</div>]]>
    </line>
    <line>
      <![CDATA[<div class="test-message">&emsp;Value of CorporateClient_TurnOvers_id: ------->drpTurnOvers</div>]]>
    </line>
    <line>
      <![CDATA[<div class="test-message">&emsp;Value of CorporateClient_TurnOvers_inputType: ------->alphanumeric</div>]]>
    </line>
    <line>
      <![CDATA[<div class="test-message">&emsp;Value of CorporateClient_TurnOvers_length: ------->10</div>]]>
    </line>
    <line>
      <![CDATA[<div class="test-message">&emsp;Value of CorporateClient_TurnOvers_pathType: ------->css</div>]]>
    </line>
    <line>
      <![CDATA[<div class="test-message">&emsp;Value of CorporateClient_TurnOvers_screenShot: ------->true</div>]]>
    </line>
    <line>
      <![CDATA[<div class="test-message">&emsp;Value of CorporateClient_TurnOvers_type: ------->select</div>]]>
    </line>
    <line>
      <![CDATA[<div class="test-event"> <font color="maroon"> <small> &emsp; &emsp;--- 24 Apr 15:18:34 176 - Element is displayed:: [[RemoteWebDriver: chrome on XP (aa57e94ff7404d6d63ddd0f2daa8cb64)] -> css selector: #ctl00_cntMainBody_GISLookup_TurnOver]</small> </font> </div>]]>
    </line>
    <line>
      <![CDATA[<div class="test-message">&emsp;selected the dropdown TurnOvers option : >£100m&emsp;<a href=".\ScreenShot\TC_6453_8659_01_MMVP-Login_2.png" target="_blank" >[ScreenShot]</a></div>]]>
    </line>
    <line>
      <![CDATA[<div class="test-message">&emsp;Value of CorporateClient_enter Financial year_fieldLabel: ------->enter Financial year</div>]]>
    </line>
    <line>
      <![CDATA[<div class="test-message">&emsp;Value of CorporateClient_enter Financial year_id: ------->fldFinancialYear</div>]]>
    </line>
    <line>
      <![CDATA[<div class="test-message">&emsp;Value of CorporateClient_enter Financial year_inputType: ------->alphanumeric</div>]]>
    </line>
    <line>
      <![CDATA[<div class="test-message">&emsp;Value of CorporateClient_enter Financial year_length: ------->10</div>]]>
    </line>
    <line>
      <![CDATA[<div class="test-message">&emsp;Value of CorporateClient_enter Financial year_pathType: ------->css</div>]]>
    </line>
    <line>
      <![CDATA[<div class="test-message">&emsp;Value of CorporateClient_enter Financial year_screenShot: ------->true</div>]]>
    </line>
    <line>
      <![CDATA[<div class="test-message">&emsp;Value of CorporateClient_enter Financial year_type: ------->textfield</div>]]>
    </line>
    <line>
      <![CDATA[<div class="test-event"> <font color="maroon"> <small> &emsp; &emsp;--- 24 Apr 15:18:37 158 - <b>1</b> - Spinner Load Wait: (Sync) - com.ssp.utils.WaitUtils.waitForSpinner(WaitUtils.java:130)</small> </font> </div>]]>
    </line>
    <line>
      <![CDATA[<div class="test-message">&emsp;Entered text inside enter Financial year : 09/01&emsp;<a href=".\ScreenShot\TC_6453_8659_01_MMVP-Login_3.png" target="_blank" >[ScreenShot]</a></div>]]>
    </line>
    <line>
      <![CDATA[<div class="test-message">&emsp;Value of CorporateClient_spinnerWait_fieldLabel: ------->spinnerWait</div>]]>
    </line>
    <line>
      <![CDATA[<div class="test-message">&emsp;Value of CorporateClient_spinnerWait_id: ------->spinner</div>]]>
    </line>
    <line>
      <![CDATA[<div class="test-message">&emsp;Value of CorporateClient_spinnerWait_screenShot: ------->false</div>]]>
    </line>
    <line>
      <![CDATA[<div class="test-message">&emsp;Value of CorporateClient_spinnerWait_type: ------->selectSpinner</div>]]>
    </line>
    <line>
      <![CDATA[<div class="test-event"> <font color="maroon"> <small> &emsp; &emsp;--- 24 Apr 15:18:40 330 - <b>1</b> - Spinner Load Wait: (Sync) - com.ssp.utils.WaitUtils.waitForSpinner(WaitUtils.java:130)</small> </font> </div>]]>
    </line>
    <line>
      <![CDATA[<div class="test-message">&emsp;Value of CorporateClient_AddressesTab_fieldLabel: ------->AddressesTab</div>]]>
    </line>
    <line>
      <![CDATA[<div class="test-message">&emsp;Value of CorporateClient_AddressesTab_id: ------->tabAddresses</div>]]>
    </line>
    <line>
      <![CDATA[<div class="test-message">&emsp;Value of CorporateClient_AddressesTab_pathType: ------->css</div>]]>
    </line>
    <line>
      <![CDATA[<div class="test-message">&emsp;Value of CorporateClient_AddressesTab_screenShot: ------->true</div>]]>
    </line>
    <line>
      <![CDATA[<div class="test-message">&emsp;Value of CorporateClient_AddressesTab_type: ------->link</div>]]>
    </line>
    <line>
      <![CDATA[<div class="test-event"> <font color="maroon"> <small> &emsp; &emsp;--- 24 Apr 15:18:40 478 - Element is displayed:: [[RemoteWebDriver: chrome on XP (aa57e94ff7404d6d63ddd0f2daa8cb64)] -> css selector: a[href='#tab-editaddresses']]</small> </font> </div>]]>
    </line>
    <line>
      <![CDATA[<div class="test-message">&emsp;Link clicked AddressesTab : &emsp;<a href=".\ScreenShot\TC_6453_8659_01_MMVP-Login_4.png" target="_blank" >[ScreenShot]</a></div>]]>
    </line>
    <line>
      <![CDATA[<div class="test-message">&emsp;Value of CorporateClient_Add Address_fieldLabel: ------->Add Address</div>]]>
    </line>
    <line>
      <![CDATA[<div class="test-message">&emsp;Value of CorporateClient_Add Address_id: ------->lnkAddAddress</div>]]>
    </line>
    <line>
      <![CDATA[<div class="test-message">&emsp;Value of CorporateClient_Add Address_pathType: ------->css</div>]]>
    </line>
    <line>
      <![CDATA[<div class="test-message">&emsp;Value of CorporateClient_Add Address_screenShot: ------->false</div>]]>
    </line>
    <line>
      <![CDATA[<div class="test-message">&emsp;Value of CorporateClient_Add Address_type: ------->link</div>]]>
    </line>
    <line>
      <![CDATA[<div class="test-event"> <font color="maroon"> <small> &emsp; &emsp;--- 24 Apr 15:18:41 770 - Element is displayed:: [[RemoteWebDriver: chrome on XP (aa57e94ff7404d6d63ddd0f2daa8cb64)] -> css selector: #ctl00_cntMainBody_Addresses_hypAddress]</small> </font> </div>]]>
    </line>
    <line>
      <![CDATA[<div class="test-message">&emsp;Link clicked Add Address : ]]>
    </line>
    <line>
      <![CDATA[<div class="test-message">&emsp;Value of CorporateClient_spinnerWait_fieldLabel: ------->spinnerWait</div>]]>
    </line>
    <line>
      <![CDATA[<div class="test-message">&emsp;Value of CorporateClient_spinnerWait_id: ------->spinner</div>]]>
    </line>
    <line>
      <![CDATA[<div class="test-message">&emsp;Value of CorporateClient_spinnerWait_screenShot: ------->false</div>]]>
    </line>
    <line>
      <![CDATA[<div class="test-message">&emsp;Value of CorporateClient_spinnerWait_type: ------->selectSpinner</div>]]>
    </line>
    <line>
      <![CDATA[<div class="test-event"> <font color="maroon"> <small> &emsp; &emsp;--- 24 Apr 15:18:42 851 - <b>1</b> - Spinner Load Wait: (Sync) - com.ssp.utils.WaitUtils.waitForSpinner(WaitUtils.java:130)</small> </font> </div>]]>
    </line>
    <line>
      <![CDATA[<div class="test-message">&emsp;Value of CorporateClient_Switch to Iframe_fieldLabel: ------->Switch to Iframe</div>]]>
    </line>
    <line>
      <![CDATA[<div class="test-message">&emsp;Value of CorporateClient_Switch to Iframe_id: ------->iframeIn</div>]]>
    </line>
    <line>
      <![CDATA[<div class="test-message">&emsp;Value of CorporateClient_Switch to Iframe_screenShot: ------->false</div>]]>
    </line>
    <line>
      <![CDATA[<div class="test-message">&emsp;Value of CorporateClient_Switch to Iframe_type: ------->switchIframe</div>]]>
    </line>
    <line>
      <![CDATA[<div class="test-message">&emsp;Value of CorporateClient_AddressType_fieldLabel: ------->AddressType</div>]]>
    </line>
    <line>
      <![CDATA[<div class="test-message">&emsp;Value of CorporateClient_AddressType_id: ------->drpAddressType</div>]]>
    </line>
    <line>
      <![CDATA[<div class="test-message">&emsp;Value of CorporateClient_AddressType_pathType: ------->css</div>]]>
    </line>
    <line>
      <![CDATA[<div class="test-message">&emsp;Value of CorporateClient_AddressType_screenShot: ------->false</div>]]>
    </line>
    <line>
      <![CDATA[<div class="test-message">&emsp;Value of CorporateClient_AddressType_type: ------->select</div>]]>
    </line>
    <line>
      <![CDATA[<div class="test-event"> <font color="maroon"> <small> &emsp; &emsp;--- 24 Apr 15:18:43 064 - Element is displayed:: [[RemoteWebDriver: chrome on XP (aa57e94ff7404d6d63ddd0f2daa8cb64)] -> css selector: #ctl00_cntMainBody_GISLookup_Type]</small> </font> </div>]]>
    </line>
    <line>
      <![CDATA[<div class="test-message">&emsp;selected the dropdown AddressType option : Correspondence Address]]>
    </line>
    <line>
      <![CDATA[<div class="test-message">&emsp;Value of CorporateClient_Street_fieldLabel: ------->Street</div>]]>
    </line>
    <line>
      <![CDATA[<div class="test-message">&emsp;Value of CorporateClient_Street_id: ------->fldStreet</div>]]>
    </line>
    <line>
      <![CDATA[<div class="test-message">&emsp;Value of CorporateClient_Street_pathType: ------->css</div>]]>
    </line>
    <line>
      <![CDATA[<div class="test-message">&emsp;Value of CorporateClient_Street_screenShot: ------->false</div>]]>
    </line>
    <line>
      <![CDATA[<div class="test-message">&emsp;Value of CorporateClient_Street_type: ------->textfield</div>]]>
    </line>
    <line>
      <![CDATA[<div class="test-event"> <font color="maroon"> <small> &emsp; &emsp;--- 24 Apr 15:18:44 177 - <b>1</b> - Spinner Load Wait: (Sync) - com.ssp.utils.WaitUtils.waitForSpinner(WaitUtils.java:130)</small> </font> </div>]]>
    </line>
    <line>
      <![CDATA[<div class="test-message">&emsp;Entered text inside Street : Line 1]]>
    </line>
    <line>
      <![CDATA[<div class="test-message">&emsp;Value of CorporateClient_Postcode_fieldLabel: ------->Postcode</div>]]>
    </line>
    <line>
      <![CDATA[<div class="test-message">&emsp;Value of CorporateClient_Postcode_id: ------->fldPostCode</div>]]>
    </line>
    <line>
      <![CDATA[<div class="test-message">&emsp;Value of CorporateClient_Postcode_pathType: ------->css</div>]]>
    </line>
    <line>
      <![CDATA[<div class="test-message">&emsp;Value of CorporateClient_Postcode_screenShot: ------->false</div>]]>
    </line>
    <line>
      <![CDATA[<div class="test-message">&emsp;Value of CorporateClient_Postcode_type: ------->textfield</div>]]>
    </line>
    <line>
      <![CDATA[<div class="test-event"> <font color="maroon"> <small> &emsp; &emsp;--- 24 Apr 15:18:45 652 - <b>1</b> - Spinner Load Wait: (Sync) - com.ssp.utils.WaitUtils.waitForSpinner(WaitUtils.java:130)</small> </font> </div>]]>
    </line>
    <line>
      <![CDATA[<div class="test-message">&emsp;Entered text inside Postcode : B37 7YE]]>
    </line>
    <line>
      <![CDATA[<div class="test-message">&emsp;Value of CorporateClient_Locality_fieldLabel: ------->Locality</div>]]>
    </line>
    <line>
      <![CDATA[<div class="test-message">&emsp;Value of CorporateClient_Locality_id: ------->fldLocality</div>]]>
    </line>
    <line>
      <![CDATA[<div class="test-message">&emsp;Value of CorporateClient_Locality_pathType: ------->css</div>]]>
    </line>
    <line>
      <![CDATA[<div class="test-message">&emsp;Value of CorporateClient_Locality_screenShot: ------->false</div>]]>
    </line>
    <line>
      <![CDATA[<div class="test-message">&emsp;Value of CorporateClient_Locality_type: ------->textfield</div>]]>
    </line>
    <line>
      <![CDATA[<div class="test-event"> <font color="maroon"> <small> &emsp; &emsp;--- 24 Apr 15:18:47 149 - <b>1</b> - Spinner Load Wait: (Sync) - com.ssp.utils.WaitUtils.waitForSpinner(WaitUtils.java:130)</small> </font> </div>]]>
    </line>
    <line>
      <![CDATA[<div class="test-message">&emsp;Entered text inside Locality : Locality]]>
    </line>
    <line>
      <![CDATA[<div class="test-message">&emsp;Value of CorporateClient_Town_fieldLabel: ------->Town</div>]]>
    </line>
    <line>
      <![CDATA[<div class="test-message">&emsp;Value of CorporateClient_Town_id: ------->fldTown</div>]]>
    </line>
    <line>
      <![CDATA[<div class="test-message">&emsp;Value of CorporateClient_Town_pathType: ------->css</div>]]>
    </line>
    <line>
      <![CDATA[<div class="test-message">&emsp;Value of CorporateClient_Town_screenShot: ------->false</div>]]>
    </line>
    <line>
      <![CDATA[<div class="test-message">&emsp;Value of CorporateClient_Town_type: ------->textfield</div>]]>
    </line>
    <line>
      <![CDATA[<div class="test-event"> <font color="maroon"> <small> &emsp; &emsp;--- 24 Apr 15:18:48 610 - <b>1</b> - Spinner Load Wait: (Sync) - com.ssp.utils.WaitUtils.waitForSpinner(WaitUtils.java:130)</small> </font> </div>]]>
    </line>
    <line>
      <![CDATA[<div class="test-message">&emsp;Entered text inside Town : Town]]>
    </line>
    <line>
      <![CDATA[<div class="test-message">&emsp;Value of CorporateClient_Country_fieldLabel: ------->Country</div>]]>
    </line>
    <line>
      <![CDATA[<div class="test-message">&emsp;Value of CorporateClient_Country_id: ------->drpCountry</div>]]>
    </line>
    <line>
      <![CDATA[<div class="test-message">&emsp;Value of CorporateClient_Country_pathType: ------->css</div>]]>
    </line>
    <line>
      <![CDATA[<div class="test-message">&emsp;Value of CorporateClient_Country_screenShot: ------->true</div>]]>
    </line>
    <line>
      <![CDATA[<div class="test-message">&emsp;Value of CorporateClient_Country_type: ------->select</div>]]>
    </line>
    <line>
      <![CDATA[<div class="test-event"> <font color="maroon"> <small> &emsp; &emsp;--- 24 Apr 15:18:49 136 - Element is displayed:: [[RemoteWebDriver: chrome on XP (aa57e94ff7404d6d63ddd0f2daa8cb64)] -> css selector: select#ctl00_cntMainBody_GISLookup_Country]</small> </font> </div>]]>
    </line>
    <line>
      <![CDATA[<div class="test-message">&emsp;selected the dropdown Country option : United Kingdom&emsp;<a href=".\ScreenShot\TC_6453_8659_01_MMVP-Login_5.png" target="_blank" >[ScreenShot]</a></div>]]>
    </line>
    <line>
      <![CDATA[<div class="test-message">&emsp;Value of CorporateClient_Add button_fieldLabel: ------->Add button</div>]]>
    </line>
    <line>
      <![CDATA[<div class="test-message">&emsp;Value of CorporateClient_Add button_id: ------->btnAddInAddress</div>]]>
    </line>
    <line>
      <![CDATA[<div class="test-message">&emsp;Value of CorporateClient_Add button_pathType: ------->css</div>]]>
    </line>
    <line>
      <![CDATA[<div class="test-message">&emsp;Value of CorporateClient_Add button_screenShot: ------->false</div>]]>
    </line>
    <line>
      <![CDATA[<div class="test-message">&emsp;Value of CorporateClient_Add button_type: ------->buttonJS</div>]]>
    </line>
    <line>
      <![CDATA[<div class="test-event"> <font color="maroon"> <small> &emsp; &emsp;--- 24 Apr 15:18:50 195 - Element is displayed:: [[RemoteWebDriver: chrome on XP (aa57e94ff7404d6d63ddd0f2daa8cb64)] -> css selector: #ctl00_cntMainBody_btnAddAddress]</small> </font> </div>]]>
    </line>
    <line>
      <![CDATA[<div class="test-message">&emsp;Click button is performed for Add button]]>
    </line>
    <line>
      <![CDATA[<div class="test-message">&emsp;Value of CorporateClient_Switch to Iframe_fieldLabel: ------->Switch to Iframe</div>]]>
    </line>
    <line>
      <![CDATA[<div class="test-message">&emsp;Value of CorporateClient_Switch to Iframe_id: ------->iframeOut</div>]]>
    </line>
    <line>
      <![CDATA[<div class="test-message">&emsp;Value of CorporateClient_Switch to Iframe_screenShot: ------->false</div>]]>
    </line>
    <line>
      <![CDATA[<div class="test-message">&emsp;Value of CorporateClient_Switch to Iframe_type: ------->returnIframe</div>]]>
    </line>
    <line>
      <![CDATA[<div class="test-message">&emsp;Value of CorporateClient_ContactsTab_fieldLabel: ------->ContactsTab</div>]]>
    </line>
    <line>
      <![CDATA[<div class="test-message">&emsp;Value of CorporateClient_ContactsTab_id: ------->tabContacts</div>]]>
    </line>
    <line>
      <![CDATA[<div class="test-message">&emsp;Value of CorporateClient_ContactsTab_pathType: ------->css</div>]]>
    </line>
    <line>
      <![CDATA[<div class="test-message">&emsp;Value of CorporateClient_ContactsTab_screenShot: ------->true</div>]]>
    </line>
    <line>
      <![CDATA[<div class="test-message">&emsp;Value of CorporateClient_ContactsTab_type: ------->link</div>]]>
    </line>
    <line>
      <![CDATA[<div class="test-event"> <font color="maroon"> <small> &emsp; &emsp;--- 24 Apr 15:18:50 864 - Element is displayed:: [[RemoteWebDriver: chrome on XP (aa57e94ff7404d6d63ddd0f2daa8cb64)] -> css selector: a[href='#tab-editcontacts']]</small> </font> </div>]]>
    </line>
    <line>
      <![CDATA[<div class="test-message">&emsp;Link clicked ContactsTab : &emsp;<a href=".\ScreenShot\TC_6453_8659_01_MMVP-Login_6.png" target="_blank" >[ScreenShot]</a></div>]]>
    </line>
    <line>
      <![CDATA[<div class="test-message">&emsp;Value of CorporateClient_Add Contact_fieldLabel: ------->Add Contact</div>]]>
    </line>
    <line>
      <![CDATA[<div class="test-message">&emsp;Value of CorporateClient_Add Contact_id: ------->lnkAddContact</div>]]>
    </line>
    <line>
      <![CDATA[<div class="test-message">&emsp;Value of CorporateClient_Add Contact_pathType: ------->css</div>]]>
    </line>
    <line>
      <![CDATA[<div class="test-message">&emsp;Value of CorporateClient_Add Contact_screenShot: ------->true</div>]]>
    </line>
    <line>
      <![CDATA[<div class="test-message">&emsp;Value of CorporateClient_Add Contact_type: ------->link</div>]]>
    </line>
    <line>
      <![CDATA[<div class="test-event"> <font color="maroon"> <small> &emsp; &emsp;--- 24 Apr 15:18:52 071 - Element is displayed:: [[RemoteWebDriver: chrome on XP (aa57e94ff7404d6d63ddd0f2daa8cb64)] -> css selector: #ctl00_cntMainBody_Contact_hypContact]</small> </font> </div>]]>
    </line>
    <line>
      <![CDATA[<div class="test-message">&emsp;Link clicked Add Contact : &emsp;<a href=".\ScreenShot\TC_6453_8659_01_MMVP-Login_7.png" target="_blank" >[ScreenShot]</a></div>]]>
    </line>
    <line>
      <![CDATA[<div class="test-message">&emsp;Value of CorporateClient_spinnerWait_fieldLabel: ------->spinnerWait</div>]]>
    </line>
    <line>
      <![CDATA[<div class="test-message">&emsp;Value of CorporateClient_spinnerWait_id: ------->spinner</div>]]>
    </line>
    <line>
      <![CDATA[<div class="test-message">&emsp;Value of CorporateClient_spinnerWait_screenShot: ------->false</div>]]>
    </line>
    <line>
      <![CDATA[<div class="test-message">&emsp;Value of CorporateClient_spinnerWait_type: ------->selectSpinner</div>]]>
    </line>
    <line>
      <![CDATA[<div class="test-event"> <font color="maroon"> <small> &emsp; &emsp;--- 24 Apr 15:18:54 310 - <b>1</b> - Spinner Load Wait: (Sync) - com.ssp.utils.WaitUtils.waitForSpinner(WaitUtils.java:130)</small> </font> </div>]]>
    </line>
    <line>
      <![CDATA[<div class="test-message">&emsp;Value of CorporateClient_Switch to Iframe_fieldLabel: ------->Switch to Iframe</div>]]>
    </line>
    <line>
      <![CDATA[<div class="test-message">&emsp;Value of CorporateClient_Switch to Iframe_id: ------->iframeIn</div>]]>
    </line>
    <line>
      <![CDATA[<div class="test-message">&emsp;Value of CorporateClient_Switch to Iframe_screenShot: ------->false</div>]]>
    </line>
    <line>
      <![CDATA[<div class="test-message">&emsp;Value of CorporateClient_Switch to Iframe_type: ------->switchIframe</div>]]>
    </line>
    <line>
      <![CDATA[<div class="test-message">&emsp;Value of CorporateClient_ContactType_fieldLabel: ------->ContactType</div>]]>
    </line>
    <line>
      <![CDATA[<div class="test-message">&emsp;Value of CorporateClient_ContactType_id: ------->drpContactType</div>]]>
    </line>
    <line>
      <![CDATA[<div class="test-message">&emsp;Value of CorporateClient_ContactType_pathType: ------->css</div>]]>
    </line>
    <line>
      <![CDATA[<div class="test-message">&emsp;Value of CorporateClient_ContactType_screenShot: ------->true</div>]]>
    </line>
    <line>
      <![CDATA[<div class="test-message">&emsp;Value of CorporateClient_ContactType_type: ------->select</div>]]>
    </line>
    <line>
      <![CDATA[<div class="test-event"> <font color="maroon"> <small> &emsp; &emsp;--- 24 Apr 15:18:54 484 - Element is displayed:: [[RemoteWebDriver: chrome on XP (aa57e94ff7404d6d63ddd0f2daa8cb64)] -> css selector: #ctl00_cntMainBody_GISContactType]</small> </font> </div>]]>
    </line>
    <line>
      <![CDATA[<div class="test-message">&emsp;selected the dropdown ContactType option : Email&emsp;<a href=".\ScreenShot\TC_6453_8659_01_MMVP-Login_8.png" target="_blank" >[ScreenShot]</a></div>]]>
    </line>
    <line>
      <![CDATA[<div class="test-message">&emsp;Value of CorporateClient_Email_fieldLabel: ------->Email</div>]]>
    </line>
    <line>
      <![CDATA[<div class="test-message">&emsp;Value of CorporateClient_Email_id: ------->fldEmail</div>]]>
    </line>
    <line>
      <![CDATA[<div class="test-message">&emsp;Value of CorporateClient_Email_pathType: ------->css</div>]]>
    </line>
    <line>
      <![CDATA[<div class="test-message">&emsp;Value of CorporateClient_Email_screenShot: ------->true</div>]]>
    </line>
    <line>
      <![CDATA[<div class="test-message">&emsp;Value of CorporateClient_Email_type: ------->textfield</div>]]>
    </line>
    <line>
      <![CDATA[<div class="test-event"> <font color="maroon"> <small> &emsp; &emsp;--- 24 Apr 15:18:56 705 - <b>1</b> - Spinner Load Wait: (Sync) - com.ssp.utils.WaitUtils.waitForSpinner(WaitUtils.java:130)</small> </font> </div>]]>
    </line>
    <line>
      <![CDATA[<div class="test-message">&emsp;Entered text inside Email : heartland@s.com&emsp;<a href=".\ScreenShot\TC_6453_8659_01_MMVP-Login_9.png" target="_blank" >[ScreenShot]</a></div>]]>
    </line>
    <line>
      <![CDATA[<div class="test-message">&emsp;Value of CorporateClient_Main_fieldLabel: ------->Main</div>]]>
    </line>
    <line>
      <![CDATA[<div class="test-message">&emsp;Value of CorporateClient_Main_id: ------->chkMain</div>]]>
    </line>
    <line>
      <![CDATA[<div class="test-message">&emsp;Value of CorporateClient_Main_pathType: ------->css</div>]]>
    </line>
    <line>
      <![CDATA[<div class="test-message">&emsp;Value of CorporateClient_Main_screenShot: ------->true</div>]]>
    </line>
    <line>
      <![CDATA[<div class="test-message">&emsp;Value of CorporateClient_Main_type: ------->checkBox</div>]]>
    </line>
    <line>
      <![CDATA[<div class="test-message">&emsp;selected the checkbox : Main&emsp;<a href=".\ScreenShot\TC_6453_8659_01_MMVP-Login_10.png" target="_blank" >[ScreenShot]</a></div>]]>
    </line>
    <line>
      <![CDATA[<div class="test-message">&emsp;Value of CorporateClient_spinnerWait_fieldLabel: ------->spinnerWait</div>]]>
    </line>
    <line>
      <![CDATA[<div class="test-message">&emsp;Value of CorporateClient_spinnerWait_id: ------->spinner</div>]]>
    </line>
    <line>
      <![CDATA[<div class="test-message">&emsp;Value of CorporateClient_spinnerWait_screenShot: ------->false</div>]]>
    </line>
    <line>
      <![CDATA[<div class="test-message">&emsp;Value of CorporateClient_spinnerWait_type: ------->selectSpinner</div>]]>
    </line>
    <line>
      <![CDATA[<div class="test-event"> <font color="maroon"> <small> &emsp; &emsp;--- 24 Apr 15:18:59 991 - <b>1</b> - Spinner Load Wait: (Sync) - com.ssp.utils.WaitUtils.waitForSpinner(WaitUtils.java:130)</small> </font> </div>]]>
    </line>
    <line>
      <![CDATA[<div class="test-message">&emsp;Value of CorporateClient_Add button_fieldLabel: ------->Add button</div>]]>
    </line>
    <line>
      <![CDATA[<div class="test-message">&emsp;Value of CorporateClient_Add button_id: ------->btnAddInContact</div>]]>
    </line>
    <line>
      <![CDATA[<div class="test-message">&emsp;Value of CorporateClient_Add button_pathType: ------->css</div>]]>
    </line>
    <line>
      <![CDATA[<div class="test-message">&emsp;Value of CorporateClient_Add button_screenShot: ------->false</div>]]>
    </line>
    <line>
      <![CDATA[<div class="test-message">&emsp;Value of CorporateClient_Add button_type: ------->Button</div>]]>
    </line>
    <line>
      <![CDATA[<div class="test-event"> <font color="maroon"> <small> &emsp; &emsp;--- 24 Apr 15:19:01 022 - <b>1</b> - Spinner Load Wait: (Sync) - com.ssp.utils.WaitUtils.waitForSpinner(WaitUtils.java:130)</small> </font> </div>]]>
    </line>
    <line>
      <![CDATA[<div class="test-event"> <font color="maroon"> <small> &emsp; &emsp;--- 24 Apr 15:19:02 582 - <b>1</b> - Spinner Load Wait: (Sync) - com.ssp.utils.WaitUtils.waitForSpinner(WaitUtils.java:130)</small> </font> </div>]]>
    </line>
    <line>
      <![CDATA[<div class="test-message">&emsp;Clicked on button Add button]]>
    </line>
    <line>
      <![CDATA[<div class="test-message">&emsp;Value of CorporateClient_Switch to Iframe_fieldLabel: ------->Switch to Iframe</div>]]>
    </line>
    <line>
      <![CDATA[<div class="test-message">&emsp;Value of CorporateClient_Switch to Iframe_id: ------->iframeOut</div>]]>
    </line>
    <line>
      <![CDATA[<div class="test-message">&emsp;Value of CorporateClient_Switch to Iframe_screenShot: ------->false</div>]]>
    </line>
    <line>
      <![CDATA[<div class="test-message">&emsp;Value of CorporateClient_Switch to Iframe_type: ------->returnIframe</div>]]>
    </line>
    <line>
      <![CDATA[<div class="test-message">&emsp;Value of CorporateClient_SubmitButton_fieldLabel: ------->SubmitButton</div>]]>
    </line>
    <line>
      <![CDATA[<div class="test-message">&emsp;Value of CorporateClient_SubmitButton_id: ------->btnSubmit</div>]]>
    </line>
    <line>
      <![CDATA[<div class="test-message">&emsp;Value of CorporateClient_SubmitButton_pathType: ------->css</div>]]>
    </line>
    <line>
      <![CDATA[<div class="test-message">&emsp;Value of CorporateClient_SubmitButton_screenShot: ------->true</div>]]>
    </line>
    <line>
      <![CDATA[<div class="test-message">&emsp;Value of CorporateClient_SubmitButton_type: ------->buttonJS</div>]]>
    </line>
    <line>
      <![CDATA[<div class="test-event"> <font color="maroon"> <small> &emsp; &emsp;--- 24 Apr 15:19:02 740 - Element is displayed:: [[RemoteWebDriver: chrome on XP (aa57e94ff7404d6d63ddd0f2daa8cb64)] -> css selector: #ctl00_cntMainBody_btnSubmit]</small> </font> </div>]]>
    </line>
    <line>
      <![CDATA[<div class="test-message">&emsp;Click button is performed for SubmitButton&emsp;<a href=".\ScreenShot\TC_6453_8659_01_MMVP-Login_11.png" target="_blank" >[ScreenShot]</a></div>]]>
    </line>
    <line>
      <![CDATA[<div class="test-event"> <font color="maroon"> <small> &emsp; &emsp;--- 24 Apr 15:19:11 634 - Page URL:: http://localhost/pure.portal/secure/agent/corporateclientdetails.aspx?partykey=193&code=ssptestingp163</small> </font> </div>]]>
    </line>
    <line>
      <![CDATA[<div class="test-event"> <font color="maroon"> <small> &emsp; &emsp;--- 24 Apr 15:19:11 635 - <b>0</b> - Page Load Wait: (Sync) - com.ssp.utils.WaitUtils.waitForPageLoad(WaitUtils.java:318)</small> </font> </div>]]>
    </line>
    <line>
      <![CDATA[<div class="test-message">&emsp;Successfully navigated to CorporateClient Page&emsp;</div>]]>
    </line>
    <line>
      <![CDATA[<div class="test-message">&emsp;Value of CorporateClient_Client Details_errorMessage: ------->Client details page is not displayed</div>]]>
    </line>
    <line>
      <![CDATA[<div class="test-message">&emsp;Value of CorporateClient_Client Details_fieldLabel: ------->Client Details</div>]]>
    </line>
    <line>
      <![CDATA[<div class="test-message">&emsp;Value of CorporateClient_Client Details_id: ------->txtClientDetails</div>]]>
    </line>
    <line>
      <![CDATA[<div class="test-message">&emsp;Value of CorporateClient_Client Details_pathType: ------->css</div>]]>
    </line>
    <line>
      <![CDATA[<div class="test-message">&emsp;Value of CorporateClient_Client Details_screenShot: ------->true</div>]]>
    </line>
    <line>
      <![CDATA[<div class="test-message">&emsp;Value of CorporateClient_Client Details_type: ------->assertDisplayPositive</div>]]>
    </line>
    <line>
      <![CDATA[<div class="test-message">&emsp;Value of CorporateClient_Client Details_validMessage: ------->Client details page is displayed</div>]]>
    </line>
    <line>
      <![CDATA[<div class="test-event"> <font color="maroon"> <small> &emsp; &emsp;--- 24 Apr 15:19:11 779 - Element is displayed:: [[RemoteWebDriver: chrome on XP (aa57e94ff7404d6d63ddd0f2daa8cb64)] -> css selector: #ctl00_cntMainBody_lblViewClient]</small> </font> </div>]]>
    </line>
    <line>
      <![CDATA[<div class="test-message">&emsp;Client details page is displayed&emsp;<a href=".\ScreenShot\TC_6453_8659_01_MMVP-Login_13.png" target="_blank" >[ScreenShot]</a></div>]]>
    </line>
    <line>
      <![CDATA[<div class="test-message">&emsp;Value of CorporateClient_CompanyName_errorMessage: ------->Corporate Client name is not created</div>]]>
    </line>
    <line>
      <![CDATA[<div class="test-message">&emsp;Value of CorporateClient_CompanyName_fieldLabel: ------->CompanyName</div>]]>
    </line>
    <line>
      <![CDATA[<div class="test-message">&emsp;Value of CorporateClient_CompanyName_id: ------->txtCompanyName</div>]]>
    </line>
    <line>
      <![CDATA[<div class="test-message">&emsp;Value of CorporateClient_CompanyName_pathType: ------->css</div>]]>
    </line>
    <line>
      <![CDATA[<div class="test-message">&emsp;Value of CorporateClient_CompanyName_screenShot: ------->false</div>]]>
    </line>
    <line>
      <![CDATA[<div class="test-message">&emsp;Value of CorporateClient_CompanyName_type: ------->assertGetText</div>]]>
    </line>
    <line>
      <![CDATA[<div class="test-message">&emsp;Value of CorporateClient_CompanyName_validMessage: ------->Corporate Client name is created successfully</div>]]>
    </line>
    <line>
      <![CDATA[<div class="test-event"> <font color="maroon"> <small> &emsp; &emsp;--- 24 Apr 15:19:15 862 - <b>1</b> - Spinner Load Wait: (Sync) - com.ssp.utils.WaitUtils.waitForSpinner(WaitUtils.java:130)</small> </font> </div>]]>
    </line>
    <line>
      <![CDATA[<div class="test-message">&emsp;Corporate Client name is created successfully</div>]]>
    </line>
    <line>
      <![CDATA[<div class="test-message">&emsp;Value of CorporateClient_Company Code_fieldLabel: ------->Company Code</div>]]>
    </line>
    <line>
      <![CDATA[<div class="test-message">&emsp;Value of CorporateClient_Company Code_id: ------->getCompanyCode</div>]]>
    </line>
    <line>
      <![CDATA[<div class="test-message">&emsp;Value of CorporateClient_Company Code_pathType: ------->css</div>]]>
    </line>
    <line>
      <![CDATA[<div class="test-message">&emsp;Value of CorporateClient_Company Code_screenShot: ------->true</div>]]>
    </line>
    <line>
      <![CDATA[<div class="test-message">&emsp;Value of CorporateClient_Company Code_type: ------->dynamicHashMap</div>]]>
    </line>
    <line>
      <![CDATA[<div class="test-message">&emsp;Value Displayed for Company Code : SSPTESTINGP163&emsp;<a href=".\ScreenShot\TC_6453_8659_01_MMVP-Login_14.png" target="_blank" >[ScreenShot]</a></div>]]>
    </line>
    <line>
      <![CDATA[<div class="test-event"> <font color="maroon"> <small> &emsp; &emsp;--- 24 Apr 15:19:17 660 - Page URL:: http://localhost/pure.portal/secure/agent/corporateclientdetails.aspx?partykey=193&code=ssptestingp163</small> </font> </div>]]>
    </line>
    <line>
      <![CDATA[<div class="test-event"> <font color="maroon"> <small> &emsp; &emsp;--- 24 Apr 15:19:17 661 - <b>0</b> - Page Load Wait: (Sync) - com.ssp.utils.WaitUtils.waitForPageLoad(WaitUtils.java:318)</small> </font> </div>]]>
    </line>
    <line>
      <![CDATA[<div class="test-message">&emsp;Successfully navigated to ViewClientDetails Page&emsp;</div>]]>
    </line>
    <line>
      <![CDATA[<div class="test-message">&emsp;Value of ViewClientDetails_SelectProduct_fieldLabel: ------->SelectProduct</div>]]>
    </line>
    <line>
      <![CDATA[<div class="test-message">&emsp;Value of ViewClientDetails_SelectProduct_id: ------->drpSelectProduct</div>]]>
    </line>
    <line>
      <![CDATA[<div class="test-message">&emsp;Value of ViewClientDetails_SelectProduct_pathType: ------->css</div>]]>
    </line>
    <line>
      <![CDATA[<div class="test-message">&emsp;Value of ViewClientDetails_SelectProduct_screenShot: ------->true</div>]]>
    </line>
    <line>
      <![CDATA[<div class="test-message">&emsp;Value of ViewClientDetails_SelectProduct_type: ------->select</div>]]>
    </line>
    <line>
      <![CDATA[<div class="test-event"> <font color="maroon"> <small> &emsp; &emsp;--- 24 Apr 15:19:17 863 - Element is displayed:: [[RemoteWebDriver: chrome on XP (aa57e94ff7404d6d63ddd0f2daa8cb64)] -> css selector: select#ctl00_cntMainBody_ctrlNewQuoteImproved_ddlProductlst]</small> </font> </div>]]>
    </line>
    <line>
      <![CDATA[<div class="test-message">&emsp;selected the dropdown SelectProduct option : HIUA Phase 1 GLU&emsp;<a href=".\ScreenShot\TC_6453_8659_01_MMVP-Login_15.png" target="_blank" >[ScreenShot]</a></div>]]>
    </line>
    <line>
      <![CDATA[<div class="test-message">&emsp;Value of ViewClientDetails_New quote Button_fieldLabel: ------->New quote Button</div>]]>
    </line>
    <line>
      <![CDATA[<div class="test-message">&emsp;Value of ViewClientDetails_New quote Button_id: ------->btnNewQuote</div>]]>
    </line>
    <line>
      <![CDATA[<div class="test-message">&emsp;Value of ViewClientDetails_New quote Button_pathType: ------->css</div>]]>
    </line>
    <line>
      <![CDATA[<div class="test-message">&emsp;Value of ViewClientDetails_New quote Button_screenShot: ------->false</div>]]>
    </line>
    <line>
      <![CDATA[<div class="test-message">&emsp;Value of ViewClientDetails_New quote Button_type: ------->Button</div>]]>
    </line>
    <line>
      <![CDATA[<div class="test-event"> <font color="maroon"> <small> &emsp; &emsp;--- 24 Apr 15:19:20 686 - <b>1</b> - Spinner Load Wait: (Sync) - com.ssp.utils.WaitUtils.waitForSpinner(WaitUtils.java:130)</small> </font> </div>]]>
    </line>
    <line>
      <![CDATA[<div class="test-event"> <font color="maroon"> <small> &emsp; &emsp;--- 24 Apr 15:19:25 871 - <b>1</b> - Spinner Load Wait: (Sync) - com.ssp.utils.WaitUtils.waitForSpinner(WaitUtils.java:130)</small> </font> </div>]]>
    </line>
    <line>
      <![CDATA[<div class="test-message">&emsp;Clicked on button New quote Button]]>
    </line>
    <line>
      <![CDATA[<div class="test-event"> <font color="maroon"> <small> &emsp; &emsp;--- 24 Apr 15:19:25 934 - Page URL:: http://localhost/pure.portal/secure/maindetails.aspx?newquote=true</small> </font> </div>]]>
    </line>
    <line>
      <![CDATA[<div class="test-event"> <font color="maroon"> <small> &emsp; &emsp;--- 24 Apr 15:19:25 935 - <b>0</b> - Page Load Wait: (Sync) - com.ssp.utils.WaitUtils.waitForPageLoad(WaitUtils.java:318)</small> </font> </div>]]>
    </line>
    <line>
      <![CDATA[<div class="test-message">&emsp;Successfully navigated to PolicyHeader Page&emsp;</div>]]>
    </line>
    <line>
      <![CDATA[<div class="test-message">&emsp;Value of PolicyHeader_drpBusinessType_fieldLabel: ------->drpBusinessType</div>]]>
    </line>
    <line>
      <![CDATA[<div class="test-message">&emsp;Value of PolicyHeader_drpBusinessType_id: ------->drpBusinessType</div>]]>
    </line>
    <line>
      <![CDATA[<div class="test-message">&emsp;Value of PolicyHeader_drpBusinessType_pathType: ------->css</div>]]>
    </line>
    <line>
      <![CDATA[<div class="test-message">&emsp;Value of PolicyHeader_drpBusinessType_screenShot: ------->false</div>]]>
    </line>
    <line>
      <![CDATA[<div class="test-message">&emsp;Value of PolicyHeader_drpBusinessType_type: ------->select</div>]]>
    </line>
    <line>
      <![CDATA[<div class="test-event"> <font color="maroon"> <small> &emsp; &emsp;--- 24 Apr 15:19:26 095 - Element is displayed:: [[RemoteWebDriver: chrome on XP (aa57e94ff7404d6d63ddd0f2daa8cb64)] -> css selector: [name='ctl00_cntMainBody_POLICYHEADER__BUSINESSTYPE']]</small> </font> </div>]]>
    </line>
    <line>
      <![CDATA[<div class="test-message">&emsp;selected the dropdown drpBusinessType option : Direct Business]]>
    </line>
    <line>
      <![CDATA[<div class="test-message">&emsp;Value of PolicyHeader_spinnerWait_fieldLabel: ------->spinnerWait</div>]]>
    </line>
    <line>
      <![CDATA[<div class="test-message">&emsp;Value of PolicyHeader_spinnerWait_id: ------->spinner</div>]]>
    </line>
    <line>
      <![CDATA[<div class="test-message">&emsp;Value of PolicyHeader_spinnerWait_screenShot: ------->false</div>]]>
    </line>
    <line>
      <![CDATA[<div class="test-message">&emsp;Value of PolicyHeader_spinnerWait_type: ------->selectSpinner</div>]]>
    </line>
    <line>
      <![CDATA[<div class="test-event"> <font color="maroon"> <small> &emsp; &emsp;--- 24 Apr 15:19:27 332 - <b>1</b> - Spinner Load Wait: (Sync) - com.ssp.utils.WaitUtils.waitForSpinner(WaitUtils.java:130)</small> </font> </div>]]>
    </line>
    <line>
      <![CDATA[<div class="test-message">&emsp;Value of PolicyHeader_ClickLeadinsurer_fieldLabel: ------->ClickLeadinsurer</div>]]>
    </line>
    <line>
      <![CDATA[<div class="test-message">&emsp;Value of PolicyHeader_ClickLeadinsurer_id: ------->iconFindLeadInsurer</div>]]>
    </line>
    <line>
      <![CDATA[<div class="test-message">&emsp;Value of PolicyHeader_ClickLeadinsurer_pathType: ------->css</div>]]>
    </line>
    <line>
      <![CDATA[<div class="test-message">&emsp;Value of PolicyHeader_ClickLeadinsurer_screenShot: ------->false</div>]]>
    </line>
    <line>
      <![CDATA[<div class="test-message">&emsp;Value of PolicyHeader_ClickLeadinsurer_type: ------->Button</div>]]>
    </line>
    <line>
      <![CDATA[<div class="test-event"> <font color="maroon"> <small> &emsp; &emsp;--- 24 Apr 15:19:28 363 - <b>1</b> - Spinner Load Wait: (Sync) - com.ssp.utils.WaitUtils.waitForSpinner(WaitUtils.java:130)</small> </font> </div>]]>
    </line>
    <line>
      <![CDATA[<div class="test-event"> <font color="maroon"> <small> &emsp; &emsp;--- 24 Apr 15:19:29 523 - <b>1</b> - Spinner Load Wait: (Sync) - com.ssp.utils.WaitUtils.waitForSpinner(WaitUtils.java:130)</small> </font> </div>]]>
    </line>
    <line>
      <![CDATA[<div class="test-message">&emsp;Clicked on button ClickLeadinsurer]]>
    </line>
    <line>
      <![CDATA[<div class="test-message">&emsp;Value of PolicyHeader_Switch frame_fieldLabel: ------->Switch frame</div>]]>
    </line>
    <line>
      <![CDATA[<div class="test-message">&emsp;Value of PolicyHeader_Switch frame_id: ------->iframeIn</div>]]>
    </line>
    <line>
      <![CDATA[<div class="test-message">&emsp;Value of PolicyHeader_Switch frame_pathType: ------->css</div>]]>
    </line>
    <line>
      <![CDATA[<div class="test-message">&emsp;Value of PolicyHeader_Switch frame_screenShot: ------->false</div>]]>
    </line>
    <line>
      <![CDATA[<div class="test-message">&emsp;Value of PolicyHeader_Switch frame_type: ------->switchIframe</div>]]>
    </line>
    <line>
      <![CDATA[<div class="test-message">&emsp;Value of PolicyHeader_EnterReinsurerCode_fieldLabel: ------->EnterReinsurerCode</div>]]>
    </line>
    <line>
      <![CDATA[<div class="test-message">&emsp;Value of PolicyHeader_EnterReinsurerCode_id: ------->fldReinsurerCode</div>]]>
    </line>
    <line>
      <![CDATA[<div class="test-message">&emsp;Value of PolicyHeader_EnterReinsurerCode_pathType: ------->css</div>]]>
    </line>
    <line>
      <![CDATA[<div class="test-message">&emsp;Value of PolicyHeader_EnterReinsurerCode_screenShot: ------->false</div>]]>
    </line>
    <line>
      <![CDATA[<div class="test-message">&emsp;Value of PolicyHeader_EnterReinsurerCode_type: ------->textfield</div>]]>
    </line>
    <line>
      <![CDATA[<div class="test-event"> <font color="maroon"> <small> &emsp; &emsp;--- 24 Apr 15:19:30 636 - <b>1</b> - Spinner Load Wait: (Sync) - com.ssp.utils.WaitUtils.waitForSpinner(WaitUtils.java:130)</small> </font> </div>]]>
    </line>
    <line>
      <![CDATA[<div class="test-message">&emsp;Entered text inside EnterReinsurerCode : ABCTEC]]>
    </line>
    <line>
      <![CDATA[<div class="test-message">&emsp;Value of PolicyHeader_Click Search_fieldLabel: ------->Click Search</div>]]>
    </line>
    <line>
      <![CDATA[<div class="test-message">&emsp;Value of PolicyHeader_Click Search_id: ------->btnSearch</div>]]>
    </line>
    <line>
      <![CDATA[<div class="test-message">&emsp;Value of PolicyHeader_Click Search_pathType: ------->css</div>]]>
    </line>
    <line>
      <![CDATA[<div class="test-message">&emsp;Value of PolicyHeader_Click Search_screenShot: ------->false</div>]]>
    </line>
    <line>
      <![CDATA[<div class="test-message">&emsp;Value of PolicyHeader_Click Search_type: ------->Button</div>]]>
    </line>
    <line>
      <![CDATA[<div class="test-event"> <font color="maroon"> <small> &emsp; &emsp;--- 24 Apr 15:19:32 112 - <b>1</b> - Spinner Load Wait: (Sync) - com.ssp.utils.WaitUtils.waitForSpinner(WaitUtils.java:130)</small> </font> </div>]]>
    </line>
    <line>
      <![CDATA[<div class="test-event"> <font color="maroon"> <small> &emsp; &emsp;--- 24 Apr 15:19:33 590 - <b>1</b> - Spinner Load Wait: (Sync) - com.ssp.utils.WaitUtils.waitForSpinner(WaitUtils.java:130)</small> </font> </div>]]>
    </line>
    <line>
      <![CDATA[<div class="test-message">&emsp;Clicked on button Click Search]]>
    </line>
    <line>
      <![CDATA[<div class="test-message">&emsp;Value of PolicyHeader_Click Select_fieldLabel: ------->Click Select</div>]]>
    </line>
    <line>
      <![CDATA[<div class="test-message">&emsp;Value of PolicyHeader_Click Select_id: ------->btnSelect</div>]]>
    </line>
    <line>
      <![CDATA[<div class="test-message">&emsp;Value of PolicyHeader_Click Select_pathType: ------->css</div>]]>
    </line>
    <line>
      <![CDATA[<div class="test-message">&emsp;Value of PolicyHeader_Click Select_screenShot: ------->false</div>]]>
    </line>
    <line>
      <![CDATA[<div class="test-message">&emsp;Value of PolicyHeader_Click Select_type: ------->Button</div>]]>
    </line>
    <line>
      <![CDATA[<div class="test-event"> <font color="maroon"> <small> &emsp; &emsp;--- 24 Apr 15:19:34 620 - <b>1</b> - Spinner Load Wait: (Sync) - com.ssp.utils.WaitUtils.waitForSpinner(WaitUtils.java:130)</small> </font> </div>]]>
    </line>
    <line>
      <![CDATA[<div class="test-event"> <font color="maroon"> <small> &emsp; &emsp;--- 24 Apr 15:19:35 859 - <b>1</b> - Spinner Load Wait: (Sync) - com.ssp.utils.WaitUtils.waitForSpinner(WaitUtils.java:130)</small> </font> </div>]]>
    </line>
    <line>
      <![CDATA[<div class="test-message">&emsp;Clicked on button Click Select]]>
    </line>
    <line>
      <![CDATA[<div class="test-message">&emsp;Value of PolicyHeader_Switch to default content_fieldLabel: ------->Switch to default content</div>]]>
    </line>
    <line>
      <![CDATA[<div class="test-message">&emsp;Value of PolicyHeader_Switch to default content_id: -------></div>]]>
    </line>
    <line>
      <![CDATA[<div class="test-message">&emsp;Value of PolicyHeader_Switch to default content_pathType: ------->css</div>]]>
    </line>
    <line>
      <![CDATA[<div class="test-message">&emsp;Value of PolicyHeader_Switch to default content_screenShot: ------->false</div>]]>
    </line>
    <line>
      <![CDATA[<div class="test-message">&emsp;Value of PolicyHeader_Switch to default content_type: ------->returnIframe</div>]]>
    </line>
    <line>
      <![CDATA[<div class="test-message">&emsp;Value of PolicyHeader_Compliance tab_fieldLabel: ------->Compliance tab</div>]]>
    </line>
    <line>
      <![CDATA[<div class="test-message">&emsp;Value of PolicyHeader_Compliance tab_id: ------->tabCompliance</div>]]>
    </line>
    <line>
      <![CDATA[<div class="test-message">&emsp;Value of PolicyHeader_Compliance tab_pathType: ------->css</div>]]>
    </line>
    <line>
      <![CDATA[<div class="test-message">&emsp;Value of PolicyHeader_Compliance tab_screenShot: ------->false</div>]]>
    </line>
    <line>
      <![CDATA[<div class="test-message">&emsp;Value of PolicyHeader_Compliance tab_type: ------->link</div>]]>
    </line>
    <line>
      <![CDATA[<div class="test-event"> <font color="maroon"> <small> &emsp; &emsp;--- 24 Apr 15:19:36 000 - Element is displayed:: [[RemoteWebDriver: chrome on XP (aa57e94ff7404d6d63ddd0f2daa8cb64)] -> css selector: a[href='#tab-compliancedetails']]</small> </font> </div>]]>
    </line>
    <line>
      <![CDATA[<div class="test-message">&emsp;Link clicked Compliance tab : ]]>
    </line>
    <line>
      <![CDATA[<div class="test-message">&emsp;Value of PolicyHeader_CustomerCategory_fieldLabel: ------->CustomerCategory</div>]]>
    </line>
    <line>
      <![CDATA[<div class="test-message">&emsp;Value of PolicyHeader_CustomerCategory_id: ------->drpCustomerCategory</div>]]>
    </line>
    <line>
      <![CDATA[<div class="test-message">&emsp;Value of PolicyHeader_CustomerCategory_pathType: ------->css</div>]]>
    </line>
    <line>
      <![CDATA[<div class="test-message">&emsp;Value of PolicyHeader_CustomerCategory_screenShot: ------->false</div>]]>
    </line>
    <line>
      <![CDATA[<div class="test-message">&emsp;Value of PolicyHeader_CustomerCategory_type: ------->select</div>]]>
    </line>
    <line>
      <![CDATA[<div class="test-event"> <font color="maroon"> <small> &emsp; &emsp;--- 24 Apr 15:19:36 189 - Element is displayed:: [[RemoteWebDriver: chrome on XP (aa57e94ff7404d6d63ddd0f2daa8cb64)] -> css selector: #ctl00_cntMainBody_CUSTOMER_CATEGORY]</small> </font> </div>]]>
    </line>
    <line>
      <![CDATA[<div class="test-message">&emsp;selected the dropdown CustomerCategory option : Commercial]]>
    </line>
    <line>
      <![CDATA[<div class="test-message">&emsp;Value of PolicyHeader_MethodOfSale_fieldLabel: ------->MethodOfSale</div>]]>
    </line>
    <line>
      <![CDATA[<div class="test-message">&emsp;Value of PolicyHeader_MethodOfSale_id: ------->drpMethodOfSale</div>]]>
    </line>
    <line>
      <![CDATA[<div class="test-message">&emsp;Value of PolicyHeader_MethodOfSale_pathType: ------->css</div>]]>
    </line>
    <line>
      <![CDATA[<div class="test-message">&emsp;Value of PolicyHeader_MethodOfSale_screenShot: ------->false</div>]]>
    </line>
    <line>
      <![CDATA[<div class="test-message">&emsp;Value of PolicyHeader_MethodOfSale_type: ------->select</div>]]>
    </line>
    <line>
      <![CDATA[<div class="test-event"> <font color="maroon"> <small> &emsp; &emsp;--- 24 Apr 15:19:36 399 - Element is displayed:: [[RemoteWebDriver: chrome on XP (aa57e94ff7404d6d63ddd0f2daa8cb64)] -> css selector: #ctl00_cntMainBody_METHOD_OF_SALE]</small> </font> </div>]]>
    </line>
    <line>
      <![CDATA[<div class="test-message">&emsp;selected the dropdown MethodOfSale option : Non Distance]]>
    </line>
    <line>
      <![CDATA[<div class="test-message">&emsp;Value of PolicyHeader_TermAgreed_fieldLabel: ------->TermAgreed</div>]]>
    </line>
    <line>
      <![CDATA[<div class="test-message">&emsp;Value of PolicyHeader_TermAgreed_id: ------->drpTermAgreed</div>]]>
    </line>
    <line>
      <![CDATA[<div class="test-message">&emsp;Value of PolicyHeader_TermAgreed_pathType: ------->css</div>]]>
    </line>
    <line>
      <![CDATA[<div class="test-message">&emsp;Value of PolicyHeader_TermAgreed_screenShot: ------->false</div>]]>
    </line>
    <line>
      <![CDATA[<div class="test-message">&emsp;Value of PolicyHeader_TermAgreed_type: ------->select</div>]]>
    </line>
    <line>
      <![CDATA[<div class="test-event"> <font color="maroon"> <small> &emsp; &emsp;--- 24 Apr 15:19:36 679 - Element is displayed:: [[RemoteWebDriver: chrome on XP (aa57e94ff7404d6d63ddd0f2daa8cb64)] -> css selector: select#ctl00_cntMainBody_ddlTermsAgreed]</small> </font> </div>]]>
    </line>
    <line>
      <![CDATA[<div class="test-message">&emsp;selected the dropdown TermAgreed option : No]]>
    </line>
    <line>
      <![CDATA[<div class="test-message">&emsp;Value of PolicyHeader_TypeOfSale_fieldLabel: ------->TypeOfSale</div>]]>
    </line>
    <line>
      <![CDATA[<div class="test-message">&emsp;Value of PolicyHeader_TypeOfSale_id: ------->drpTypeOfSale</div>]]>
    </line>
    <line>
      <![CDATA[<div class="test-message">&emsp;Value of PolicyHeader_TypeOfSale_pathType: ------->css</div>]]>
    </line>
    <line>
      <![CDATA[<div class="test-message">&emsp;Value of PolicyHeader_TypeOfSale_screenShot: ------->false</div>]]>
    </line>
    <line>
      <![CDATA[<div class="test-message">&emsp;Value of PolicyHeader_TypeOfSale_type: ------->select</div>]]>
    </line>
    <line>
      <![CDATA[<div class="test-event"> <font color="maroon"> <small> &emsp; &emsp;--- 24 Apr 15:19:36 967 - Element is displayed:: [[RemoteWebDriver: chrome on XP (aa57e94ff7404d6d63ddd0f2daa8cb64)] -> css selector: #ctl00_cntMainBody_TYPE_OF_SALE]</small> </font> </div>]]>
    </line>
    <line>
      <![CDATA[<div class="test-message">&emsp;selected the dropdown TypeOfSale option : Advised]]>
    </line>
    <line>
      <![CDATA[<div class="test-message">&emsp;Value of PolicyHeader_UnderWriter_fieldLabel: ------->UnderWriter</div>]]>
    </line>
    <line>
      <![CDATA[<div class="test-message">&emsp;Value of PolicyHeader_UnderWriter_id: ------->fldUnderWriter</div>]]>
    </line>
    <line>
      <![CDATA[<div class="test-message">&emsp;Value of PolicyHeader_UnderWriter_pathType: ------->css</div>]]>
    </line>
    <line>
      <![CDATA[<div class="test-message">&emsp;Value of PolicyHeader_UnderWriter_screenShot: ------->true</div>]]>
    </line>
    <line>
      <![CDATA[<div class="test-message">&emsp;Value of PolicyHeader_UnderWriter_type: ------->textfield</div>]]>
    </line>
    <line>
      <![CDATA[<div class="test-event"> <font color="maroon"> <small> &emsp; &emsp;--- 24 Apr 15:19:38 153 - <b>1</b> - Spinner Load Wait: (Sync) - com.ssp.utils.WaitUtils.waitForSpinner(WaitUtils.java:130)</small> </font> </div>]]>
    </line>
    <line>
      <![CDATA[<div class="test-message">&emsp;Entered text inside UnderWriter : Test&emsp;<a href=".\ScreenShot\TC_6453_8659_01_MMVP-Login_16.png" target="_blank" >[ScreenShot]</a></div>]]>
    </line>
    <line>
      <![CDATA[<div class="test-message">&emsp;Value of PolicyHeader_NextButton_fieldLabel: ------->NextButton</div>]]>
    </line>
    <line>
      <![CDATA[<div class="test-message">&emsp;Value of PolicyHeader_NextButton_id: ------->btnNext</div>]]>
    </line>
    <line>
      <![CDATA[<div class="test-message">&emsp;Value of PolicyHeader_NextButton_pathType: ------->css</div>]]>
    </line>
    <line>
      <![CDATA[<div class="test-message">&emsp;Value of PolicyHeader_NextButton_screenShot: ------->false</div>]]>
    </line>
    <line>
      <![CDATA[<div class="test-message">&emsp;Value of PolicyHeader_NextButton_type: ------->Button</div>]]>
    </line>
    <line>
      <![CDATA[<div class="test-event"> <font color="maroon"> <small> &emsp; &emsp;--- 24 Apr 15:19:41 180 - <b>1</b> - Spinner Load Wait: (Sync) - com.ssp.utils.WaitUtils.waitForSpinner(WaitUtils.java:130)</small> </font> </div>]]>
    </line>
    <line>
      <![CDATA[<div class="test-event"> <font color="maroon"> <small> &emsp; &emsp;--- 24 Apr 15:19:46 574 - <b>1</b> - Spinner Load Wait: (Sync) - com.ssp.utils.WaitUtils.waitForSpinner(WaitUtils.java:130)</small> </font> </div>]]>
    </line>
    <line>
      <![CDATA[<div class="test-message">&emsp;Clicked on button NextButton]]>
    </line>
    <line>
      <![CDATA[<div class="test-message">&emsp;Value of PolicyHeader_spinnerWait_fieldLabel: ------->spinnerWait</div>]]>
    </line>
    <line>
      <![CDATA[<div class="test-message">&emsp;Value of PolicyHeader_spinnerWait_id: ------->spinner</div>]]>
    </line>
    <line>
      <![CDATA[<div class="test-message">&emsp;Value of PolicyHeader_spinnerWait_screenShot: ------->false</div>]]>
    </line>
    <line>
      <![CDATA[<div class="test-message">&emsp;Value of PolicyHeader_spinnerWait_type: ------->selectSpinner</div>]]>
    </line>
    <line>
      <![CDATA[<div class="test-event"> <font color="maroon"> <small> &emsp; &emsp;--- 24 Apr 15:19:47 606 - <b>1</b> - Spinner Load Wait: (Sync) - com.ssp.utils.WaitUtils.waitForSpinner(WaitUtils.java:130)</small> </font> </div>]]>
    </line>
    <line>
      <![CDATA[<div class="test-message">&emsp;Value of PolicyHeader_Insured_General_GuestHouse_fieldLabel: ------->Insured_General_GuestHouse</div>]]>
    </line>
    <line>
      <![CDATA[<div class="test-message">&emsp;Value of PolicyHeader_Insured_General_GuestHouse_id: ------->fieldInsuredGeneralGuestHouse</div>]]>
    </line>
    <line>
      <![CDATA[<div class="test-message">&emsp;Value of PolicyHeader_Insured_General_GuestHouse_pathType: ------->css</div>]]>
    </line>
    <line>
      <![CDATA[<div class="test-message">&emsp;Value of PolicyHeader_Insured_General_GuestHouse_screenShot: ------->false</div>]]>
    </line>
    <line>
      <![CDATA[<div class="test-message">&emsp;Value of PolicyHeader_Insured_General_GuestHouse_type: ------->textfield</div>]]>
    </line>
    <line>
      <![CDATA[<div class="test-event"> <font color="maroon"> <small> &emsp; &emsp;--- 24 Apr 15:19:48 636 - <b>1</b> - Spinner Load Wait: (Sync) - com.ssp.utils.WaitUtils.waitForSpinner(WaitUtils.java:130)</small> </font> </div>]]>
    </line>
    <line>
      <![CDATA[<div class="test-message">&emsp;Entered text inside Insured_General_GuestHouse : Test]]>
    </line>
    <line>
      <![CDATA[<div class="test-message">&emsp;Value of PolicyHeader_TradingName_General_GuestHouse_fieldLabel: ------->TradingName_General_GuestHouse</div>]]>
    </line>
    <line>
      <![CDATA[<div class="test-message">&emsp;Value of PolicyHeader_TradingName_General_GuestHouse_id: ------->fieldTradingNameGeneralGuestHouse</div>]]>
    </line>
    <line>
      <![CDATA[<div class="test-message">&emsp;Value of PolicyHeader_TradingName_General_GuestHouse_pathType: ------->css</div>]]>
    </line>
    <line>
      <![CDATA[<div class="test-message">&emsp;Value of PolicyHeader_TradingName_General_GuestHouse_screenShot: ------->false</div>]]>
    </line>
    <line>
      <![CDATA[<div class="test-message">&emsp;Value of PolicyHeader_TradingName_General_GuestHouse_type: ------->textfield</div>]]>
    </line>
    <line>
      <![CDATA[<div class="test-event"> <font color="maroon"> <small> &emsp; &emsp;--- 24 Apr 15:19:49 999 - <b>1</b> - Spinner Load Wait: (Sync) - com.ssp.utils.WaitUtils.waitForSpinner(WaitUtils.java:130)</small> </font> </div>]]>
    </line>
    <line>
      <![CDATA[<div class="test-message">&emsp;Entered text inside TradingName_General_GuestHouse : Test123]]>
    </line>
    <line>
      <![CDATA[<div class="test-message">&emsp;Value of PolicyHeader_ContactName_General_GuestHouse_fieldLabel: ------->ContactName_General_GuestHouse</div>]]>
    </line>
    <line>
[...]
            </line>
            <line>
              <![CDATA[<div class="test-message">&emsp;Value of CorporateClient_Finance ribbon menu_screenShot: ------->false</div>]]>
            </line>
            <line>
              <![CDATA[<div class="test-message">&emsp;Value of CorporateClient_Finance ribbon menu_type: ------->Button</div>]]>
            </line>
            <line>
              <![CDATA[<div class="test-event"> <font color="maroon"> <small> &emsp; &emsp;--- 24 Apr 15:23:09 687 - <b>1</b> - Spinner Load Wait: (Sync) - com.ssp.utils.WaitUtils.waitForSpinner(WaitUtils.java:130)</small> </font> </div>]]>
            </line>
            <line>
              <![CDATA[<div class="test-event"> <font color="maroon"> <small> &emsp; &emsp;--- 24 Apr 15:23:10 842 - <b>1</b> - Spinner Load Wait: (Sync) - com.ssp.utils.WaitUtils.waitForSpinner(WaitUtils.java:130)</small> </font> </div>]]>
            </line>
            <line>
              <![CDATA[<div class="test-message">&emsp;Clicked on button Finance ribbon menu]]>
            </line>
            <line>
              <![CDATA[<div class="test-message">&emsp;Value of CorporateClient_Transaction ribbon menu_fieldLabel: ------->Transaction ribbon menu</div>]]>
            </line>
            <line>
              <![CDATA[<div class="test-message">&emsp;Value of CorporateClient_Transaction ribbon menu_id: ------->lnkTransactions</div>]]>
            </line>
            <line>
              <![CDATA[<div class="test-message">&emsp;Value of CorporateClient_Transaction ribbon menu_pathType: ------->css</div>]]>
            </line>
            <line>
              <![CDATA[<div class="test-message">&emsp;Value of CorporateClient_Transaction ribbon menu_screenShot: ------->false</div>]]>
            </line>
            <line>
              <![CDATA[<div class="test-message">&emsp;Value of CorporateClient_Transaction ribbon menu_type: ------->Button</div>]]>
            </line>
            <line>
              <![CDATA[<div class="test-event"> <font color="maroon"> <small> &emsp; &emsp;--- 24 Apr 15:23:11 873 - <b>1</b> - Spinner Load Wait: (Sync) - com.ssp.utils.WaitUtils.waitForSpinner(WaitUtils.java:130)</small> </font> </div>]]>
            </line>
            <line>
              <![CDATA[<div class="test-event"> <font color="maroon"> <small> &emsp; &emsp;--- 24 Apr 15:23:13 719 - <b>1</b> - Spinner Load Wait: (Sync) - com.ssp.utils.WaitUtils.waitForSpinner(WaitUtils.java:130)</small> </font> </div>]]>
            </line>
            <line>
              <![CDATA[<div class="test-message">&emsp;Clicked on button Transaction ribbon menu]]>
            </line>
            <line>
              <![CDATA[<div class="test-event"> <font color="maroon"> <small> &emsp; &emsp;--- 24 Apr 15:23:13 794 - Page URL:: http://localhost/pure.portal/secure/searchtransactionspb.aspx?postback=ribbonmenu</small> </font> </div>]]>
            </line>
            <line>
              <![CDATA[<div class="test-event"> <font color="maroon"> <small> &emsp; &emsp;--- 24 Apr 15:23:13 794 - <b>0</b> - Page Load Wait: (Sync) - com.ssp.utils.WaitUtils.waitForPageLoad(WaitUtils.java:318)</small> </font> </div>]]>
            </line>
            <line>
              <![CDATA[<div class="test-message">&emsp;Successfully navigated to SearchTransactions Page&emsp;</div>]]>
            </line>
            <line>
              <![CDATA[<div class="test-message">&emsp;Value of SearchTransactions_Company Code_fieldLabel: ------->Company Code</div>]]>
            </line>
            <line>
              <![CDATA[<div class="test-message">&emsp;Value of SearchTransactions_Company Code_id: ------->fldAccountCode</div>]]>
            </line>
            <line>
              <![CDATA[<div class="test-message">&emsp;Value of SearchTransactions_Company Code_pathType: ------->css</div>]]>
            </line>
            <line>
              <![CDATA[<div class="test-message">&emsp;Value of SearchTransactions_Company Code_screenShot: ------->false</div>]]>
            </line>
            <line>
              <![CDATA[<div class="test-message">&emsp;Value of SearchTransactions_Company Code_type: ------->textfield</div>]]>
            </line>
            <line>
              <![CDATA[<div class="test-event"> <font color="maroon"> <small> &emsp; &emsp;--- 24 Apr 15:23:14 838 - <b>1</b> - Spinner Load Wait: (Sync) - com.ssp.utils.WaitUtils.waitForSpinner(WaitUtils.java:130)</small> </font> </div>]]>
            </line>
            <line>
              <![CDATA[<div class="test-message">&emsp;Entered text inside Company Code : SSPTESTINGP163]]>
            </line>
            <line>
              <![CDATA[<div class="test-message">&emsp;Value of SearchTransactions_uncheck outstanding checkbox_fieldLabel: ------->uncheck outstanding checkbox</div>]]>
            </line>
            <line>
              <![CDATA[<div class="test-message">&emsp;Value of SearchTransactions_uncheck outstanding checkbox_id: ------->chkboxOutstandingTransaction</div>]]>
            </line>
            <line>
              <![CDATA[<div class="test-message">&emsp;Value of SearchTransactions_uncheck outstanding checkbox_pathType: ------->css</div>]]>
            </line>
            <line>
              <![CDATA[<div class="test-message">&emsp;Value of SearchTransactions_uncheck outstanding checkbox_screenShot: ------->false</div>]]>
            </line>
            <line>
              <![CDATA[<div class="test-message">&emsp;Value of SearchTransactions_uncheck outstanding checkbox_type: ------->DeSelectCheckbox</div>]]>
            </line>
            <line>
              <![CDATA[<div class="test-message">&emsp;unselected the checkbox : uncheck outstanding checkbox]]>
            </line>
            <line>
              <![CDATA[<div class="test-message">&emsp;Value of SearchTransactions_Reference Tab_fieldLabel: ------->Reference Tab</div>]]>
            </line>
            <line>
              <![CDATA[<div class="test-message">&emsp;Value of SearchTransactions_Reference Tab_id: ------->tabReference</div>]]>
            </line>
            <line>
              <![CDATA[<div class="test-message">&emsp;Value of SearchTransactions_Reference Tab_pathType: ------->css</div>]]>
            </line>
            <line>
              <![CDATA[<div class="test-message">&emsp;Value of SearchTransactions_Reference Tab_screenShot: ------->false</div>]]>
            </line>
            <line>
              <![CDATA[<div class="test-message">&emsp;Value of SearchTransactions_Reference Tab_type: ------->link</div>]]>
            </line>
            <line>
              <![CDATA[<div class="test-event"> <font color="maroon"> <small> &emsp; &emsp;--- 24 Apr 15:23:15 854 - Element is displayed:: [[RemoteWebDriver: chrome on XP (aa57e94ff7404d6d63ddd0f2daa8cb64)] -> css selector: a[href='#tab-Reference']]</small> </font> </div>]]>
            </line>
            <line>
              <![CDATA[<div class="test-message">&emsp;Link clicked Reference Tab : ]]>
            </line>
            <line>
              <![CDATA[<div class="test-message">&emsp;Value of SearchTransactions_Policynumber_fieldLabel: ------->Policynumber</div>]]>
            </line>
            <line>
              <![CDATA[<div class="test-message">&emsp;Value of SearchTransactions_Policynumber_id: ------->fldPolicyNumber</div>]]>
            </line>
            <line>
              <![CDATA[<div class="test-message">&emsp;Value of SearchTransactions_Policynumber_pathType: ------->css</div>]]>
            </line>
            <line>
              <![CDATA[<div class="test-message">&emsp;Value of SearchTransactions_Policynumber_screenShot: ------->false</div>]]>
            </line>
            <line>
              <![CDATA[<div class="test-message">&emsp;Value of SearchTransactions_Policynumber_type: ------->textfield</div>]]>
            </line>
            <line>
              <![CDATA[<div class="test-event"> <font color="maroon"> <small> &emsp; &emsp;--- 24 Apr 15:23:16 922 - <b>1</b> - Spinner Load Wait: (Sync) - com.ssp.utils.WaitUtils.waitForSpinner(WaitUtils.java:130)</small> </font> </div>]]>
            </line>
            <line>
              <![CDATA[<div class="test-message">&emsp;Entered text inside Policynumber : ERG/GH/008654]]>
            </line>
            <line>
              <![CDATA[<div class="test-message">&emsp;Value of SearchTransactions_Click on Find button_fieldLabel: ------->Click on Find button</div>]]>
            </line>
            <line>
              <![CDATA[<div class="test-message">&emsp;Value of SearchTransactions_Click on Find button_id: ------->btnFind</div>]]>
            </line>
            <line>
              <![CDATA[<div class="test-message">&emsp;Value of SearchTransactions_Click on Find button_pathType: ------->css</div>]]>
            </line>
            <line>
              <![CDATA[<div class="test-message">&emsp;Value of SearchTransactions_Click on Find button_screenShot: ------->false</div>]]>
            </line>
            <line>
              <![CDATA[<div class="test-message">&emsp;Value of SearchTransactions_Click on Find button_type: ------->Button</div>]]>
            </line>
            <line>
              <![CDATA[<div class="test-event"> <font color="maroon"> <small> &emsp; &emsp;--- 24 Apr 15:23:18 570 - <b>1</b> - Spinner Load Wait: (Sync) - com.ssp.utils.WaitUtils.waitForSpinner(WaitUtils.java:130)</small> </font> </div>]]>
            </line>
            <line>
              <![CDATA[<div class="test-event"> <font color="maroon"> <small> &emsp; &emsp;--- 24 Apr 15:23:19 798 - <b>1</b> - Spinner Load Wait: (Sync) - com.ssp.utils.WaitUtils.waitForSpinner(WaitUtils.java:130)</small> </font> </div>]]>
            </line>
            <line>
              <![CDATA[<div class="test-message">&emsp;Clicked on button Click on Find button]]>
            </line>
            <line>
              <![CDATA[<div class="test-message">&emsp;Value of SearchTransactions_Click on ellipsis button_fieldLabel: ------->Click on ellipsis button</div>]]>
            </line>
            <line>
              <![CDATA[<div class="test-message">&emsp;Value of SearchTransactions_Click on ellipsis button_id: ------->actionMenu</div>]]>
            </line>
            <line>
              <![CDATA[<div class="test-message">&emsp;Value of SearchTransactions_Click on ellipsis button_pathType: ------->css</div>]]>
            </line>
            <line>
              <![CDATA[<div class="test-message">&emsp;Value of SearchTransactions_Click on ellipsis button_screenShot: ------->false</div>]]>
            </line>
            <line>
              <![CDATA[<div class="test-message">&emsp;Value of SearchTransactions_Click on ellipsis button_type: ------->Button</div>]]>
            </line>
            <line>
              <![CDATA[<div class="test-event"> <font color="maroon"> <small> &emsp; &emsp;--- 24 Apr 15:23:20 829 - <b>1</b> - Spinner Load Wait: (Sync) - com.ssp.utils.WaitUtils.waitForSpinner(WaitUtils.java:130)</small> </font> </div>]]>
            </line>
            <line>
              <![CDATA[<div class="test-event"> <font color="maroon"> <small> &emsp; &emsp;--- 24 Apr 15:23:21 966 - <b>1</b> - Spinner Load Wait: (Sync) - com.ssp.utils.WaitUtils.waitForSpinner(WaitUtils.java:130)</small> </font> </div>]]>
            </line>
            <line>
              <![CDATA[<div class="test-message">&emsp;Clicked on button Click on ellipsis button]]>
            </line>
            <line>
              <![CDATA[<div class="test-message">&emsp;Value of SearchTransactions_Click on view allocation_fieldLabel: ------->Click on view allocation</div>]]>
            </line>
            <line>
              <![CDATA[<div class="test-message">&emsp;Value of SearchTransactions_Click on view allocation_id: ------->viewAllocation</div>]]>
            </line>
            <line>
              <![CDATA[<div class="test-message">&emsp;Value of SearchTransactions_Click on view allocation_pathType: ------->css</div>]]>
            </line>
            <line>
              <![CDATA[<div class="test-message">&emsp;Value of SearchTransactions_Click on view allocation_screenShot: ------->false</div>]]>
            </line>
            <line>
              <![CDATA[<div class="test-message">&emsp;Value of SearchTransactions_Click on view allocation_type: ------->Button</div>]]>
            </line>
            <line>
              <![CDATA[<div class="test-event"> <font color="maroon"> <small> &emsp; &emsp;--- 24 Apr 15:23:22 993 - <b>1</b> - Spinner Load Wait: (Sync) - com.ssp.utils.WaitUtils.waitForSpinner(WaitUtils.java:130)</small> </font> </div>]]>
            </line>
            <line>
              <![CDATA[<div class="test-event"> <font color="maroon"> <small> &emsp; &emsp;--- 24 Apr 15:23:24 153 - <b>1</b> - Spinner Load Wait: (Sync) - com.ssp.utils.WaitUtils.waitForSpinner(WaitUtils.java:130)</small> </font> </div>]]>
            </line>
            <line>
              <![CDATA[<div class="test-message">&emsp;Clicked on button Click on view allocation]]>
            </line>
            <line>
              <![CDATA[<div class="test-message">&emsp;Value of SearchTransactions_Switch frame_fieldLabel: ------->Switch frame</div>]]>
            </line>
            <line>
              <![CDATA[<div class="test-message">&emsp;Value of SearchTransactions_Switch frame_id: ------->iframeIn</div>]]>
            </line>
            <line>
              <![CDATA[<div class="test-message">&emsp;Value of SearchTransactions_Switch frame_pathType: ------->css</div>]]>
            </line>
            <line>
              <![CDATA[<div class="test-message">&emsp;Value of SearchTransactions_Switch frame_screenShot: ------->false</div>]]>
            </line>
            <line>
              <![CDATA[<div class="test-message">&emsp;Value of SearchTransactions_Switch frame_type: ------->switchIframe</div>]]>
            </line>
            <line>
              <![CDATA[<div class="test-message">&emsp;Value of SearchTransactions_Value of transaction Ref in credit section_errorMessage: ------->SRP and SWD are not  displayed in credit section</div>]]>
            </line>
            <line>
              <![CDATA[<div class="test-message">&emsp;Value of SearchTransactions_Value of transaction Ref in credit section_fieldLabel: ------->Value of transaction Ref in credit section</div>]]>
            </line>
            <line>
              <![CDATA[<div class="test-message">&emsp;Value of SearchTransactions_Value of transaction Ref in credit section_id: ------->creditSectionTransRef</div>]]>
            </line>
            <line>
              <![CDATA[<div class="test-message">&emsp;Value of SearchTransactions_Value of transaction Ref in credit section_pathType: ------->css</div>]]>
            </line>
            <line>
              <![CDATA[<div class="test-message">&emsp;Value of SearchTransactions_Value of transaction Ref in credit section_screenShot: ------->true</div>]]>
            </line>
            <line>
              <![CDATA[<div class="test-message">&emsp;Value of SearchTransactions_Value of transaction Ref in credit section_type: ------->assertUnorderedListTextEquals</div>]]>
            </line>
            <line>
              <![CDATA[<div class="test-message">&emsp;Value of SearchTransactions_Value of transaction Ref in credit section_validMessage: ------->SRP and SWD are correctly displayed in credit section</div>]]>
            </line>
            <line>
              <![CDATA[<div class="test-event"> <font color="maroon"> <small> &emsp; &emsp;--- 24 Apr 15:23:24 351 - Element is displayed:: [[RemoteWebDriver: chrome on XP (aa57e94ff7404d6d63ddd0f2daa8cb64)] -> css selector: #ctl00_cntMainBody_gvCredits td:nth-child(1)]</small> </font> </div>]]>
            </line>
            <line>
              <![CDATA[<div class="test-event"> <font color="maroon"> <small> &emsp; &emsp;--- 24 Apr 15:23:24 455 - Element is displayed:: [[RemoteWebDriver: chrome on XP (aa57e94ff7404d6d63ddd0f2daa8cb64)] -> css selector: #ctl00_cntMainBody_gvCredits td:nth-child(1)]</small> </font> </div>]]>
            </line>
            <line>
              <![CDATA[<div class="test-message">&emsp;SRP and SWD are correctly displayed in credit section&emsp;<a href=".\ScreenShot\TC_6453_8659_01_MMVP-Login_34.png" target="_blank" >[ScreenShot]</a></div>]]>
            </line>
            <line>
              <![CDATA[<div class="test-message">&emsp;Value of SearchTransactions_Value of Allocated Amount in credit section_errorMessage: ------->SWD not generated correctly</div>]]>
            </line>
            <line>
              <![CDATA[<div class="test-message">&emsp;Value of SearchTransactions_Value of Allocated Amount in credit section_fieldLabel: ------->Value of Allocated Amount in credit section</div>]]>
            </line>
            <line>
              <![CDATA[<div class="test-message">&emsp;Value of SearchTransactions_Value of Allocated Amount in credit section_id: ------->creditSectionAllocatedAmount2ndrow</div>]]>
            </line>
            <line>
              <![CDATA[<div class="test-message">&emsp;Value of SearchTransactions_Value of Allocated Amount in credit section_pathType: ------->css</div>]]>
            </line>
            <line>
              <![CDATA[<div class="test-message">&emsp;Value of SearchTransactions_Value of Allocated Amount in credit section_screenShot: ------->true</div>]]>
            </line>
            <line>
              <![CDATA[<div class="test-message">&emsp;Value of SearchTransactions_Value of Allocated Amount in credit section_type: ------->assertOrderedListTextEquals</div>]]>
            </line>
            <line>
              <![CDATA[<div class="test-message">&emsp;Value of SearchTransactions_Value of Allocated Amount in credit section_validMessage: ------->SWD generated correctly</div>]]>
            </line>
            <line>
              <![CDATA[<div class="test-event"> <font color="maroon"> <small> &emsp; &emsp;--- 24 Apr 15:23:26 194 - Element is displayed:: [[RemoteWebDriver: chrome on XP (aa57e94ff7404d6d63ddd0f2daa8cb64)] -> css selector: #ctl00_cntMainBody_gvCredits tr:nth-child(2) td:nth-child(4)]</small> </font> </div>]]>
            </line>
            <line>
              <![CDATA[<div class="test-message">&emsp;SWD generated correctly&emsp;<a href=".\ScreenShot\TC_6453_8659_01_MMVP-Login_36.png" target="_blank" >[ScreenShot]</a></div>]]>
            </line>
            <line>
              <![CDATA[<div class="test-message">&emsp;<--------------------- Iteration 0 is ended -----------------------></div>]]>
            </line>
            <line>
              <![CDATA[<div class="test-result"><br><font color="green"><strong> Test Passed. </strong></font> </div>&emsp;]]>
            </line>
          </reporter-output>
        </test-method> <!-- TC_6453_8659_01 -->
        <test-method status="PASS" signature="closeBrowser()[pri:0, instance:com.ssp.regression.insurer.testscripts.US_6453@50b494a6]" name="closeBrowser" is-config="true" duration-ms="1" started-at="2019-04-24T15:23:27Z" finished-at="2019-04-24T15:23:27Z">
          <reporter-output>
          </reporter-output>
        </test-method> <!-- closeBrowser -->
        <test-method status="PASS" signature="afterSuite()[pri:0, instance:com.ssp.regression.insurer.testscripts.US_6453@50b494a6]" name="afterSuite" is-config="true" duration-ms="2514" started-at="2019-04-24T15:23:27Z" finished-at="2019-04-24T15:23:30Z">
          <reporter-output>
          </reporter-output>
        </test-method> <!-- afterSuite -->
      </class> <!-- com.ssp.regression.insurer.testscripts.US_6453 -->
    </test> <!-- MMVP-Login -->
  </suite> <!-- SIAAS_Regression -->
</testng-results>
