<?xml version="1.0" encoding="UTF-8"?>
<testng-results skipped="0" failed="0" total="1" passed="1">
  <reporter-output>
    <line>
      <![CDATA[&emsp;<div class="test-title"> <strong><font size = "3" color = "#000080">TC_6636_6716 [MMVP-Login]</font> </strong> </div>&emsp;<div><strong>Steps:</strong></div><!-- Report -->&emsp;]]>
    </line>
    <line>
      <![CDATA[&emsp;<div class="test-title"> <strong><font size = "3" color = "#000080">This case is designed to test the functionality of 'Expand' link on search transactions screen.<small><b><i>[chrome_windows]</b></i></small></font> </strong> </div>&emsp;<div><strong>Steps:</strong></div>&emsp;]]>
    </line>
    <line>
      <![CDATA[<div class="test-message">&emsp;<--------------------- Iteration 0 is started -----------------------></div>]]>
    </line>
    <line>
      <![CDATA[<div class="test-event"> <font color="maroon"> <small> &emsp; &emsp;--- 22 Apr 12:21:43 442 - Page URL:: https://ssp-hl-platform-web-sit.ssp-development.com/authgateway/home/login?tenant_id=08d65513-b239-7a30-2994-9d9951f44f05&app_id=4ad08975-4fd7-44f4-98bf-5f5e66ec5435&redirect_url=http:%2f%2flocalhost%2fpure.portal%2fjwtauthprocess.aspx&response_type=code</small> </font> </div>]]>
    </line>
    <line>
      <![CDATA[<div class="test-event"> <font color="maroon"> <small> &emsp; &emsp;--- 22 Apr 12:21:43 444 - <b>0</b> - Page Load Wait: (Sync) - com.ssp.utils.WaitUtils.waitForPageLoad(WaitUtils.java:318)</small> </font> </div>]]>
    </line>
    <line>
      <![CDATA[<div class="test-message">&emsp;Successfully navigated to LoginScreen Page&emsp;</div>]]>
    </line>
    <line>
      <![CDATA[<div class="test-message">&emsp;Value of LoginScreen_Username_fieldLabel: ------->Username</div>]]>
    </line>
    <line>
      <![CDATA[<div class="test-message">&emsp;Value of LoginScreen_Username_id: ------->fldUserName</div>]]>
    </line>
    <line>
      <![CDATA[<div class="test-message">&emsp;Value of LoginScreen_Username_inputType: ------->alphanumeric</div>]]>
    </line>
    <line>
      <![CDATA[<div class="test-message">&emsp;Value of LoginScreen_Username_length: ------->10</div>]]>
    </line>
    <line>
      <![CDATA[<div class="test-message">&emsp;Value of LoginScreen_Username_pathType: ------->css</div>]]>
    </line>
    <line>
      <![CDATA[<div class="test-message">&emsp;Value of LoginScreen_Username_screenShot: ------->false</div>]]>
    </line>
    <line>
      <![CDATA[<div class="test-message">&emsp;Value of LoginScreen_Username_type: ------->textfield</div>]]>
    </line>
    <line>
      <![CDATA[<div class="test-event"> <font color="maroon"> <small> &emsp; &emsp;--- 22 Apr 12:21:44 595 - <b>1</b> - Spinner Load Wait: (Sync) - com.ssp.utils.WaitUtils.waitForSpinner(WaitUtils.java:130)</small> </font> </div>]]>
    </line>
    <line>
      <![CDATA[<div class="test-message">&emsp;Entered text inside Username : admin@redinsurance.com]]>
    </line>
    <line>
      <![CDATA[<div class="test-message">&emsp;Value of LoginScreen_Password_fieldLabel: ------->Password</div>]]>
    </line>
    <line>
      <![CDATA[<div class="test-message">&emsp;Value of LoginScreen_Password_id: ------->fldPassword</div>]]>
    </line>
    <line>
      <![CDATA[<div class="test-message">&emsp;Value of LoginScreen_Password_inputType: ------->alphanumeric</div>]]>
    </line>
    <line>
      <![CDATA[<div class="test-message">&emsp;Value of LoginScreen_Password_length: ------->10</div>]]>
    </line>
    <line>
      <![CDATA[<div class="test-message">&emsp;Value of LoginScreen_Password_pathType: ------->css</div>]]>
    </line>
    <line>
      <![CDATA[<div class="test-message">&emsp;Value of LoginScreen_Password_screenShot: ------->false</div>]]>
    </line>
    <line>
      <![CDATA[<div class="test-message">&emsp;Value of LoginScreen_Password_type: ------->textfield</div>]]>
    </line>
    <line>
      <![CDATA[<div class="test-event"> <font color="maroon"> <small> &emsp; &emsp;--- 22 Apr 12:21:46 122 - <b>1</b> - Spinner Load Wait: (Sync) - com.ssp.utils.WaitUtils.waitForSpinner(WaitUtils.java:130)</small> </font> </div>]]>
    </line>
    <line>
      <![CDATA[<div class="test-message">&emsp;Entered text inside Password : Password@2018]]>
    </line>
    <line>
      <![CDATA[<div class="test-message">&emsp;Value of LoginScreen_SignIn_fieldLabel: ------->SignIn</div>]]>
    </line>
    <line>
      <![CDATA[<div class="test-message">&emsp;Value of LoginScreen_SignIn_id: ------->btnSignIn</div>]]>
    </line>
    <line>
      <![CDATA[<div class="test-message">&emsp;Value of LoginScreen_SignIn_pathType: ------->css</div>]]>
    </line>
    <line>
      <![CDATA[<div class="test-message">&emsp;Value of LoginScreen_SignIn_screenShot: ------->false</div>]]>
    </line>
    <line>
      <![CDATA[<div class="test-message">&emsp;Value of LoginScreen_SignIn_type: ------->buttonJS</div>]]>
    </line>
    <line>
      <![CDATA[<div class="test-event"> <font color="maroon"> <small> &emsp; &emsp;--- 22 Apr 12:21:46 606 - Element is displayed:: [[RemoteWebDriver: chrome on XP (c3fffea31b1872882a79b979c92b1525)] -> css selector: #login_button[type='submit']]</small> </font> </div>]]>
    </line>
    <line>
      <![CDATA[<div class="test-message">&emsp;Click button is performed for SignIn]]>
    </line>
    <line>
      <![CDATA[<div class="test-event"> <font color="maroon"> <small> &emsp; &emsp;--- 22 Apr 12:21:47 159 - Page URL:: https://ssp-hl-platform-web-sit.ssp-development.com/authgateway/home/login?tenant_id=08d65513-b239-7a30-2994-9d9951f44f05&app_id=4ad08975-4fd7-44f4-98bf-5f5e66ec5435&redirect_url=http:%2f%2flocalhost%2fpure.portal%2fjwtauthprocess.aspx&response_type=code</small> </font> </div>]]>
    </line>
    <line>
      <![CDATA[<div class="test-event"> <font color="maroon"> <small> &emsp; &emsp;--- 22 Apr 12:21:47 160 - <b>0</b> - Page Load Wait: (Sync) - com.ssp.utils.WaitUtils.waitForPageLoad(WaitUtils.java:318)</small> </font> </div>]]>
    </line>
    <line>
      <![CDATA[<div class="test-message">&emsp;Successfully navigated to Home Page&emsp;</div>]]>
    </line>
    <line>
      <![CDATA[<div class="test-message">&emsp;Value of Home_ClientMenu_fieldLabel: ------->ClientMenu</div>]]>
    </line>
    <line>
      <![CDATA[<div class="test-message">&emsp;Value of Home_ClientMenu_id: ------->lnkClient</div>]]>
    </line>
    <line>
      <![CDATA[<div class="test-message">&emsp;Value of Home_ClientMenu_pathType: ------->css</div>]]>
    </line>
    <line>
      <![CDATA[<div class="test-message">&emsp;Value of Home_ClientMenu_screenShot: ------->false</div>]]>
    </line>
    <line>
      <![CDATA[<div class="test-message">&emsp;Value of Home_ClientMenu_type: ------->Button</div>]]>
    </line>
    <line>
      <![CDATA[<div class="test-event"> <font color="maroon"> <small> &emsp; &emsp;--- 22 Apr 12:21:56 577 - <b>1</b> - Spinner Load Wait: (Sync) - com.ssp.utils.WaitUtils.waitForSpinner(WaitUtils.java:130)</small> </font> </div>]]>
    </line>
    <line>
      <![CDATA[<div class="test-event"> <font color="maroon"> <small> &emsp; &emsp;--- 22 Apr 12:21:57 747 - <b>1</b> - Spinner Load Wait: (Sync) - com.ssp.utils.WaitUtils.waitForSpinner(WaitUtils.java:130)</small> </font> </div>]]>
    </line>
    <line>
      <![CDATA[<div class="test-message">&emsp;Clicked on button ClientMenu]]>
    </line>
    <line>
      <![CDATA[<div class="test-message">&emsp;Value of Home_NewCoporateclient_fieldLabel: ------->NewCoporateclient</div>]]>
    </line>
    <line>
      <![CDATA[<div class="test-message">&emsp;Value of Home_NewCoporateclient_id: ------->lnkNewCorporateClient</div>]]>
    </line>
    <line>
      <![CDATA[<div class="test-message">&emsp;Value of Home_NewCoporateclient_pathType: ------->css</div>]]>
    </line>
    <line>
      <![CDATA[<div class="test-message">&emsp;Value of Home_NewCoporateclient_screenShot: ------->false</div>]]>
    </line>
    <line>
      <![CDATA[<div class="test-message">&emsp;Value of Home_NewCoporateclient_type: ------->Button</div>]]>
    </line>
    <line>
      <![CDATA[<div class="test-event"> <font color="maroon"> <small> &emsp; &emsp;--- 22 Apr 12:21:58 792 - <b>1</b> - Spinner Load Wait: (Sync) - com.ssp.utils.WaitUtils.waitForSpinner(WaitUtils.java:130)</small> </font> </div>]]>
    </line>
    <line>
      <![CDATA[<div class="test-event"> <font color="maroon"> <small> &emsp; &emsp;--- 22 Apr 12:22:00 772 - <b>1</b> - Spinner Load Wait: (Sync) - com.ssp.utils.WaitUtils.waitForSpinner(WaitUtils.java:130)</small> </font> </div>]]>
    </line>
    <line>
      <![CDATA[<div class="test-message">&emsp;Clicked on button NewCoporateclient]]>
    </line>
    <line>
      <![CDATA[<div class="test-event"> <font color="maroon"> <small> &emsp; &emsp;--- 22 Apr 12:22:00 856 - Page URL:: http://localhost/pure.portal/secure/agent/corporateclientdetails.aspx?mode=add</small> </font> </div>]]>
    </line>
    <line>
      <![CDATA[<div class="test-event"> <font color="maroon"> <small> &emsp; &emsp;--- 22 Apr 12:22:00 858 - <b>0</b> - Page Load Wait: (Sync) - com.ssp.utils.WaitUtils.waitForPageLoad(WaitUtils.java:318)</small> </font> </div>]]>
    </line>
    <line>
      <![CDATA[<div class="test-message">&emsp;Successfully navigated to CorporateClient Page&emsp;</div>]]>
    </line>
    <line>
      <![CDATA[<div class="test-message">&emsp;Value of CorporateClient_CompanyName_fieldLabel: ------->CompanyName</div>]]>
    </line>
    <line>
      <![CDATA[<div class="test-message">&emsp;Value of CorporateClient_CompanyName_id: ------->fldCompanyName</div>]]>
    </line>
    <line>
      <![CDATA[<div class="test-message">&emsp;Value of CorporateClient_CompanyName_inputType: ------->alphanumeric</div>]]>
    </line>
    <line>
      <![CDATA[<div class="test-message">&emsp;Value of CorporateClient_CompanyName_length: ------->10</div>]]>
    </line>
    <line>
      <![CDATA[<div class="test-message">&emsp;Value of CorporateClient_CompanyName_pathType: ------->css</div>]]>
    </line>
    <line>
      <![CDATA[<div class="test-message">&emsp;Value of CorporateClient_CompanyName_screenShot: ------->false</div>]]>
    </line>
    <line>
      <![CDATA[<div class="test-message">&emsp;Value of CorporateClient_CompanyName_type: ------->textfield</div>]]>
    </line>
    <line>
      <![CDATA[<div class="test-event"> <font color="maroon"> <small> &emsp; &emsp;--- 22 Apr 12:22:01 924 - <b>1</b> - Spinner Load Wait: (Sync) - com.ssp.utils.WaitUtils.waitForSpinner(WaitUtils.java:130)</small> </font> </div>]]>
    </line>
    <line>
      <![CDATA[<div class="test-message">&emsp;Entered text inside CompanyName : SSPTestingP]]>
    </line>
    <line>
      <![CDATA[<div class="test-message">&emsp;Value of CorporateClient_BusinessDescription_fieldLabel: ------->BusinessDescription</div>]]>
    </line>
    <line>
      <![CDATA[<div class="test-message">&emsp;Value of CorporateClient_BusinessDescription_id: ------->fldBusinessDescription</div>]]>
    </line>
    <line>
      <![CDATA[<div class="test-message">&emsp;Value of CorporateClient_BusinessDescription_inputType: ------->alphanumeric</div>]]>
    </line>
    <line>
      <![CDATA[<div class="test-message">&emsp;Value of CorporateClient_BusinessDescription_length: ------->10</div>]]>
    </line>
    <line>
      <![CDATA[<div class="test-message">&emsp;Value of CorporateClient_BusinessDescription_pathType: ------->css</div>]]>
    </line>
    <line>
      <![CDATA[<div class="test-message">&emsp;Value of CorporateClient_BusinessDescription_screenShot: ------->false</div>]]>
    </line>
    <line>
      <![CDATA[<div class="test-message">&emsp;Value of CorporateClient_BusinessDescription_type: ------->textfield</div>]]>
    </line>
    <line>
      <![CDATA[<div class="test-event"> <font color="maroon"> <small> &emsp; &emsp;--- 22 Apr 12:22:03 601 - <b>1</b> - Spinner Load Wait: (Sync) - com.ssp.utils.WaitUtils.waitForSpinner(WaitUtils.java:130)</small> </font> </div>]]>
    </line>
    <line>
      <![CDATA[<div class="test-message">&emsp;Entered text inside BusinessDescription : Accounting Company]]>
    </line>
    <line>
      <![CDATA[<div class="test-message">&emsp;Value of CorporateClient_MainContact_fieldLabel: ------->MainContact</div>]]>
    </line>
    <line>
      <![CDATA[<div class="test-message">&emsp;Value of CorporateClient_MainContact_id: ------->fldMainContact</div>]]>
    </line>
    <line>
      <![CDATA[<div class="test-message">&emsp;Value of CorporateClient_MainContact_inputType: ------->alphanumeric</div>]]>
    </line>
    <line>
      <![CDATA[<div class="test-message">&emsp;Value of CorporateClient_MainContact_length: ------->10</div>]]>
    </line>
    <line>
      <![CDATA[<div class="test-message">&emsp;Value of CorporateClient_MainContact_pathType: ------->css</div>]]>
    </line>
    <line>
      <![CDATA[<div class="test-message">&emsp;Value of CorporateClient_MainContact_screenShot: ------->false</div>]]>
    </line>
    <line>
      <![CDATA[<div class="test-message">&emsp;Value of CorporateClient_MainContact_type: ------->textfield</div>]]>
    </line>
    <line>
      <![CDATA[<div class="test-event"> <font color="maroon"> <small> &emsp; &emsp;--- 22 Apr 12:22:04 982 - <b>1</b> - Spinner Load Wait: (Sync) - com.ssp.utils.WaitUtils.waitForSpinner(WaitUtils.java:130)</small> </font> </div>]]>
    </line>
    <line>
      <![CDATA[<div class="test-message">&emsp;Entered text inside MainContact : 1232331233]]>
    </line>
    <line>
      <![CDATA[<div class="test-message">&emsp;Value of CorporateClient_AccountExcecutive_fieldLabel: ------->AccountExcecutive</div>]]>
    </line>
    <line>
      <![CDATA[<div class="test-message">&emsp;Value of CorporateClient_AccountExcecutive_id: ------->drpAccountExcecutive</div>]]>
    </line>
    <line>
      <![CDATA[<div class="test-message">&emsp;Value of CorporateClient_AccountExcecutive_inputType: ------->alphanumeric</div>]]>
    </line>
    <line>
      <![CDATA[<div class="test-message">&emsp;Value of CorporateClient_AccountExcecutive_length: ------->10</div>]]>
    </line>
    <line>
      <![CDATA[<div class="test-message">&emsp;Value of CorporateClient_AccountExcecutive_pathType: ------->css</div>]]>
    </line>
    <line>
      <![CDATA[<div class="test-message">&emsp;Value of CorporateClient_AccountExcecutive_screenShot: ------->false</div>]]>
    </line>
    <line>
      <![CDATA[<div class="test-message">&emsp;Value of CorporateClient_AccountExcecutive_type: ------->select</div>]]>
    </line>
    <line>
      <![CDATA[<div class="test-event"> <font color="maroon"> <small> &emsp; &emsp;--- 22 Apr 12:22:05 621 - Element is displayed:: [[RemoteWebDriver: chrome on XP (c3fffea31b1872882a79b979c92b1525)] -> css selector: #ctl00_cntMainBody_ddlAccountExecutive]</small> </font> </div>]]>
    </line>
    <line>
      <![CDATA[<div class="test-message">&emsp;selected the dropdown AccountExcecutive option : SAM]]>
    </line>
    <line>
      <![CDATA[<div class="test-message">&emsp;Value of CorporateClient_Salutation_fieldLabel: ------->Salutation</div>]]>
    </line>
    <line>
      <![CDATA[<div class="test-message">&emsp;Value of CorporateClient_Salutation_id: ------->fldSalutation</div>]]>
    </line>
    <line>
      <![CDATA[<div class="test-message">&emsp;Value of CorporateClient_Salutation_inputType: ------->alphanumeric</div>]]>
    </line>
    <line>
      <![CDATA[<div class="test-message">&emsp;Value of CorporateClient_Salutation_length: ------->10</div>]]>
    </line>
    <line>
      <![CDATA[<div class="test-message">&emsp;Value of CorporateClient_Salutation_pathType: ------->css</div>]]>
    </line>
    <line>
      <![CDATA[<div class="test-message">&emsp;Value of CorporateClient_Salutation_screenShot: ------->false</div>]]>
    </line>
    <line>
      <![CDATA[<div class="test-message">&emsp;Value of CorporateClient_Salutation_type: ------->textfield</div>]]>
    </line>
    <line>
      <![CDATA[<div class="test-event"> <font color="maroon"> <small> &emsp; &emsp;--- 22 Apr 12:22:06 839 - <b>1</b> - Spinner Load Wait: (Sync) - com.ssp.utils.WaitUtils.waitForSpinner(WaitUtils.java:130)</small> </font> </div>]]>
    </line>
    <line>
      <![CDATA[<div class="test-message">&emsp;Entered text inside Salutation : Corporate]]>
    </line>
    <line>
      <![CDATA[<div class="test-message">&emsp;Value of CorporateClient_ThirdParty_fieldLabel: ------->ThirdParty</div>]]>
    </line>
    <line>
      <![CDATA[<div class="test-message">&emsp;Value of CorporateClient_ThirdParty_id: ------->drpThirdParty</div>]]>
    </line>
    <line>
      <![CDATA[<div class="test-message">&emsp;Value of CorporateClient_ThirdParty_inputType: ------->alphanumeric</div>]]>
    </line>
    <line>
      <![CDATA[<div class="test-message">&emsp;Value of CorporateClient_ThirdParty_length: ------->10</div>]]>
    </line>
    <line>
      <![CDATA[<div class="test-message">&emsp;Value of CorporateClient_ThirdParty_pathType: ------->css</div>]]>
    </line>
    <line>
      <![CDATA[<div class="test-message">&emsp;Value of CorporateClient_ThirdParty_screenShot: ------->false</div>]]>
    </line>
    <line>
      <![CDATA[<div class="test-message">&emsp;Value of CorporateClient_ThirdParty_type: ------->select</div>]]>
    </line>
    <line>
      <![CDATA[<div class="test-event"> <font color="maroon"> <small> &emsp; &emsp;--- 22 Apr 12:22:07 521 - Element is displayed:: [[RemoteWebDriver: chrome on XP (c3fffea31b1872882a79b979c92b1525)] -> css selector: #ctl00_cntMainBody_ddlThirdParty]</small> </font> </div>]]>
    </line>
    <line>
      <![CDATA[<div class="test-message">&emsp;selected the dropdown ThirdParty option : SSP Sub Agent]]>
    </line>
    <line>
      <![CDATA[<div class="test-message">&emsp;Value of CorporateClient_Business_fieldLabel: ------->Business</div>]]>
    </line>
    <line>
      <![CDATA[<div class="test-message">&emsp;Value of CorporateClient_Business_id: ------->drpBusiness</div>]]>
    </line>
    <line>
      <![CDATA[<div class="test-message">&emsp;Value of CorporateClient_Business_inputType: ------->alphanumeric</div>]]>
    </line>
    <line>
      <![CDATA[<div class="test-message">&emsp;Value of CorporateClient_Business_length: ------->10</div>]]>
    </line>
    <line>
      <![CDATA[<div class="test-message">&emsp;Value of CorporateClient_Business_pathType: ------->css</div>]]>
    </line>
    <line>
      <![CDATA[<div class="test-message">&emsp;Value of CorporateClient_Business_screenShot: ------->false</div>]]>
    </line>
    <line>
      <![CDATA[<div class="test-message">&emsp;Value of CorporateClient_Business_type: ------->select</div>]]>
    </line>
    <line>
      <![CDATA[<div class="test-event"> <font color="maroon"> <small> &emsp; &emsp;--- 22 Apr 12:22:07 838 - Element is displayed:: [[RemoteWebDriver: chrome on XP (c3fffea31b1872882a79b979c92b1525)] -> css selector: #ctl00_cntMainBody_GISLookup_Business]</small> </font> </div>]]>
    </line>
    <line>
      <![CDATA[<div class="test-message">&emsp;selected the dropdown Business option : Aerial Erector]]>
    </line>
    <line>
      <![CDATA[<div class="test-message">&emsp;Value of CorporateClient_AltIdentifier_fieldLabel: ------->AltIdentifier</div>]]>
    </line>
    <line>
      <![CDATA[<div class="test-message">&emsp;Value of CorporateClient_AltIdentifier_id: ------->fldAltIdentifier</div>]]>
    </line>
    <line>
      <![CDATA[<div class="test-message">&emsp;Value of CorporateClient_AltIdentifier_inputType: ------->alphanumeric</div>]]>
    </line>
    <line>
      <![CDATA[<div class="test-message">&emsp;Value of CorporateClient_AltIdentifier_length: ------->10</div>]]>
    </line>
    <line>
      <![CDATA[<div class="test-message">&emsp;Value of CorporateClient_AltIdentifier_pathType: ------->css</div>]]>
    </line>
    <line>
      <![CDATA[<div class="test-message">&emsp;Value of CorporateClient_AltIdentifier_screenShot: ------->false</div>]]>
    </line>
    <line>
      <![CDATA[<div class="test-message">&emsp;Value of CorporateClient_AltIdentifier_type: ------->textfield</div>]]>
    </line>
    <line>
      <![CDATA[<div class="test-event"> <font color="maroon"> <small> &emsp; &emsp;--- 22 Apr 12:22:09 053 - <b>1</b> - Spinner Load Wait: (Sync) - com.ssp.utils.WaitUtils.waitForSpinner(WaitUtils.java:130)</small> </font> </div>]]>
    </line>
    <line>
      <![CDATA[<div class="test-message">&emsp;Entered text inside AltIdentifier : SSP001]]>
    </line>
    <line>
      <![CDATA[<div class="test-message">&emsp;Value of CorporateClient_FileCode_fieldLabel: ------->FileCode</div>]]>
    </line>
    <line>
      <![CDATA[<div class="test-message">&emsp;Value of CorporateClient_FileCode_id: ------->fldFileCode</div>]]>
    </line>
    <line>
      <![CDATA[<div class="test-message">&emsp;Value of CorporateClient_FileCode_inputType: ------->alphanumeric</div>]]>
    </line>
    <line>
      <![CDATA[<div class="test-message">&emsp;Value of CorporateClient_FileCode_length: ------->10</div>]]>
    </line>
    <line>
      <![CDATA[<div class="test-message">&emsp;Value of CorporateClient_FileCode_pathType: ------->css</div>]]>
    </line>
    <line>
      <![CDATA[<div class="test-message">&emsp;Value of CorporateClient_FileCode_screenShot: ------->false</div>]]>
    </line>
    <line>
      <![CDATA[<div class="test-message">&emsp;Value of CorporateClient_FileCode_type: ------->textfield</div>]]>
    </line>
    <line>
      <![CDATA[<div class="test-event"> <font color="maroon"> <small> &emsp; &emsp;--- 22 Apr 12:22:10 492 - <b>1</b> - Spinner Load Wait: (Sync) - com.ssp.utils.WaitUtils.waitForSpinner(WaitUtils.java:130)</small> </font> </div>]]>
    </line>
    <line>
      <![CDATA[<div class="test-message">&emsp;Entered text inside FileCode : FC001]]>
    </line>
    <line>
      <![CDATA[<div class="test-message">&emsp;Value of CorporateClient_Prospect_fieldLabel: ------->Prospect</div>]]>
    </line>
    <line>
      <![CDATA[<div class="test-message">&emsp;Value of CorporateClient_Prospect_id: ------->chkProspect</div>]]>
    </line>
    <line>
      <![CDATA[<div class="test-message">&emsp;Value of CorporateClient_Prospect_inputType: ------->alphanumeric</div>]]>
    </line>
    <line>
      <![CDATA[<div class="test-message">&emsp;Value of CorporateClient_Prospect_length: ------->10</div>]]>
    </line>
    <line>
      <![CDATA[<div class="test-message">&emsp;Value of CorporateClient_Prospect_pathType: ------->xpath</div>]]>
    </line>
    <line>
      <![CDATA[<div class="test-message">&emsp;Value of CorporateClient_Prospect_screenShot: ------->true</div>]]>
    </line>
    <line>
      <![CDATA[<div class="test-message">&emsp;Value of CorporateClient_Prospect_type: ------->checkBox</div>]]>
    </line>
    <line>
      <![CDATA[<div class="test-message">&emsp;selected the checkbox : Prospect&emsp;<a href=".\ScreenShot\TC_6636_6716_MMVP-Login_1.png" target="_blank" >[ScreenShot]</a></div>]]>
    </line>
    <line>
      <![CDATA[<div class="test-message">&emsp;Value of CorporateClient_AdditionalInformationtab_fieldLabel: ------->AdditionalInformationtab</div>]]>
    </line>
    <line>
      <![CDATA[<div class="test-message">&emsp;Value of CorporateClient_AdditionalInformationtab_id: ------->tabAdditionalInformation</div>]]>
    </line>
    <line>
      <![CDATA[<div class="test-message">&emsp;Value of CorporateClient_AdditionalInformationtab_pathType: ------->css</div>]]>
    </line>
    <line>
      <![CDATA[<div class="test-message">&emsp;Value of CorporateClient_AdditionalInformationtab_screenShot: ------->false</div>]]>
    </line>
    <line>
      <![CDATA[<div class="test-message">&emsp;Value of CorporateClient_AdditionalInformationtab_type: ------->link</div>]]>
    </line>
    <line>
      <![CDATA[<div class="test-event"> <font color="maroon"> <small> &emsp; &emsp;--- 22 Apr 12:22:13 036 - Element is displayed:: [[RemoteWebDriver: chrome on XP (c3fffea31b1872882a79b979c92b1525)] -> css selector: a[href='#tab-editadditionalinformation']]</small> </font> </div>]]>
    </line>
    <line>
      <![CDATA[<div class="test-message">&emsp;Link clicked AdditionalInformationtab : ]]>
    </line>
    <line>
      <![CDATA[<div class="test-message">&emsp;Value of CorporateClient_TurnOvers_fieldLabel: ------->TurnOvers</div>]]>
    </line>
    <line>
      <![CDATA[<div class="test-message">&emsp;Value of CorporateClient_TurnOvers_id: ------->drpTurnOvers</div>]]>
    </line>
    <line>
      <![CDATA[<div class="test-message">&emsp;Value of CorporateClient_TurnOvers_inputType: ------->alphanumeric</div>]]>
    </line>
    <line>
      <![CDATA[<div class="test-message">&emsp;Value of CorporateClient_TurnOvers_length: ------->10</div>]]>
    </line>
    <line>
      <![CDATA[<div class="test-message">&emsp;Value of CorporateClient_TurnOvers_pathType: ------->css</div>]]>
    </line>
    <line>
      <![CDATA[<div class="test-message">&emsp;Value of CorporateClient_TurnOvers_screenShot: ------->true</div>]]>
    </line>
    <line>
      <![CDATA[<div class="test-message">&emsp;Value of CorporateClient_TurnOvers_type: ------->select</div>]]>
    </line>
    <line>
      <![CDATA[<div class="test-event"> <font color="maroon"> <small> &emsp; &emsp;--- 22 Apr 12:22:13 251 - Element is displayed:: [[RemoteWebDriver: chrome on XP (c3fffea31b1872882a79b979c92b1525)] -> css selector: #ctl00_cntMainBody_GISLookup_TurnOver]</small> </font> </div>]]>
    </line>
    <line>
      <![CDATA[<div class="test-message">&emsp;selected the dropdown TurnOvers option : >£100m&emsp;<a href=".\ScreenShot\TC_6636_6716_MMVP-Login_2.png" target="_blank" >[ScreenShot]</a></div>]]>
    </line>
    <line>
      <![CDATA[<div class="test-message">&emsp;Value of CorporateClient_enter Financial year_fieldLabel: ------->enter Financial year</div>]]>
    </line>
    <line>
      <![CDATA[<div class="test-message">&emsp;Value of CorporateClient_enter Financial year_id: ------->fldFinancialYear</div>]]>
    </line>
    <line>
      <![CDATA[<div class="test-message">&emsp;Value of CorporateClient_enter Financial year_inputType: ------->alphanumeric</div>]]>
    </line>
    <line>
      <![CDATA[<div class="test-message">&emsp;Value of CorporateClient_enter Financial year_length: ------->10</div>]]>
    </line>
    <line>
      <![CDATA[<div class="test-message">&emsp;Value of CorporateClient_enter Financial year_pathType: ------->css</div>]]>
    </line>
    <line>
      <![CDATA[<div class="test-message">&emsp;Value of CorporateClient_enter Financial year_screenShot: ------->true</div>]]>
    </line>
    <line>
      <![CDATA[<div class="test-message">&emsp;Value of CorporateClient_enter Financial year_type: ------->textfield</div>]]>
    </line>
    <line>
      <![CDATA[<div class="test-event"> <font color="maroon"> <small> &emsp; &emsp;--- 22 Apr 12:22:16 099 - <b>1</b> - Spinner Load Wait: (Sync) - com.ssp.utils.WaitUtils.waitForSpinner(WaitUtils.java:130)</small> </font> </div>]]>
    </line>
    <line>
      <![CDATA[<div class="test-message">&emsp;Entered text inside enter Financial year : 09/01&emsp;<a href=".\ScreenShot\TC_6636_6716_MMVP-Login_3.png" target="_blank" >[ScreenShot]</a></div>]]>
    </line>
    <line>
      <![CDATA[<div class="test-message">&emsp;Value of CorporateClient_spinnerWait_fieldLabel: ------->spinnerWait</div>]]>
    </line>
    <line>
      <![CDATA[<div class="test-message">&emsp;Value of CorporateClient_spinnerWait_id: ------->spinner</div>]]>
    </line>
    <line>
      <![CDATA[<div class="test-message">&emsp;Value of CorporateClient_spinnerWait_screenShot: ------->false</div>]]>
    </line>
    <line>
      <![CDATA[<div class="test-message">&emsp;Value of CorporateClient_spinnerWait_type: ------->selectSpinner</div>]]>
    </line>
    <line>
      <![CDATA[<div class="test-event"> <font color="maroon"> <small> &emsp; &emsp;--- 22 Apr 12:22:19 378 - <b>1</b> - Spinner Load Wait: (Sync) - com.ssp.utils.WaitUtils.waitForSpinner(WaitUtils.java:130)</small> </font> </div>]]>
    </line>
    <line>
      <![CDATA[<div class="test-message">&emsp;Value of CorporateClient_AddressesTab_fieldLabel: ------->AddressesTab</div>]]>
    </line>
    <line>
      <![CDATA[<div class="test-message">&emsp;Value of CorporateClient_AddressesTab_id: ------->tabAddresses</div>]]>
    </line>
    <line>
      <![CDATA[<div class="test-message">&emsp;Value of CorporateClient_AddressesTab_pathType: ------->css</div>]]>
    </line>
    <line>
      <![CDATA[<div class="test-message">&emsp;Value of CorporateClient_AddressesTab_screenShot: ------->true</div>]]>
    </line>
    <line>
      <![CDATA[<div class="test-message">&emsp;Value of CorporateClient_AddressesTab_type: ------->link</div>]]>
    </line>
    <line>
      <![CDATA[<div class="test-event"> <font color="maroon"> <small> &emsp; &emsp;--- 22 Apr 12:22:19 503 - Element is displayed:: [[RemoteWebDriver: chrome on XP (c3fffea31b1872882a79b979c92b1525)] -> css selector: a[href='#tab-editaddresses']]</small> </font> </div>]]>
    </line>
    <line>
      <![CDATA[<div class="test-message">&emsp;Link clicked AddressesTab : &emsp;<a href=".\ScreenShot\TC_6636_6716_MMVP-Login_4.png" target="_blank" >[ScreenShot]</a></div>]]>
    </line>
    <line>
      <![CDATA[<div class="test-message">&emsp;Value of CorporateClient_Add Address_fieldLabel: ------->Add Address</div>]]>
    </line>
    <line>
      <![CDATA[<div class="test-message">&emsp;Value of CorporateClient_Add Address_id: ------->lnkAddAddress</div>]]>
    </line>
    <line>
      <![CDATA[<div class="test-message">&emsp;Value of CorporateClient_Add Address_pathType: ------->css</div>]]>
    </line>
    <line>
      <![CDATA[<div class="test-message">&emsp;Value of CorporateClient_Add Address_screenShot: ------->false</div>]]>
    </line>
    <line>
      <![CDATA[<div class="test-message">&emsp;Value of CorporateClient_Add Address_type: ------->link</div>]]>
    </line>
    <line>
      <![CDATA[<div class="test-event"> <font color="maroon"> <small> &emsp; &emsp;--- 22 Apr 12:22:20 639 - Element is displayed:: [[RemoteWebDriver: chrome on XP (c3fffea31b1872882a79b979c92b1525)] -> css selector: #ctl00_cntMainBody_Addresses_hypAddress]</small> </font> </div>]]>
    </line>
    <line>
      <![CDATA[<div class="test-message">&emsp;Link clicked Add Address : ]]>
    </line>
    <line>
      <![CDATA[<div class="test-message">&emsp;Value of CorporateClient_spinnerWait_fieldLabel: ------->spinnerWait</div>]]>
    </line>
    <line>
      <![CDATA[<div class="test-message">&emsp;Value of CorporateClient_spinnerWait_id: ------->spinner</div>]]>
    </line>
    <line>
      <![CDATA[<div class="test-message">&emsp;Value of CorporateClient_spinnerWait_screenShot: ------->false</div>]]>
    </line>
    <line>
      <![CDATA[<div class="test-message">&emsp;Value of CorporateClient_spinnerWait_type: ------->selectSpinner</div>]]>
    </line>
    <line>
      <![CDATA[<div class="test-event"> <font color="maroon"> <small> &emsp; &emsp;--- 22 Apr 12:22:21 726 - <b>1</b> - Spinner Load Wait: (Sync) - com.ssp.utils.WaitUtils.waitForSpinner(WaitUtils.java:130)</small> </font> </div>]]>
    </line>
    <line>
      <![CDATA[<div class="test-message">&emsp;Value of CorporateClient_Switch to Iframe_fieldLabel: ------->Switch to Iframe</div>]]>
    </line>
    <line>
      <![CDATA[<div class="test-message">&emsp;Value of CorporateClient_Switch to Iframe_id: ------->iframeIn</div>]]>
    </line>
    <line>
      <![CDATA[<div class="test-message">&emsp;Value of CorporateClient_Switch to Iframe_screenShot: ------->false</div>]]>
    </line>
    <line>
      <![CDATA[<div class="test-message">&emsp;Value of CorporateClient_Switch to Iframe_type: ------->switchIframe</div>]]>
    </line>
    <line>
      <![CDATA[<div class="test-message">&emsp;Value of CorporateClient_AddressType_fieldLabel: ------->AddressType</div>]]>
    </line>
    <line>
      <![CDATA[<div class="test-message">&emsp;Value of CorporateClient_AddressType_id: ------->drpAddressType</div>]]>
    </line>
    <line>
      <![CDATA[<div class="test-message">&emsp;Value of CorporateClient_AddressType_pathType: ------->css</div>]]>
    </line>
    <line>
      <![CDATA[<div class="test-message">&emsp;Value of CorporateClient_AddressType_screenShot: ------->false</div>]]>
    </line>
    <line>
      <![CDATA[<div class="test-message">&emsp;Value of CorporateClient_AddressType_type: ------->select</div>]]>
    </line>
    <line>
      <![CDATA[<div class="test-event"> <font color="maroon"> <small> &emsp; &emsp;--- 22 Apr 12:22:21 967 - Element is displayed:: [[RemoteWebDriver: chrome on XP (c3fffea31b1872882a79b979c92b1525)] -> css selector: #ctl00_cntMainBody_GISLookup_Type]</small> </font> </div>]]>
    </line>
    <line>
      <![CDATA[<div class="test-message">&emsp;selected the dropdown AddressType option : Correspondence Address]]>
    </line>
    <line>
      <![CDATA[<div class="test-message">&emsp;Value of CorporateClient_Street_fieldLabel: ------->Street</div>]]>
    </line>
    <line>
      <![CDATA[<div class="test-message">&emsp;Value of CorporateClient_Street_id: ------->fldStreet</div>]]>
    </line>
    <line>
      <![CDATA[<div class="test-message">&emsp;Value of CorporateClient_Street_pathType: ------->css</div>]]>
    </line>
    <line>
      <![CDATA[<div class="test-message">&emsp;Value of CorporateClient_Street_screenShot: ------->false</div>]]>
    </line>
    <line>
      <![CDATA[<div class="test-message">&emsp;Value of CorporateClient_Street_type: ------->textfield</div>]]>
    </line>
    <line>
      <![CDATA[<div class="test-event"> <font color="maroon"> <small> &emsp; &emsp;--- 22 Apr 12:22:23 086 - <b>1</b> - Spinner Load Wait: (Sync) - com.ssp.utils.WaitUtils.waitForSpinner(WaitUtils.java:130)</small> </font> </div>]]>
    </line>
    <line>
      <![CDATA[<div class="test-message">&emsp;Entered text inside Street : Line 1]]>
    </line>
    <line>
      <![CDATA[<div class="test-message">&emsp;Value of CorporateClient_Postcode_fieldLabel: ------->Postcode</div>]]>
    </line>
    <line>
      <![CDATA[<div class="test-message">&emsp;Value of CorporateClient_Postcode_id: ------->fldPostCode</div>]]>
    </line>
    <line>
      <![CDATA[<div class="test-message">&emsp;Value of CorporateClient_Postcode_pathType: ------->css</div>]]>
    </line>
    <line>
      <![CDATA[<div class="test-message">&emsp;Value of CorporateClient_Postcode_screenShot: ------->false</div>]]>
    </line>
    <line>
      <![CDATA[<div class="test-message">&emsp;Value of CorporateClient_Postcode_type: ------->textfield</div>]]>
    </line>
    <line>
      <![CDATA[<div class="test-event"> <font color="maroon"> <small> &emsp; &emsp;--- 22 Apr 12:22:24 561 - <b>1</b> - Spinner Load Wait: (Sync) - com.ssp.utils.WaitUtils.waitForSpinner(WaitUtils.java:130)</small> </font> </div>]]>
    </line>
    <line>
      <![CDATA[<div class="test-message">&emsp;Entered text inside Postcode : B37 7YE]]>
    </line>
    <line>
      <![CDATA[<div class="test-message">&emsp;Value of CorporateClient_Locality_fieldLabel: ------->Locality</div>]]>
    </line>
    <line>
      <![CDATA[<div class="test-message">&emsp;Value of CorporateClient_Locality_id: ------->fldLocality</div>]]>
    </line>
    <line>
      <![CDATA[<div class="test-message">&emsp;Value of CorporateClient_Locality_pathType: ------->css</div>]]>
    </line>
    <line>
      <![CDATA[<div class="test-message">&emsp;Value of CorporateClient_Locality_screenShot: ------->false</div>]]>
    </line>
    <line>
      <![CDATA[<div class="test-message">&emsp;Value of CorporateClient_Locality_type: ------->textfield</div>]]>
    </line>
    <line>
      <![CDATA[<div class="test-event"> <font color="maroon"> <small> &emsp; &emsp;--- 22 Apr 12:22:26 076 - <b>1</b> - Spinner Load Wait: (Sync) - com.ssp.utils.WaitUtils.waitForSpinner(WaitUtils.java:130)</small> </font> </div>]]>
    </line>
    <line>
      <![CDATA[<div class="test-message">&emsp;Entered text inside Locality : Locality]]>
    </line>
    <line>
      <![CDATA[<div class="test-message">&emsp;Value of CorporateClient_Town_fieldLabel: ------->Town</div>]]>
    </line>
    <line>
      <![CDATA[<div class="test-message">&emsp;Value of CorporateClient_Town_id: ------->fldTown</div>]]>
    </line>
    <line>
      <![CDATA[<div class="test-message">&emsp;Value of CorporateClient_Town_pathType: ------->css</div>]]>
    </line>
    <line>
      <![CDATA[<div class="test-message">&emsp;Value of CorporateClient_Town_screenShot: ------->false</div>]]>
    </line>
    <line>
      <![CDATA[<div class="test-message">&emsp;Value of CorporateClient_Town_type: ------->textfield</div>]]>
    </line>
    <line>
      <![CDATA[<div class="test-event"> <font color="maroon"> <small> &emsp; &emsp;--- 22 Apr 12:22:27 565 - <b>1</b> - Spinner Load Wait: (Sync) - com.ssp.utils.WaitUtils.waitForSpinner(WaitUtils.java:130)</small> </font> </div>]]>
    </line>
    <line>
      <![CDATA[<div class="test-message">&emsp;Entered text inside Town : Town]]>
    </line>
    <line>
      <![CDATA[<div class="test-message">&emsp;Value of CorporateClient_Country_fieldLabel: ------->Country</div>]]>
    </line>
    <line>
      <![CDATA[<div class="test-message">&emsp;Value of CorporateClient_Country_id: ------->drpCountry</div>]]>
    </line>
    <line>
      <![CDATA[<div class="test-message">&emsp;Value of CorporateClient_Country_pathType: ------->css</div>]]>
    </line>
    <line>
      <![CDATA[<div class="test-message">&emsp;Value of CorporateClient_Country_screenShot: ------->true</div>]]>
    </line>
    <line>
      <![CDATA[<div class="test-message">&emsp;Value of CorporateClient_Country_type: ------->select</div>]]>
    </line>
    <line>
      <![CDATA[<div class="test-event"> <font color="maroon"> <small> &emsp; &emsp;--- 22 Apr 12:22:28 080 - Element is displayed:: [[RemoteWebDriver: chrome on XP (c3fffea31b1872882a79b979c92b1525)] -> css selector: select#ctl00_cntMainBody_GISLookup_Country]</small> </font> </div>]]>
    </line>
    <line>
      <![CDATA[<div class="test-message">&emsp;selected the dropdown Country option : United Kingdom&emsp;<a href=".\ScreenShot\TC_6636_6716_MMVP-Login_5.png" target="_blank" >[ScreenShot]</a></div>]]>
    </line>
    <line>
      <![CDATA[<div class="test-message">&emsp;Value of CorporateClient_Add button_fieldLabel: ------->Add button</div>]]>
    </line>
    <line>
      <![CDATA[<div class="test-message">&emsp;Value of CorporateClient_Add button_id: ------->btnAddInAddress</div>]]>
    </line>
    <line>
      <![CDATA[<div class="test-message">&emsp;Value of CorporateClient_Add button_pathType: ------->css</div>]]>
    </line>
    <line>
      <![CDATA[<div class="test-message">&emsp;Value of CorporateClient_Add button_screenShot: ------->false</div>]]>
    </line>
    <line>
      <![CDATA[<div class="test-message">&emsp;Value of CorporateClient_Add button_type: ------->buttonJS</div>]]>
    </line>
    <line>
      <![CDATA[<div class="test-event"> <font color="maroon"> <small> &emsp; &emsp;--- 22 Apr 12:22:29 115 - Element is displayed:: [[RemoteWebDriver: chrome on XP (c3fffea31b1872882a79b979c92b1525)] -> css selector: #ctl00_cntMainBody_btnAddAddress]</small> </font> </div>]]>
    </line>
    <line>
      <![CDATA[<div class="test-message">&emsp;Click button is performed for Add button]]>
    </line>
    <line>
      <![CDATA[<div class="test-message">&emsp;Value of CorporateClient_Switch to Iframe_fieldLabel: ------->Switch to Iframe</div>]]>
    </line>
    <line>
      <![CDATA[<div class="test-message">&emsp;Value of CorporateClient_Switch to Iframe_id: ------->iframeOut</div>]]>
    </line>
    <line>
      <![CDATA[<div class="test-message">&emsp;Value of CorporateClient_Switch to Iframe_screenShot: ------->false</div>]]>
    </line>
    <line>
      <![CDATA[<div class="test-message">&emsp;Value of CorporateClient_Switch to Iframe_type: ------->returnIframe</div>]]>
    </line>
    <line>
      <![CDATA[<div class="test-message">&emsp;Value of CorporateClient_ContactsTab_fieldLabel: ------->ContactsTab</div>]]>
    </line>
    <line>
      <![CDATA[<div class="test-message">&emsp;Value of CorporateClient_ContactsTab_id: ------->tabContacts</div>]]>
    </line>
    <line>
      <![CDATA[<div class="test-message">&emsp;Value of CorporateClient_ContactsTab_pathType: ------->css</div>]]>
    </line>
    <line>
      <![CDATA[<div class="test-message">&emsp;Value of CorporateClient_ContactsTab_screenShot: ------->true</div>]]>
    </line>
    <line>
      <![CDATA[<div class="test-message">&emsp;Value of CorporateClient_ContactsTab_type: ------->link</div>]]>
    </line>
    <line>
      <![CDATA[<div class="test-event"> <font color="maroon"> <small> &emsp; &emsp;--- 22 Apr 12:22:29 780 - Element is displayed:: [[RemoteWebDriver: chrome on XP (c3fffea31b1872882a79b979c92b1525)] -> css selector: a[href='#tab-editcontacts']]</small> </font> </div>]]>
    </line>
    <line>
      <![CDATA[<div class="test-message">&emsp;Link clicked ContactsTab : &emsp;<a href=".\ScreenShot\TC_6636_6716_MMVP-Login_6.png" target="_blank" >[ScreenShot]</a></div>]]>
    </line>
    <line>
      <![CDATA[<div class="test-message">&emsp;Value of CorporateClient_Add Contact_fieldLabel: ------->Add Contact</div>]]>
    </line>
    <line>
      <![CDATA[<div class="test-message">&emsp;Value of CorporateClient_Add Contact_id: ------->lnkAddContact</div>]]>
    </line>
    <line>
      <![CDATA[<div class="test-message">&emsp;Value of CorporateClient_Add Contact_pathType: ------->css</div>]]>
    </line>
    <line>
      <![CDATA[<div class="test-message">&emsp;Value of CorporateClient_Add Contact_screenShot: ------->true</div>]]>
    </line>
    <line>
      <![CDATA[<div class="test-message">&emsp;Value of CorporateClient_Add Contact_type: ------->link</div>]]>
    </line>
    <line>
      <![CDATA[<div class="test-event"> <font color="maroon"> <small> &emsp; &emsp;--- 22 Apr 12:22:30 940 - Element is displayed:: [[RemoteWebDriver: chrome on XP (c3fffea31b1872882a79b979c92b1525)] -> css selector: #ctl00_cntMainBody_Contact_hypContact]</small> </font> </div>]]>
    </line>
    <line>
      <![CDATA[<div class="test-message">&emsp;Link clicked Add Contact : &emsp;<a href=".\ScreenShot\TC_6636_6716_MMVP-Login_7.png" target="_blank" >[ScreenShot]</a></div>]]>
    </line>
    <line>
      <![CDATA[<div class="test-message">&emsp;Value of CorporateClient_spinnerWait_fieldLabel: ------->spinnerWait</div>]]>
    </line>
    <line>
      <![CDATA[<div class="test-message">&emsp;Value of CorporateClient_spinnerWait_id: ------->spinner</div>]]>
    </line>
    <line>
      <![CDATA[<div class="test-message">&emsp;Value of CorporateClient_spinnerWait_screenShot: ------->false</div>]]>
    </line>
    <line>
      <![CDATA[<div class="test-message">&emsp;Value of CorporateClient_spinnerWait_type: ------->selectSpinner</div>]]>
    </line>
    <line>
      <![CDATA[<div class="test-event"> <font color="maroon"> <small> &emsp; &emsp;--- 22 Apr 12:22:33 247 - <b>1</b> - Spinner Load Wait: (Sync) - com.ssp.utils.WaitUtils.waitForSpinner(WaitUtils.java:130)</small> </font> </div>]]>
    </line>
    <line>
      <![CDATA[<div class="test-message">&emsp;Value of CorporateClient_Switch to Iframe_fieldLabel: ------->Switch to Iframe</div>]]>
    </line>
    <line>
      <![CDATA[<div class="test-message">&emsp;Value of CorporateClient_Switch to Iframe_id: ------->iframeIn</div>]]>
    </line>
    <line>
      <![CDATA[<div class="test-message">&emsp;Value of CorporateClient_Switch to Iframe_screenShot: ------->false</div>]]>
    </line>
    <line>
      <![CDATA[<div class="test-message">&emsp;Value of CorporateClient_Switch to Iframe_type: ------->switchIframe</div>]]>
    </line>
    <line>
      <![CDATA[<div class="test-message">&emsp;Value of CorporateClient_ContactType_fieldLabel: ------->ContactType</div>]]>
    </line>
    <line>
      <![CDATA[<div class="test-message">&emsp;Value of CorporateClient_ContactType_id: ------->drpContactType</div>]]>
    </line>
    <line>
      <![CDATA[<div class="test-message">&emsp;Value of CorporateClient_ContactType_pathType: ------->css</div>]]>
    </line>
    <line>
      <![CDATA[<div class="test-message">&emsp;Value of CorporateClient_ContactType_screenShot: ------->true</div>]]>
    </line>
    <line>
      <![CDATA[<div class="test-message">&emsp;Value of CorporateClient_ContactType_type: ------->select</div>]]>
    </line>
    <line>
      <![CDATA[<div class="test-event"> <font color="maroon"> <small> &emsp; &emsp;--- 22 Apr 12:22:33 467 - Element is displayed:: [[RemoteWebDriver: chrome on XP (c3fffea31b1872882a79b979c92b1525)] -> css selector: #ctl00_cntMainBody_GISContactType]</small> </font> </div>]]>
    </line>
    <line>
      <![CDATA[<div class="test-message">&emsp;selected the dropdown ContactType option : Email&emsp;<a href=".\ScreenShot\TC_6636_6716_MMVP-Login_8.png" target="_blank" >[ScreenShot]</a></div>]]>
    </line>
    <line>
      <![CDATA[<div class="test-message">&emsp;Value of CorporateClient_Email_fieldLabel: ------->Email</div>]]>
    </line>
    <line>
      <![CDATA[<div class="test-message">&emsp;Value of CorporateClient_Email_id: ------->fldEmail</div>]]>
    </line>
    <line>
      <![CDATA[<div class="test-message">&emsp;Value of CorporateClient_Email_pathType: ------->css</div>]]>
    </line>
    <line>
      <![CDATA[<div class="test-message">&emsp;Value of CorporateClient_Email_screenShot: ------->true</div>]]>
    </line>
    <line>
      <![CDATA[<div class="test-message">&emsp;Value of CorporateClient_Email_type: ------->textfield</div>]]>
    </line>
    <line>
      <![CDATA[<div class="test-event"> <font color="maroon"> <small> &emsp; &emsp;--- 22 Apr 12:22:35 736 - <b>1</b> - Spinner Load Wait: (Sync) - com.ssp.utils.WaitUtils.waitForSpinner(WaitUtils.java:130)</small> </font> </div>]]>
    </line>
    <line>
      <![CDATA[<div class="test-message">&emsp;Entered text inside Email : heartland@s.com&emsp;<a href=".\ScreenShot\TC_6636_6716_MMVP-Login_9.png" target="_blank" >[ScreenShot]</a></div>]]>
    </line>
    <line>
      <![CDATA[<div class="test-message">&emsp;Value of CorporateClient_Main_fieldLabel: ------->Main</div>]]>
    </line>
    <line>
      <![CDATA[<div class="test-message">&emsp;Value of CorporateClient_Main_id: ------->chkMain</div>]]>
    </line>
    <line>
      <![CDATA[<div class="test-message">&emsp;Value of CorporateClient_Main_pathType: ------->css</div>]]>
    </line>
    <line>
      <![CDATA[<div class="test-message">&emsp;Value of CorporateClient_Main_screenShot: ------->true</div>]]>
    </line>
    <line>
      <![CDATA[<div class="test-message">&emsp;Value of CorporateClient_Main_type: ------->checkBox</div>]]>
    </line>
    <line>
      <![CDATA[<div class="test-message">&emsp;selected the checkbox : Main&emsp;<a href=".\ScreenShot\TC_6636_6716_MMVP-Login_10.png" target="_blank" >[ScreenShot]</a></div>]]>
    </line>
    <line>
      <![CDATA[<div class="test-message">&emsp;Value of CorporateClient_spinnerWait_fieldLabel: ------->spinnerWait</div>]]>
    </line>
    <line>
      <![CDATA[<div class="test-message">&emsp;Value of CorporateClient_spinnerWait_id: ------->spinner</div>]]>
    </line>
    <line>
      <![CDATA[<div class="test-message">&emsp;Value of CorporateClient_spinnerWait_screenShot: ------->false</div>]]>
    </line>
    <line>
      <![CDATA[<div class="test-message">&emsp;Value of CorporateClient_spinnerWait_type: ------->selectSpinner</div>]]>
    </line>
    <line>
      <![CDATA[<div class="test-event"> <font color="maroon"> <small> &emsp; &emsp;--- 22 Apr 12:22:39 229 - <b>1</b> - Spinner Load Wait: (Sync) - com.ssp.utils.WaitUtils.waitForSpinner(WaitUtils.java:130)</small> </font> </div>]]>
    </line>
    <line>
      <![CDATA[<div class="test-message">&emsp;Value of CorporateClient_Add button_fieldLabel: ------->Add button</div>]]>
    </line>
    <line>
      <![CDATA[<div class="test-message">&emsp;Value of CorporateClient_Add button_id: ------->btnAddInContact</div>]]>
    </line>
    <line>
      <![CDATA[<div class="test-message">&emsp;Value of CorporateClient_Add button_pathType: ------->css</div>]]>
    </line>
    <line>
      <![CDATA[<div class="test-message">&emsp;Value of CorporateClient_Add button_screenShot: ------->false</div>]]>
    </line>
    <line>
      <![CDATA[<div class="test-message">&emsp;Value of CorporateClient_Add button_type: ------->Button</div>]]>
    </line>
    <line>
      <![CDATA[<div class="test-event"> <font color="maroon"> <small> &emsp; &emsp;--- 22 Apr 12:22:40 260 - <b>1</b> - Spinner Load Wait: (Sync) - com.ssp.utils.WaitUtils.waitForSpinner(WaitUtils.java:130)</small> </font> </div>]]>
    </line>
    <line>
      <![CDATA[<div class="test-event"> <font color="maroon"> <small> &emsp; &emsp;--- 22 Apr 12:22:41 899 - <b>1</b> - Spinner Load Wait: (Sync) - com.ssp.utils.WaitUtils.waitForSpinner(WaitUtils.java:130)</small> </font> </div>]]>
    </line>
    <line>
      <![CDATA[<div class="test-message">&emsp;Clicked on button Add button]]>
    </line>
    <line>
      <![CDATA[<div class="test-message">&emsp;Value of CorporateClient_Switch to Iframe_fieldLabel: ------->Switch to Iframe</div>]]>
    </line>
    <line>
      <![CDATA[<div class="test-message">&emsp;Value of CorporateClient_Switch to Iframe_id: ------->iframeOut</div>]]>
    </line>
    <line>
      <![CDATA[<div class="test-message">&emsp;Value of CorporateClient_Switch to Iframe_screenShot: ------->false</div>]]>
    </line>
    <line>
      <![CDATA[<div class="test-message">&emsp;Value of CorporateClient_Switch to Iframe_type: ------->returnIframe</div>]]>
    </line>
    <line>
      <![CDATA[<div class="test-message">&emsp;Value of CorporateClient_SubmitButton_fieldLabel: ------->SubmitButton</div>]]>
    </line>
    <line>
      <![CDATA[<div class="test-message">&emsp;Value of CorporateClient_SubmitButton_id: ------->btnSubmit</div>]]>
    </line>
    <line>
      <![CDATA[<div class="test-message">&emsp;Value of CorporateClient_SubmitButton_pathType: ------->css</div>]]>
    </line>
    <line>
      <![CDATA[<div class="test-message">&emsp;Value of CorporateClient_SubmitButton_screenShot: ------->true</div>]]>
    </line>
    <line>
      <![CDATA[<div class="test-message">&emsp;Value of CorporateClient_SubmitButton_type: ------->buttonJS</div>]]>
    </line>
    <line>
      <![CDATA[<div class="test-event"> <font color="maroon"> <small> &emsp; &emsp;--- 22 Apr 12:22:42 049 - Element is displayed:: [[RemoteWebDriver: chrome on XP (c3fffea31b1872882a79b979c92b1525)] -> css selector: #ctl00_cntMainBody_btnSubmit]</small> </font> </div>]]>
    </line>
    <line>
      <![CDATA[<div class="test-message">&emsp;Click button is performed for SubmitButton&emsp;<a href=".\ScreenShot\TC_6636_6716_MMVP-Login_11.png" target="_blank" >[ScreenShot]</a></div>]]>
    </line>
    <line>
      <![CDATA[<div class="test-event"> <font color="maroon"> <small> &emsp; &emsp;--- 22 Apr 12:22:46 176 - Page URL:: http://localhost/pure.portal/secure/agent/corporateclientdetails.aspx?partykey=170&code=ssptestingp140</small> </font> </div>]]>
    </line>
    <line>
      <![CDATA[<div class="test-event"> <font color="maroon"> <small> &emsp; &emsp;--- 22 Apr 12:22:46 177 - <b>0</b> - Page Load Wait: (Sync) - com.ssp.utils.WaitUtils.waitForPageLoad(WaitUtils.java:318)</small> </font> </div>]]>
    </line>
    <line>
      <![CDATA[<div class="test-message">&emsp;Successfully navigated to CorporateClient Page&emsp;</div>]]>
    </line>
    <line>
      <![CDATA[<div class="test-message">&emsp;Value of CorporateClient_Client Details_errorMessage: ------->Client details page is not displayed</div>]]>
    </line>
    <line>
      <![CDATA[<div class="test-message">&emsp;Value of CorporateClient_Client Details_fieldLabel: ------->Client Details</div>]]>
    </line>
    <line>
      <![CDATA[<div class="test-message">&emsp;Value of CorporateClient_Client Details_id: ------->txtClientDetails</div>]]>
    </line>
    <line>
      <![CDATA[<div class="test-message">&emsp;Value of CorporateClient_Client Details_pathType: ------->css</div>]]>
    </line>
    <line>
      <![CDATA[<div class="test-message">&emsp;Value of CorporateClient_Client Details_screenShot: ------->true</div>]]>
    </line>
    <line>
      <![CDATA[<div class="test-message">&emsp;Value of CorporateClient_Client Details_type: ------->assertDisplayPositive</div>]]>
    </line>
    <line>
      <![CDATA[<div class="test-message">&emsp;Value of CorporateClient_Client Details_validMessage: ------->Client details page is displayed</div>]]>
    </line>
    <line>
      <![CDATA[<div class="test-event"> <font color="maroon"> <small> &emsp; &emsp;--- 22 Apr 12:22:46 324 - Element is displayed:: [[RemoteWebDriver: chrome on XP (c3fffea31b1872882a79b979c92b1525)] -> css selector: #ctl00_cntMainBody_lblViewClient]</small> </font> </div>]]>
    </line>
    <line>
      <![CDATA[<div class="test-message">&emsp;Client details page is displayed&emsp;<a href=".\ScreenShot\TC_6636_6716_MMVP-Login_13.png" target="_blank" >[ScreenShot]</a></div>]]>
    </line>
    <line>
      <![CDATA[<div class="test-message">&emsp;Value of CorporateClient_CompanyName_errorMessage: ------->Corporate Client name is not created</div>]]>
    </line>
    <line>
      <![CDATA[<div class="test-message">&emsp;Value of CorporateClient_CompanyName_fieldLabel: ------->CompanyName</div>]]>
    </line>
    <line>
      <![CDATA[<div class="test-message">&emsp;Value of CorporateClient_CompanyName_id: ------->txtCompanyName</div>]]>
    </line>
    <line>
      <![CDATA[<div class="test-message">&emsp;Value of CorporateClient_CompanyName_pathType: ------->css</div>]]>
    </line>
    <line>
      <![CDATA[<div class="test-message">&emsp;Value of CorporateClient_CompanyName_screenShot: ------->false</div>]]>
    </line>
    <line>
      <![CDATA[<div class="test-message">&emsp;Value of CorporateClient_CompanyName_type: ------->assertGetText</div>]]>
    </line>
    <line>
      <![CDATA[<div class="test-message">&emsp;Value of CorporateClient_CompanyName_validMessage: ------->Corporate Client name is created successfully</div>]]>
    </line>
    <line>
      <![CDATA[<div class="test-event"> <font color="maroon"> <small> &emsp; &emsp;--- 22 Apr 12:22:50 377 - <b>1</b> - Spinner Load Wait: (Sync) - com.ssp.utils.WaitUtils.waitForSpinner(WaitUtils.java:130)</small> </font> </div>]]>
    </line>
    <line>
      <![CDATA[<div class="test-message">&emsp;Corporate Client name is created successfully</div>]]>
    </line>
    <line>
      <![CDATA[<div class="test-message">&emsp;Value of CorporateClient_Company Code_fieldLabel: ------->Company Code</div>]]>
    </line>
    <line>
      <![CDATA[<div class="test-message">&emsp;Value of CorporateClient_Company Code_id: ------->getCompanyCode</div>]]>
    </line>
    <line>
      <![CDATA[<div class="test-message">&emsp;Value of CorporateClient_Company Code_pathType: ------->css</div>]]>
    </line>
    <line>
      <![CDATA[<div class="test-message">&emsp;Value of CorporateClient_Company Code_screenShot: ------->true</div>]]>
    </line>
    <line>
      <![CDATA[<div class="test-message">&emsp;Value of CorporateClient_Company Code_type: ------->dynamicHashMap</div>]]>
    </line>
    <line>
      <![CDATA[<div class="test-message">&emsp;Value Displayed for Company Code : SSPTESTINGP140&emsp;<a href=".\ScreenShot\TC_6636_6716_MMVP-Login_14.png" target="_blank" >[ScreenShot]</a></div>]]>
    </line>
    <line>
      <![CDATA[<div class="test-event"> <font color="maroon"> <small> &emsp; &emsp;--- 22 Apr 12:22:52 084 - Page URL:: http://localhost/pure.portal/secure/agent/corporateclientdetails.aspx?partykey=170&code=ssptestingp140</small> </font> </div>]]>
    </line>
    <line>
      <![CDATA[<div class="test-event"> <font color="maroon"> <small> &emsp; &emsp;--- 22 Apr 12:22:52 085 - <b>0</b> - Page Load Wait: (Sync) - com.ssp.utils.WaitUtils.waitForPageLoad(WaitUtils.java:318)</small> </font> </div>]]>
    </line>
    <line>
      <![CDATA[<div class="test-message">&emsp;Successfully navigated to ViewClientDetails Page&emsp;</div>]]>
    </line>
    <line>
      <![CDATA[<div class="test-message">&emsp;Value of ViewClientDetails_SelectProduct_fieldLabel: ------->SelectProduct</div>]]>
    </line>
    <line>
      <![CDATA[<div class="test-message">&emsp;Value of ViewClientDetails_SelectProduct_id: ------->drpSelectProduct</div>]]>
    </line>
    <line>
      <![CDATA[<div class="test-message">&emsp;Value of ViewClientDetails_SelectProduct_pathType: ------->css</div>]]>
    </line>
    <line>
      <![CDATA[<div class="test-message">&emsp;Value of ViewClientDetails_SelectProduct_screenShot: ------->true</div>]]>
    </line>
    <line>
      <![CDATA[<div class="test-message">&emsp;Value of ViewClientDetails_SelectProduct_type: ------->select</div>]]>
    </line>
    <line>
      <![CDATA[<div class="test-event"> <font color="maroon"> <small> &emsp; &emsp;--- 22 Apr 12:22:52 226 - Element is displayed:: [[RemoteWebDriver: chrome on XP (c3fffea31b1872882a79b979c92b1525)] -> css selector: select#ctl00_cntMainBody_ctrlNewQuoteImproved_ddlProductlst]</small> </font> </div>]]>
    </line>
    <line>
      <![CDATA[<div class="test-message">&emsp;selected the dropdown SelectProduct option : HIUA Phase 1 GLU&emsp;<a href=".\ScreenShot\TC_6636_6716_MMVP-Login_15.png" target="_blank" >[ScreenShot]</a></div>]]>
    </line>
    <line>
      <![CDATA[<div class="test-message">&emsp;Value of ViewClientDetails_New quote Button_fieldLabel: ------->New quote Button</div>]]>
    </line>
    <line>
      <![CDATA[<div class="test-message">&emsp;Value of ViewClientDetails_New quote Button_id: ------->btnNewQuote</div>]]>
    </line>
    <line>
      <![CDATA[<div class="test-message">&emsp;Value of ViewClientDetails_New quote Button_pathType: ------->css</div>]]>
    </line>
    <line>
      <![CDATA[<div class="test-message">&emsp;Value of ViewClientDetails_New quote Button_screenShot: ------->false</div>]]>
    </line>
    <line>
      <![CDATA[<div class="test-message">&emsp;Value of ViewClientDetails_New quote Button_type: ------->Button</div>]]>
    </line>
    <line>
      <![CDATA[<div class="test-event"> <font color="maroon"> <small> &emsp; &emsp;--- 22 Apr 12:22:55 104 - <b>1</b> - Spinner Load Wait: (Sync) - com.ssp.utils.WaitUtils.waitForSpinner(WaitUtils.java:130)</small> </font> </div>]]>
    </line>
    <line>
      <![CDATA[<div class="test-event"> <font color="maroon"> <small> &emsp; &emsp;--- 22 Apr 12:22:58 053 - <b>1</b> - Spinner Load Wait: (Sync) - com.ssp.utils.WaitUtils.waitForSpinner(WaitUtils.java:130)</small> </font> </div>]]>
    </line>
    <line>
      <![CDATA[<div class="test-message">&emsp;Clicked on button New quote Button]]>
    </line>
    <line>
      <![CDATA[<div class="test-event"> <font color="maroon"> <small> &emsp; &emsp;--- 22 Apr 12:22:58 120 - Page URL:: http://localhost/pure.portal/secure/maindetails.aspx?newquote=true</small> </font> </div>]]>
    </line>
    <line>
      <![CDATA[<div class="test-event"> <font color="maroon"> <small> &emsp; &emsp;--- 22 Apr 12:22:58 120 - <b>0</b> - Page Load Wait: (Sync) - com.ssp.utils.WaitUtils.waitForPageLoad(WaitUtils.java:318)</small> </font> </div>]]>
    </line>
    <line>
      <![CDATA[<div class="test-message">&emsp;Successfully navigated to PolicyHeader Page&emsp;</div>]]>
    </line>
    <line>
      <![CDATA[<div class="test-message">&emsp;Value of PolicyHeader_drpBusinessType_fieldLabel: ------->drpBusinessType</div>]]>
    </line>
    <line>
      <![CDATA[<div class="test-message">&emsp;Value of PolicyHeader_drpBusinessType_id: ------->drpBusinessType</div>]]>
    </line>
    <line>
      <![CDATA[<div class="test-message">&emsp;Value of PolicyHeader_drpBusinessType_pathType: ------->css</div>]]>
    </line>
    <line>
      <![CDATA[<div class="test-message">&emsp;Value of PolicyHeader_drpBusinessType_screenShot: ------->false</div>]]>
    </line>
    <line>
      <![CDATA[<div class="test-message">&emsp;Value of PolicyHeader_drpBusinessType_type: ------->select</div>]]>
    </line>
    <line>
      <![CDATA[<div class="test-event"> <font color="maroon"> <small> &emsp; &emsp;--- 22 Apr 12:22:58 276 - Element is displayed:: [[RemoteWebDriver: chrome on XP (c3fffea31b1872882a79b979c92b1525)] -> css selector: [name='ctl00_cntMainBody_POLICYHEADER__BUSINESSTYPE']]</small> </font> </div>]]>
    </line>
    <line>
      <![CDATA[<div class="test-message">&emsp;selected the dropdown drpBusinessType option : Direct Business]]>
    </line>
    <line>
      <![CDATA[<div class="test-message">&emsp;Value of PolicyHeader_spinnerWait_fieldLabel: ------->spinnerWait</div>]]>
    </line>
    <line>
      <![CDATA[<div class="test-message">&emsp;Value of PolicyHeader_spinnerWait_id: ------->spinner</div>]]>
    </line>
    <line>
      <![CDATA[<div class="test-message">&emsp;Value of PolicyHeader_spinnerWait_screenShot: ------->false</div>]]>
    </line>
    <line>
      <![CDATA[<div class="test-message">&emsp;Value of PolicyHeader_spinnerWait_type: ------->selectSpinner</div>]]>
    </line>
    <line>
      <![CDATA[<div class="test-event"> <font color="maroon"> <small> &emsp; &emsp;--- 22 Apr 12:22:59 521 - <b>1</b> - Spinner Load Wait: (Sync) - com.ssp.utils.WaitUtils.waitForSpinner(WaitUtils.java:130)</small> </font> </div>]]>
    </line>
    <line>
      <![CDATA[<div class="test-message">&emsp;Value of PolicyHeader_ClickLeadinsurer_fieldLabel: ------->ClickLeadinsurer</div>]]>
    </line>
    <line>
      <![CDATA[<div class="test-message">&emsp;Value of PolicyHeader_ClickLeadinsurer_id: ------->iconFindLeadInsurer</div>]]>
    </line>
    <line>
      <![CDATA[<div class="test-message">&emsp;Value of PolicyHeader_ClickLeadinsurer_pathType: ------->css</div>]]>
    </line>
    <line>
      <![CDATA[<div class="test-message">&emsp;Value of PolicyHeader_ClickLeadinsurer_screenShot: ------->false</div>]]>
    </line>
    <line>
      <![CDATA[<div class="test-message">&emsp;Value of PolicyHeader_ClickLeadinsurer_type: ------->Button</div>]]>
    </line>
    <line>
      <![CDATA[<div class="test-event"> <font color="maroon"> <small> &emsp; &emsp;--- 22 Apr 12:23:00 555 - <b>1</b> - Spinner Load Wait: (Sync) - com.ssp.utils.WaitUtils.waitForSpinner(WaitUtils.java:130)</small> </font> </div>]]>
    </line>
    <line>
      <![CDATA[<div class="test-event"> <font color="maroon"> <small> &emsp; &emsp;--- 22 Apr 12:23:01 716 - <b>1</b> - Spinner Load Wait: (Sync) - com.ssp.utils.WaitUtils.waitForSpinner(WaitUtils.java:130)</small> </font> </div>]]>
    </line>
    <line>
      <![CDATA[<div class="test-message">&emsp;Clicked on button ClickLeadinsurer]]>
    </line>
    <line>
      <![CDATA[<div class="test-message">&emsp;Value of PolicyHeader_Switch frame_fieldLabel: ------->Switch frame</div>]]>
    </line>
    <line>
      <![CDATA[<div class="test-message">&emsp;Value of PolicyHeader_Switch frame_id: ------->iframeIn</div>]]>
    </line>
    <line>
      <![CDATA[<div class="test-message">&emsp;Value of PolicyHeader_Switch frame_pathType: ------->css</div>]]>
    </line>
    <line>
      <![CDATA[<div class="test-message">&emsp;Value of PolicyHeader_Switch frame_screenShot: ------->false</div>]]>
    </line>
    <line>
      <![CDATA[<div class="test-message">&emsp;Value of PolicyHeader_Switch frame_type: ------->switchIframe</div>]]>
    </line>
    <line>
      <![CDATA[<div class="test-message">&emsp;Value of PolicyHeader_EnterReinsurerCode_fieldLabel: ------->EnterReinsurerCode</div>]]>
    </line>
    <line>
      <![CDATA[<div class="test-message">&emsp;Value of PolicyHeader_EnterReinsurerCode_id: ------->fldReinsurerCode</div>]]>
    </line>
    <line>
      <![CDATA[<div class="test-message">&emsp;Value of PolicyHeader_EnterReinsurerCode_pathType: ------->css</div>]]>
    </line>
    <line>
      <![CDATA[<div class="test-message">&emsp;Value of PolicyHeader_EnterReinsurerCode_screenShot: ------->false</div>]]>
    </line>
    <line>
      <![CDATA[<div class="test-message">&emsp;Value of PolicyHeader_EnterReinsurerCode_type: ------->textfield</div>]]>
    </line>
    <line>
      <![CDATA[<div class="test-event"> <font color="maroon"> <small> &emsp; &emsp;--- 22 Apr 12:23:02 833 - <b>1</b> - Spinner Load Wait: (Sync) - com.ssp.utils.WaitUtils.waitForSpinner(WaitUtils.java:130)</small> </font> </div>]]>
    </line>
    <line>
      <![CDATA[<div class="test-message">&emsp;Entered text inside EnterReinsurerCode : ABCTEC]]>
    </line>
    <line>
      <![CDATA[<div class="test-message">&emsp;Value of PolicyHeader_Click Search_fieldLabel: ------->Click Search</div>]]>
    </line>
    <line>
      <![CDATA[<div class="test-message">&emsp;Value of PolicyHeader_Click Search_id: ------->btnSearch</div>]]>
    </line>
    <line>
      <![CDATA[<div class="test-message">&emsp;Value of PolicyHeader_Click Search_pathType: ------->css</div>]]>
    </line>
    <line>
      <![CDATA[<div class="test-message">&emsp;Value of PolicyHeader_Click Search_screenShot: ------->false</div>]]>
    </line>
    <line>
      <![CDATA[<div class="test-message">&emsp;Value of PolicyHeader_Click Search_type: ------->Button</div>]]>
    </line>
    <line>
      <![CDATA[<div class="test-event"> <font color="maroon"> <small> &emsp; &emsp;--- 22 Apr 12:23:04 297 - <b>1</b> - Spinner Load Wait: (Sync) - com.ssp.utils.WaitUtils.waitForSpinner(WaitUtils.java:130)</small> </font> </div>]]>
    </line>
    <line>
      <![CDATA[<div class="test-event"> <font color="maroon"> <small> &emsp; &emsp;--- 22 Apr 12:23:05 813 - <b>1</b> - Spinner Load Wait: (Sync) - com.ssp.utils.WaitUtils.waitForSpinner(WaitUtils.java:130)</small> </font> </div>]]>
    </line>
    <line>
      <![CDATA[<div class="test-message">&emsp;Clicked on button Click Search]]>
    </line>
    <line>
      <![CDATA[<div class="test-message">&emsp;Value of PolicyHeader_Click Select_fieldLabel: ------->Click Select</div>]]>
    </line>
    <line>
      <![CDATA[<div class="test-message">&emsp;Value of PolicyHeader_Click Select_id: ------->btnSelect</div>]]>
    </line>
    <line>
      <![CDATA[<div class="test-message">&emsp;Value of PolicyHeader_Click Select_pathType: ------->css</div>]]>
    </line>
    <line>
      <![CDATA[<div class="test-message">&emsp;Value of PolicyHeader_Click Select_screenShot: ------->false</div>]]>
    </line>
    <line>
      <![CDATA[<div class="test-message">&emsp;Value of PolicyHeader_Click Select_type: ------->Button</div>]]>
    </line>
    <line>
      <![CDATA[<div class="test-event"> <font color="maroon"> <small> &emsp; &emsp;--- 22 Apr 12:23:06 846 - <b>1</b> - Spinner Load Wait: (Sync) - com.ssp.utils.WaitUtils.waitForSpinner(WaitUtils.java:130)</small> </font> </div>]]>
    </line>
    <line>
      <![CDATA[<div class="test-event"> <font color="maroon"> <small> &emsp; &emsp;--- 22 Apr 12:23:08 120 - <b>1</b> - Spinner Load Wait: (Sync) - com.ssp.utils.WaitUtils.waitForSpinner(WaitUtils.java:130)</small> </font> </div>]]>
    </line>
    <line>
      <![CDATA[<div class="test-message">&emsp;Clicked on button Click Select]]>
    </line>
    <line>
      <![CDATA[<div class="test-message">&emsp;Value of PolicyHeader_Switch to default content_fieldLabel: ------->Switch to default content</div>]]>
    </line>
    <line>
      <![CDATA[<div class="test-message">&emsp;Value of PolicyHeader_Switch to default content_id: -------></div>]]>
    </line>
    <line>
      <![CDATA[<div class="test-message">&emsp;Value of PolicyHeader_Switch to default content_pathType: ------->css</div>]]>
    </line>
    <line>
      <![CDATA[<div class="test-message">&emsp;Value of PolicyHeader_Switch to default content_screenShot: ------->false</div>]]>
    </line>
    <line>
      <![CDATA[<div class="test-message">&emsp;Value of PolicyHeader_Switch to default content_type: ------->returnIframe</div>]]>
    </line>
    <line>
      <![CDATA[<div class="test-message">&emsp;Value of PolicyHeader_Compliance tab_fieldLabel: ------->Compliance tab</div>]]>
    </line>
    <line>
      <![CDATA[<div class="test-message">&emsp;Value of PolicyHeader_Compliance tab_id: ------->tabCompliance</div>]]>
    </line>
    <line>
      <![CDATA[<div class="test-message">&emsp;Value of PolicyHeader_Compliance tab_pathType: ------->css</div>]]>
    </line>
    <line>
      <![CDATA[<div class="test-message">&emsp;Value of PolicyHeader_Compliance tab_screenShot: ------->false</div>]]>
    </line>
    <line>
      <![CDATA[<div class="test-message">&emsp;Value of PolicyHeader_Compliance tab_type: ------->link</div>]]>
    </line>
    <line>
      <![CDATA[<div class="test-event"> <font color="maroon"> <small> &emsp; &emsp;--- 22 Apr 12:23:08 263 - Element is displayed:: [[RemoteWebDriver: chrome on XP (c3fffea31b1872882a79b979c92b1525)] -> css selector: a[href='#tab-compliancedetails']]</small> </font> </div>]]>
    </line>
    <line>
      <![CDATA[<div class="test-message">&emsp;Link clicked Compliance tab : ]]>
    </line>
    <line>
      <![CDATA[<div class="test-message">&emsp;Value of PolicyHeader_CustomerCategory_fieldLabel: ------->CustomerCategory</div>]]>
    </line>
    <line>
      <![CDATA[<div class="test-message">&emsp;Value of PolicyHeader_CustomerCategory_id: ------->drpCustomerCategory</div>]]>
    </line>
    <line>
      <![CDATA[<div class="test-message">&emsp;Value of PolicyHeader_CustomerCategory_pathType: ------->css</div>]]>
    </line>
    <line>
      <![CDATA[<div class="test-message">&emsp;Value of PolicyHeader_CustomerCategory_screenShot: ------->false</div>]]>
    </line>
    <line>
      <![CDATA[<div class="test-message">&emsp;Value of PolicyHeader_CustomerCategory_type: ------->select</div>]]>
    </line>
    <line>
      <![CDATA[<div class="test-event"> <font color="maroon"> <small> &emsp; &emsp;--- 22 Apr 12:23:08 458 - Element is displayed:: [[RemoteWebDriver: chrome on XP (c3fffea31b1872882a79b979c92b1525)] -> css selector: #ctl00_cntMainBody_CUSTOMER_CATEGORY]</small> </font> </div>]]>
    </line>
    <line>
      <![CDATA[<div class="test-message">&emsp;selected the dropdown CustomerCategory option : Commercial]]>
    </line>
    <line>
      <![CDATA[<div class="test-message">&emsp;Value of PolicyHeader_MethodOfSale_fieldLabel: ------->MethodOfSale</div>]]>
    </line>
    <line>
      <![CDATA[<div class="test-message">&emsp;Value of PolicyHeader_MethodOfSale_id: ------->drpMethodOfSale</div>]]>
    </line>
    <line>
      <![CDATA[<div class="test-message">&emsp;Value of PolicyHeader_MethodOfSale_pathType: ------->css</div>]]>
    </line>
    <line>
      <![CDATA[<div class="test-message">&emsp;Value of PolicyHeader_MethodOfSale_screenShot: ------->false</div>]]>
    </line>
    <line>
      <![CDATA[<div class="test-message">&emsp;Value of PolicyHeader_MethodOfSale_type: ------->select</div>]]>
    </line>
    <line>
      <![CDATA[<div class="test-event"> <font color="maroon"> <small> &emsp; &emsp;--- 22 Apr 12:23:08 698 - Element is displayed:: [[RemoteWebDriver: chrome on XP (c3fffea31b1872882a79b979c92b1525)] -> css selector: #ctl00_cntMainBody_METHOD_OF_SALE]</small> </font> </div>]]>
    </line>
    <line>
      <![CDATA[<div class="test-message">&emsp;selected the dropdown MethodOfSale option : Non Distance]]>
    </line>
    <line>
      <![CDATA[<div class="test-message">&emsp;Value of PolicyHeader_TermAgreed_fieldLabel: ------->TermAgreed</div>]]>
    </line>
    <line>
      <![CDATA[<div class="test-message">&emsp;Value of PolicyHeader_TermAgreed_id: ------->drpTermAgreed</div>]]>
    </line>
    <line>
      <![CDATA[<div class="test-message">&emsp;Value of PolicyHeader_TermAgreed_pathType: ------->css</div>]]>
    </line>
    <line>
      <![CDATA[<div class="test-message">&emsp;Value of PolicyHeader_TermAgreed_screenShot: ------->false</div>]]>
    </line>
    <line>
      <![CDATA[<div class="test-message">&emsp;Value of PolicyHeader_TermAgreed_type: ------->select</div>]]>
    </line>
    <line>
      <![CDATA[<div class="test-event"> <font color="maroon"> <small> &emsp; &emsp;--- 22 Apr 12:23:08 987 - Element is displayed:: [[RemoteWebDriver: chrome on XP (c3fffea31b1872882a79b979c92b1525)] -> css selector: select#ctl00_cntMainBody_ddlTermsAgreed]</small> </font> </div>]]>
    </line>
    <line>
      <![CDATA[<div class="test-message">&emsp;selected the dropdown TermAgreed option : No]]>
    </line>
    <line>
      <![CDATA[<div class="test-message">&emsp;Value of PolicyHeader_TypeOfSale_fieldLabel: ------->TypeOfSale</div>]]>
    </line>
    <line>
      <![CDATA[<div class="test-message">&emsp;Value of PolicyHeader_TypeOfSale_id: ------->drpTypeOfSale</div>]]>
    </line>
    <line>
      <![CDATA[<div class="test-message">&emsp;Value of PolicyHeader_TypeOfSale_pathType: ------->css</div>]]>
    </line>
    <line>
      <![CDATA[<div class="test-message">&emsp;Value of PolicyHeader_TypeOfSale_screenShot: ------->false</div>]]>
    </line>
    <line>
      <![CDATA[<div class="test-message">&emsp;Value of PolicyHeader_TypeOfSale_type: ------->select</div>]]>
    </line>
    <line>
      <![CDATA[<div class="test-event"> <font color="maroon"> <small> &emsp; &emsp;--- 22 Apr 12:23:09 301 - Element is displayed:: [[RemoteWebDriver: chrome on XP (c3fffea31b1872882a79b979c92b1525)] -> css selector: #ctl00_cntMainBody_TYPE_OF_SALE]</small> </font> </div>]]>
    </line>
    <line>
      <![CDATA[<div class="test-message">&emsp;selected the dropdown TypeOfSale option : Advised]]>
    </line>
    <line>
      <![CDATA[<div class="test-message">&emsp;Value of PolicyHeader_UnderWriter_fieldLabel: ------->UnderWriter</div>]]>
    </line>
    <line>
      <![CDATA[<div class="test-message">&emsp;Value of PolicyHeader_UnderWriter_id: ------->fldUnderWriter</div>]]>
    </line>
    <line>
      <![CDATA[<div class="test-message">&emsp;Value of PolicyHeader_UnderWriter_pathType: ------->css</div>]]>
    </line>
    <line>
      <![CDATA[<div class="test-message">&emsp;Value of PolicyHeader_UnderWriter_screenShot: ------->true</div>]]>
    </line>
    <line>
      <![CDATA[<div class="test-message">&emsp;Value of PolicyHeader_UnderWriter_type: ------->textfield</div>]]>
    </line>
    <line>
      <![CDATA[<div class="test-event"> <font color="maroon"> <small> &emsp; &emsp;--- 22 Apr 12:23:10 497 - <b>1</b> - Spinner Load Wait: (Sync) - com.ssp.utils.WaitUtils.waitForSpinner(WaitUtils.java:130)</small> </font> </div>]]>
    </line>
    <line>
      <![CDATA[<div class="test-message">&emsp;Entered text inside UnderWriter : Test&emsp;<a href=".\ScreenShot\TC_6636_6716_MMVP-Login_16.png" target="_blank" >[ScreenShot]</a></div>]]>
    </line>
    <line>
      <![CDATA[<div class="test-message">&emsp;Value of PolicyHeader_NextButton_fieldLabel: ------->NextButton</div>]]>
    </line>
    <line>
      <![CDATA[<div class="test-message">&emsp;Value of PolicyHeader_NextButton_id: ------->btnNext</div>]]>
    </line>
    <line>
      <![CDATA[<div class="test-message">&emsp;Value of PolicyHeader_NextButton_pathType: ------->css</div>]]>
    </line>
    <line>
      <![CDATA[<div class="test-message">&emsp;Value of PolicyHeader_NextButton_screenShot: ------->false</div>]]>
    </line>
    <line>
      <![CDATA[<div class="test-message">&emsp;Value of PolicyHeader_NextButton_type: ------->Button</div>]]>
    </line>
    <line>
      <![CDATA[<div class="test-event"> <font color="maroon"> <small> &emsp; &emsp;--- 22 Apr 12:23:13 380 - <b>1</b> - Spinner Load Wait: (Sync) - com.ssp.utils.WaitUtils.waitForSpinner(WaitUtils.java:130)</small> </font> </div>]]>
    </line>
    <line>
      <![CDATA[<div class="test-event"> <font color="maroon"> <small> &emsp; &emsp;--- 22 Apr 12:23:17 152 - <b>1</b> - Spinner Load Wait: (Sync) - com.ssp.utils.WaitUtils.waitForSpinner(WaitUtils.java:130)</small> </font> </div>]]>
    </line>
    <line>
      <![CDATA[<div class="test-message">&emsp;Clicked on button NextButton]]>
    </line>
    <line>
      <![CDATA[<div class="test-message">&emsp;Value of PolicyHeader_spinnerWait_fieldLabel: ------->spinnerWait</div>]]>
    </line>
    <line>
      <![CDATA[<div class="test-message">&emsp;Value of PolicyHeader_spinnerWait_id: ------->spinner</div>]]>
    </line>
    <line>
      <![CDATA[<div class="test-message">&emsp;Value of PolicyHeader_spinnerWait_screenShot: ------->false</div>]]>
    </line>
    <line>
      <![CDATA[<div class="test-message">&emsp;Value of PolicyHeader_spinnerWait_type: ------->selectSpinner</div>]]>
    </line>
    <line>
      <![CDATA[<div class="test-event"> <font color="maroon"> <small> &emsp; &emsp;--- 22 Apr 12:23:18 185 - <b>1</b> - Spinner Load Wait: (Sync) - com.ssp.utils.WaitUtils.waitForSpinner(WaitUtils.java:130)</small> </font> </div>]]>
    </line>
    <line>
      <![CDATA[<div class="test-message">&emsp;Value of PolicyHeader_Insured_General_GuestHouse_fieldLabel: ------->Insured_General_GuestHouse</div>]]>
    </line>
    <line>
      <![CDATA[<div class="test-message">&emsp;Value of PolicyHeader_Insured_General_GuestHouse_id: ------->fieldInsuredGeneralGuestHouse</div>]]>
    </line>
    <line>
      <![CDATA[<div class="test-message">&emsp;Value of PolicyHeader_Insured_General_GuestHouse_pathType: ------->css</div>]]>
    </line>
    <line>
      <![CDATA[<div class="test-message">&emsp;Value of PolicyHeader_Insured_General_GuestHouse_screenShot: ------->false</div>]]>
    </line>
    <line>
      <![CDATA[<div class="test-message">&emsp;Value of PolicyHeader_Insured_General_GuestHouse_type: ------->textfield</div>]]>
    </line>
    <line>
      <![CDATA[<div class="test-event"> <font color="maroon"> <small> &emsp; &emsp;--- 22 Apr 12:23:19 218 - <b>1</b> - Spinner Load Wait: (Sync) - com.ssp.utils.WaitUtils.waitForSpinner(WaitUtils.java:130)</small> </font> </div>]]>
    </line>
    <line>
      <![CDATA[<div class="test-message">&emsp;Entered text inside Insured_General_GuestHouse : Test]]>
    </line>
    <line>
      <![CDATA[<div class="test-message">&emsp;Value of PolicyHeader_TradingName_General_GuestHouse_fieldLabel: ------->TradingName_General_GuestHouse</div>]]>
    </line>
    <line>
      <![CDATA[<div class="test-message">&emsp;Value of PolicyHeader_TradingName_General_GuestHouse_id: ------->fieldTradingNameGeneralGuestHouse</div>]]>
    </line>
    <line>
      <![CDATA[<div class="test-message">&emsp;Value of PolicyHeader_TradingName_General_GuestHouse_pathType: ------->css</div>]]>
    </line>
    <line>
      <![CDATA[<div class="test-message">&emsp;Value of PolicyHeader_TradingName_General_GuestHouse_screenShot: ------->false</div>]]>
    </line>
    <line>
      <![CDATA[<div class="test-message">&emsp;Value of PolicyHeader_TradingName_General_GuestHouse_type: ------->textfield</div>]]>
    </line>
    <line>
      <![CDATA[<div class="test-event"> <font color="maroon"> <small> &emsp; &emsp;--- 22 Apr 12:23:20 568 - <b>1</b> - Spinner Load Wait: (Sync) - com.ssp.utils.WaitUtils.waitForSpinner(WaitUtils.java:130)</small> </font> </div>]]>
    </line>
    <line>
      <![CDATA[<div class="test-message">&emsp;Entered text inside TradingName_General_GuestHouse : Test123]]>
    </line>
    <line>
      <![CDATA[<div class="test-message">&emsp;Value of PolicyHeader_ContactName_General_GuestHouse_fieldLabel: ------->ContactName_General_GuestHouse</div>]]>
    </line>
    <line>
      <![CDATA[<div class="test-message">&emsp;Value of PolicyHeader_ContactName_General_GuestHouse_id: ------->fieldContactNameGeneralGuestHouse</div>]]>
    </line>
    <line>
[...]
            </line>
            <line>
              <![CDATA[<div class="test-event"> <font color="maroon"> <small> &emsp; &emsp;--- 22 Apr 12:26:23 178 - Element is displayed:: [[RemoteWebDriver: chrome on XP (c3fffea31b1872882a79b979c92b1525)] -> css selector: #ctl00_cntMainBody_UpdDocRefTransaction [class='grid-card table-responsive no-margin'] th]</small> </font> </div>]]>
            </line>
            <line>
              <![CDATA[<div class="test-event"> <font color="maroon"> <small> &emsp; &emsp;--- 22 Apr 12:26:23 308 - Element is displayed:: [[RemoteWebDriver: chrome on XP (c3fffea31b1872882a79b979c92b1525)] -> css selector: #ctl00_cntMainBody_UpdDocRefTransaction [class='grid-card table-responsive no-margin'] th]</small> </font> </div>]]>
            </line>
            <line>
              <![CDATA[<div class="test-event"> <font color="maroon"> <small> &emsp; &emsp;--- 22 Apr 12:26:23 440 - Element is displayed:: [[RemoteWebDriver: chrome on XP (c3fffea31b1872882a79b979c92b1525)] -> css selector: #ctl00_cntMainBody_UpdDocRefTransaction [class='grid-card table-responsive no-margin'] th]</small> </font> </div>]]>
            </line>
            <line>
              <![CDATA[<div class="test-event"> <font color="maroon"> <small> &emsp; &emsp;--- 22 Apr 12:26:23 577 - Element is displayed:: [[RemoteWebDriver: chrome on XP (c3fffea31b1872882a79b979c92b1525)] -> css selector: #ctl00_cntMainBody_UpdDocRefTransaction [class='grid-card table-responsive no-margin'] th]</small> </font> </div>]]>
            </line>
            <line>
              <![CDATA[<div class="test-message">&emsp;All the columns are present&emsp;<a href=".\ScreenShot\TC_6636_6716_MMVP-Login_31.png" target="_blank" >[ScreenShot]</a></div>]]>
            </line>
            <line>
              <![CDATA[<div class="test-message">&emsp;Value of SearchTransactions_ellipsis link_fieldLabel: ------->ellipsis link</div>]]>
            </line>
            <line>
              <![CDATA[<div class="test-message">&emsp;Value of SearchTransactions_ellipsis link_id: ------->actionMenu</div>]]>
            </line>
            <line>
              <![CDATA[<div class="test-message">&emsp;Value of SearchTransactions_ellipsis link_pathType: ------->css</div>]]>
            </line>
            <line>
              <![CDATA[<div class="test-message">&emsp;Value of SearchTransactions_ellipsis link_screenShot: ------->false</div>]]>
            </line>
            <line>
              <![CDATA[<div class="test-message">&emsp;Value of SearchTransactions_ellipsis link_type: ------->Button</div>]]>
            </line>
            <line>
              <![CDATA[<div class="test-event"> <font color="maroon"> <small> &emsp; &emsp;--- 22 Apr 12:26:27 975 - <b>1</b> - Spinner Load Wait: (Sync) - com.ssp.utils.WaitUtils.waitForSpinner(WaitUtils.java:130)</small> </font> </div>]]>
            </line>
            <line>
              <![CDATA[<div class="test-event"> <font color="maroon"> <small> &emsp; &emsp;--- 22 Apr 12:26:29 114 - <b>1</b> - Spinner Load Wait: (Sync) - com.ssp.utils.WaitUtils.waitForSpinner(WaitUtils.java:130)</small> </font> </div>]]>
            </line>
            <line>
              <![CDATA[<div class="test-message">&emsp;Clicked on button ellipsis link]]>
            </line>
            <line>
              <![CDATA[<div class="test-message">&emsp;Value of SearchTransactions_Collapse link_fieldLabel: ------->Collapse link</div>]]>
            </line>
            <line>
              <![CDATA[<div class="test-message">&emsp;Value of SearchTransactions_Collapse link_id: ------->lnkCollapse1stRow</div>]]>
            </line>
            <line>
              <![CDATA[<div class="test-message">&emsp;Value of SearchTransactions_Collapse link_pathType: ------->css</div>]]>
            </line>
            <line>
              <![CDATA[<div class="test-message">&emsp;Value of SearchTransactions_Collapse link_screenShot: ------->true</div>]]>
            </line>
            <line>
              <![CDATA[<div class="test-message">&emsp;Value of SearchTransactions_Collapse link_type: ------->Button</div>]]>
            </line>
            <line>
              <![CDATA[<div class="test-event"> <font color="maroon"> <small> &emsp; &emsp;--- 22 Apr 12:26:30 143 - <b>1</b> - Spinner Load Wait: (Sync) - com.ssp.utils.WaitUtils.waitForSpinner(WaitUtils.java:130)</small> </font> </div>]]>
            </line>
            <line>
              <![CDATA[<div class="test-event"> <font color="maroon"> <small> &emsp; &emsp;--- 22 Apr 12:26:31 304 - <b>1</b> - Spinner Load Wait: (Sync) - com.ssp.utils.WaitUtils.waitForSpinner(WaitUtils.java:130)</small> </font> </div>]]>
            </line>
            <line>
              <![CDATA[<div class="test-message">&emsp;Clicked on button Collapse link&emsp;<a href=".\ScreenShot\TC_6636_6716_MMVP-Login_32.png" target="_blank" >[ScreenShot]</a></div>]]>
            </line>
            <line>
              <![CDATA[<div class="test-message">&emsp;Value of SearchTransactions__fieldLabel: -------></div>]]>
            </line>
            <line>
              <![CDATA[<div class="test-message">&emsp;Value of SearchTransactions__id: -------></div>]]>
            </line>
            <line>
              <![CDATA[<div class="test-message">&emsp;Value of SearchTransactions__pathType: -------></div>]]>
            </line>
            <line>
              <![CDATA[<div class="test-message">&emsp;Value of SearchTransactions__screenShot: ------->false</div>]]>
            </line>
            <line>
              <![CDATA[<div class="test-message">&emsp;Value of SearchTransactions__type: ------->selectSpinner</div>]]>
            </line>
            <line>
              <![CDATA[<div class="test-event"> <font color="maroon"> <small> &emsp; &emsp;--- 22 Apr 12:26:33 279 - <b>1</b> - Spinner Load Wait: (Sync) - com.ssp.utils.WaitUtils.waitForSpinner(WaitUtils.java:130)</small> </font> </div>]]>
            </line>
            <line>
              <![CDATA[<div class="test-message">&emsp;Value of SearchTransactions_Account Details_fieldLabel: ------->Account Details</div>]]>
            </line>
            <line>
              <![CDATA[<div class="test-message">&emsp;Value of SearchTransactions_Account Details_id: ------->tabAccountDetails</div>]]>
            </line>
            <line>
              <![CDATA[<div class="test-message">&emsp;Value of SearchTransactions_Account Details_pathType: ------->css</div>]]>
            </line>
            <line>
              <![CDATA[<div class="test-message">&emsp;Value of SearchTransactions_Account Details_screenShot: ------->false</div>]]>
            </line>
            <line>
              <![CDATA[<div class="test-message">&emsp;Value of SearchTransactions_Account Details_type: ------->Button</div>]]>
            </line>
            <line>
              <![CDATA[<div class="test-event"> <font color="maroon"> <small> &emsp; &emsp;--- 22 Apr 12:26:34 307 - <b>1</b> - Spinner Load Wait: (Sync) - com.ssp.utils.WaitUtils.waitForSpinner(WaitUtils.java:130)</small> </font> </div>]]>
            </line>
            <line>
              <![CDATA[<div class="test-event"> <font color="maroon"> <small> &emsp; &emsp;--- 22 Apr 12:26:35 438 - <b>1</b> - Spinner Load Wait: (Sync) - com.ssp.utils.WaitUtils.waitForSpinner(WaitUtils.java:130)</small> </font> </div>]]>
            </line>
            <line>
              <![CDATA[<div class="test-message">&emsp;Clicked on button Account Details]]>
            </line>
            <line>
              <![CDATA[<div class="test-message">&emsp;Value of SearchTransactions_Company Code_fieldLabel: ------->Company Code</div>]]>
            </line>
            <line>
              <![CDATA[<div class="test-message">&emsp;Value of SearchTransactions_Company Code_id: ------->fldAccountCode</div>]]>
            </line>
            <line>
              <![CDATA[<div class="test-message">&emsp;Value of SearchTransactions_Company Code_inputType: ------->alphanumeric</div>]]>
            </line>
            <line>
              <![CDATA[<div class="test-message">&emsp;Value of SearchTransactions_Company Code_pathType: ------->css</div>]]>
            </line>
            <line>
              <![CDATA[<div class="test-message">&emsp;Value of SearchTransactions_Company Code_screenShot: ------->true</div>]]>
            </line>
            <line>
              <![CDATA[<div class="test-message">&emsp;Value of SearchTransactions_Company Code_type: ------->textfield</div>]]>
            </line>
            <line>
              <![CDATA[<div class="test-event"> <font color="maroon"> <small> &emsp; &emsp;--- 22 Apr 12:26:36 466 - <b>1</b> - Spinner Load Wait: (Sync) - com.ssp.utils.WaitUtils.waitForSpinner(WaitUtils.java:130)</small> </font> </div>]]>
            </line>
            <line>
              <![CDATA[<div class="test-message">&emsp;Entered text inside Company Code : SSPTESTINGP140&emsp;<a href=".\ScreenShot\TC_6636_6716_MMVP-Login_33.png" target="_blank" >[ScreenShot]</a></div>]]>
            </line>
            <line>
              <![CDATA[<div class="test-message">&emsp;Value of SearchTransactions_Find_fieldLabel: ------->Find</div>]]>
            </line>
            <line>
              <![CDATA[<div class="test-message">&emsp;Value of SearchTransactions_Find_id: ------->btnFind</div>]]>
            </line>
            <line>
              <![CDATA[<div class="test-message">&emsp;Value of SearchTransactions_Find_pathType: ------->css</div>]]>
            </line>
            <line>
              <![CDATA[<div class="test-message">&emsp;Value of SearchTransactions_Find_screenShot: ------->false</div>]]>
            </line>
            <line>
              <![CDATA[<div class="test-message">&emsp;Value of SearchTransactions_Find_type: ------->Button</div>]]>
            </line>
            <line>
              <![CDATA[<div class="test-event"> <font color="maroon"> <small> &emsp; &emsp;--- 22 Apr 12:26:39 839 - <b>1</b> - Spinner Load Wait: (Sync) - com.ssp.utils.WaitUtils.waitForSpinner(WaitUtils.java:130)</small> </font> </div>]]>
            </line>
            <line>
              <![CDATA[<div class="test-event"> <font color="maroon"> <small> &emsp; &emsp;--- 22 Apr 12:26:41 004 - <b>1</b> - Spinner Load Wait: (Sync) - com.ssp.utils.WaitUtils.waitForSpinner(WaitUtils.java:130)</small> </font> </div>]]>
            </line>
            <line>
              <![CDATA[<div class="test-message">&emsp;Clicked on button Find]]>
            </line>
            <line>
              <![CDATA[<div class="test-message">&emsp;Value of SearchTransactions_ellipsis link_fieldLabel: ------->ellipsis link</div>]]>
            </line>
            <line>
              <![CDATA[<div class="test-message">&emsp;Value of SearchTransactions_ellipsis link_id: ------->actionMenu</div>]]>
            </line>
            <line>
              <![CDATA[<div class="test-message">&emsp;Value of SearchTransactions_ellipsis link_pathType: ------->css</div>]]>
            </line>
            <line>
              <![CDATA[<div class="test-message">&emsp;Value of SearchTransactions_ellipsis link_screenShot: ------->false</div>]]>
            </line>
            <line>
              <![CDATA[<div class="test-message">&emsp;Value of SearchTransactions_ellipsis link_type: ------->Button</div>]]>
            </line>
            <line>
              <![CDATA[<div class="test-event"> <font color="maroon"> <small> &emsp; &emsp;--- 22 Apr 12:26:42 032 - <b>1</b> - Spinner Load Wait: (Sync) - com.ssp.utils.WaitUtils.waitForSpinner(WaitUtils.java:130)</small> </font> </div>]]>
            </line>
            <line>
              <![CDATA[<div class="test-event"> <font color="maroon"> <small> &emsp; &emsp;--- 22 Apr 12:26:43 150 - <b>1</b> - Spinner Load Wait: (Sync) - com.ssp.utils.WaitUtils.waitForSpinner(WaitUtils.java:130)</small> </font> </div>]]>
            </line>
            <line>
              <![CDATA[<div class="test-message">&emsp;Clicked on button ellipsis link]]>
            </line>
            <line>
              <![CDATA[<div class="test-message">&emsp;Value of SearchTransactions_Expand link_fieldLabel: ------->Expand link</div>]]>
            </line>
            <line>
              <![CDATA[<div class="test-message">&emsp;Value of SearchTransactions_Expand link_id: ------->lnkExpand1stRow</div>]]>
            </line>
            <line>
              <![CDATA[<div class="test-message">&emsp;Value of SearchTransactions_Expand link_pathType: ------->css</div>]]>
            </line>
            <line>
              <![CDATA[<div class="test-message">&emsp;Value of SearchTransactions_Expand link_screenShot: ------->false</div>]]>
            </line>
            <line>
              <![CDATA[<div class="test-message">&emsp;Value of SearchTransactions_Expand link_type: ------->Button</div>]]>
            </line>
            <line>
              <![CDATA[<div class="test-event"> <font color="maroon"> <small> &emsp; &emsp;--- 22 Apr 12:26:44 180 - <b>1</b> - Spinner Load Wait: (Sync) - com.ssp.utils.WaitUtils.waitForSpinner(WaitUtils.java:130)</small> </font> </div>]]>
            </line>
            <line>
              <![CDATA[<div class="test-event"> <font color="maroon"> <small> &emsp; &emsp;--- 22 Apr 12:26:45 552 - <b>1</b> - Spinner Load Wait: (Sync) - com.ssp.utils.WaitUtils.waitForSpinner(WaitUtils.java:130)</small> </font> </div>]]>
            </line>
            <line>
              <![CDATA[<div class="test-message">&emsp;Clicked on button Expand link]]>
            </line>
            <line>
              <![CDATA[<div class="test-message">&emsp;Value of SearchTransactions__fieldLabel: -------></div>]]>
            </line>
            <line>
              <![CDATA[<div class="test-message">&emsp;Value of SearchTransactions__id: -------></div>]]>
            </line>
            <line>
              <![CDATA[<div class="test-message">&emsp;Value of SearchTransactions__pathType: -------></div>]]>
            </line>
            <line>
              <![CDATA[<div class="test-message">&emsp;Value of SearchTransactions__screenShot: ------->false</div>]]>
            </line>
            <line>
              <![CDATA[<div class="test-message">&emsp;Value of SearchTransactions__type: ------->selectSpinner</div>]]>
            </line>
            <line>
              <![CDATA[<div class="test-event"> <font color="maroon"> <small> &emsp; &emsp;--- 22 Apr 12:26:46 578 - <b>1</b> - Spinner Load Wait: (Sync) - com.ssp.utils.WaitUtils.waitForSpinner(WaitUtils.java:130)</small> </font> </div>]]>
            </line>
            <line>
              <![CDATA[<div class="test-message">&emsp;Value of SearchTransactions_Checked label Name of Expand Columns of client account in Search Transaction_errorMessage: ------->All the columns are not present</div>]]>
            </line>
            <line>
              <![CDATA[<div class="test-message">&emsp;Value of SearchTransactions_Checked label Name of Expand Columns of client account in Search Transaction_fieldLabel: ------->Checked label Name of Expand Columns of client account in Search Transaction</div>]]>
            </line>
            <line>
              <![CDATA[<div class="test-message">&emsp;Value of SearchTransactions_Checked label Name of Expand Columns of client account in Search Transaction_id: ------->allColumnsExpand</div>]]>
            </line>
            <line>
              <![CDATA[<div class="test-message">&emsp;Value of SearchTransactions_Checked label Name of Expand Columns of client account in Search Transaction_pathType: ------->css</div>]]>
            </line>
            <line>
              <![CDATA[<div class="test-message">&emsp;Value of SearchTransactions_Checked label Name of Expand Columns of client account in Search Transaction_screenShot: ------->true</div>]]>
            </line>
            <line>
              <![CDATA[<div class="test-message">&emsp;Value of SearchTransactions_Checked label Name of Expand Columns of client account in Search Transaction_type: ------->assertOrderedListTextEquals</div>]]>
            </line>
            <line>
              <![CDATA[<div class="test-message">&emsp;Value of SearchTransactions_Checked label Name of Expand Columns of client account in Search Transaction_validMessage: ------->All the columns are present</div>]]>
            </line>
            <line>
              <![CDATA[<div class="test-event"> <font color="maroon"> <small> &emsp; &emsp;--- 22 Apr 12:26:46 675 - Element is displayed:: [[RemoteWebDriver: chrome on XP (c3fffea31b1872882a79b979c92b1525)] -> css selector: #ctl00_cntMainBody_UpdDocRefTransaction [class='grid-card table-responsive no-margin'] th]</small> </font> </div>]]>
            </line>
            <line>
              <![CDATA[<div class="test-event"> <font color="maroon"> <small> &emsp; &emsp;--- 22 Apr 12:26:46 797 - Element is displayed:: [[RemoteWebDriver: chrome on XP (c3fffea31b1872882a79b979c92b1525)] -> css selector: #ctl00_cntMainBody_UpdDocRefTransaction [class='grid-card table-responsive no-margin'] th]</small> </font> </div>]]>
            </line>
            <line>
              <![CDATA[<div class="test-event"> <font color="maroon"> <small> &emsp; &emsp;--- 22 Apr 12:26:46 937 - Element is displayed:: [[RemoteWebDriver: chrome on XP (c3fffea31b1872882a79b979c92b1525)] -> css selector: #ctl00_cntMainBody_UpdDocRefTransaction [class='grid-card table-responsive no-margin'] th]</small> </font> </div>]]>
            </line>
            <line>
              <![CDATA[<div class="test-event"> <font color="maroon"> <small> &emsp; &emsp;--- 22 Apr 12:26:47 054 - Element is displayed:: [[RemoteWebDriver: chrome on XP (c3fffea31b1872882a79b979c92b1525)] -> css selector: #ctl00_cntMainBody_UpdDocRefTransaction [class='grid-card table-responsive no-margin'] th]</small> </font> </div>]]>
            </line>
            <line>
              <![CDATA[<div class="test-event"> <font color="maroon"> <small> &emsp; &emsp;--- 22 Apr 12:26:47 184 - Element is displayed:: [[RemoteWebDriver: chrome on XP (c3fffea31b1872882a79b979c92b1525)] -> css selector: #ctl00_cntMainBody_UpdDocRefTransaction [class='grid-card table-responsive no-margin'] th]</small> </font> </div>]]>
            </line>
            <line>
              <![CDATA[<div class="test-message">&emsp;All the columns are present&emsp;<a href=".\ScreenShot\TC_6636_6716_MMVP-Login_35.png" target="_blank" >[ScreenShot]</a></div>]]>
            </line>
            <line>
              <![CDATA[<div class="test-message">&emsp;<--------------------- Iteration 0 is ended -----------------------></div>]]>
            </line>
            <line>
              <![CDATA[<div class="test-result"><br><font color="green"><strong> Test Passed. </strong></font> </div>&emsp;]]>
            </line>
          </reporter-output>
        </test-method> <!-- TC_6636_6716 -->
        <test-method status="PASS" signature="closeBrowser()[pri:0, instance:com.ssp.regression.insurer.testscripts.US_6636@35d176f7]" name="closeBrowser" is-config="true" duration-ms="75" started-at="2019-04-22T12:26:50Z" finished-at="2019-04-22T12:26:50Z">
          <reporter-output>
          </reporter-output>
        </test-method> <!-- closeBrowser -->
        <test-method status="PASS" signature="afterSuite()[pri:0, instance:com.ssp.regression.insurer.testscripts.US_6636@35d176f7]" name="afterSuite" is-config="true" duration-ms="2367" started-at="2019-04-22T12:26:50Z" finished-at="2019-04-22T12:26:53Z">
          <reporter-output>
          </reporter-output>
        </test-method> <!-- afterSuite -->
      </class> <!-- com.ssp.regression.insurer.testscripts.US_6636 -->
    </test> <!-- MMVP-Login -->
  </suite> <!-- SIAAS_Regression -->
</testng-results>
